Log file open, 09/05/20 22:02:43
LogInit: Display: Running engine for game: creativejam
LogPlatformFile: Not using cached read wrapper
LogTaskGraph: Started task graph with 5 named threads and 35 total threads with 3 sets of task threads.
LogStats: Stats thread started at 0.231670
LogD3D11RHI: Loaded GFSDK_Aftermath_Lib.x64.dll
LogICUInternationalization: ICU TimeZone Detection - Raw Offset: -5:00, Platform Override: ''
LogPluginManager: Mounting plugin Paper2D
LogPluginManager: Mounting plugin AISupport
LogPluginManager: Mounting plugin LightPropagationVolume
LogPluginManager: Mounting plugin CameraShakePreviewer
LogPluginManager: Mounting plugin ActorLayerUtilities
LogPluginManager: Mounting plugin AnimationSharing
LogPluginManager: Mounting plugin CLionSourceCodeAccess
LogPluginManager: Mounting plugin CodeLiteSourceCodeAccess
LogPluginManager: Mounting plugin GitSourceControl
LogPluginManager: Mounting plugin KDevelopSourceCodeAccess
LogPluginManager: Mounting plugin NullSourceCodeAccess
LogPluginManager: Mounting plugin PerforceSourceControl
LogPluginManager: Mounting plugin PlasticSourceControl
LogPluginManager: Mounting plugin RiderSourceCodeAccess
LogPluginManager: Mounting plugin SubversionSourceControl
LogPluginManager: Mounting plugin UObjectPlugin
LogPluginManager: Mounting plugin VisualStudioCodeSourceCodeAccess
LogPluginManager: Mounting plugin VisualStudioSourceCodeAccess
LogPluginManager: Mounting plugin XCodeSourceCodeAccess
LogPluginManager: Mounting plugin AssetManagerEditor
LogPluginManager: Mounting plugin CryptoKeys
LogPluginManager: Mounting plugin CurveEditorTools
LogPluginManager: Mounting plugin DataValidation
LogPluginManager: Mounting plugin EditorScriptingUtilities
LogPluginManager: Mounting plugin FacialAnimation
LogPluginManager: Mounting plugin GameplayTagsEditor
LogPluginManager: Mounting plugin GeometryMode
LogPluginManager: Mounting plugin MacGraphicsSwitching
LogPluginManager: Mounting plugin MaterialAnalyzer
LogPluginManager: Mounting plugin MobileLauncherProfileWizard
LogPluginManager: Mounting plugin PluginBrowser
LogPluginManager: Mounting plugin SpeedTreeImporter
LogPluginManager: Mounting plugin DatasmithContent
LogPluginManager: Mounting plugin VariantManagerContent
LogPluginManager: Mounting plugin AlembicImporter
LogPluginManager: Mounting plugin AutomationUtils
LogPluginManager: Mounting plugin BackChannel
LogPluginManager: Mounting plugin ChaosCloth
LogPluginManager: Mounting plugin ChaosClothEditor
LogPluginManager: Mounting plugin ChaosEditor
LogPluginManager: Mounting plugin ChaosNiagara
LogPluginManager: Mounting plugin ChaosSolverPlugin
LogPluginManager: Mounting plugin CharacterAI
LogPluginManager: Mounting plugin GeometryCache
LogPluginManager: Mounting plugin GeometryCollectionPlugin
LogPluginManager: Mounting plugin GeometryProcessing
LogPluginManager: Mounting plugin PlanarCut
LogPluginManager: Mounting plugin PlatformCrypto
LogPluginManager: Mounting plugin ProxyLODPlugin
LogPluginManager: Mounting plugin SkeletalReduction
LogPluginManager: Mounting plugin Niagara
LogPluginManager: Mounting plugin MagicLeap
LogPluginManager: Mounting plugin MagicLeapLightEstimation
LogPluginManager: Mounting plugin MagicLeapMedia
LogPluginManager: Mounting plugin MagicLeapPassableWorld
LogPluginManager: Mounting plugin MLSDK
LogPluginManager: Mounting plugin AndroidMedia
LogPluginManager: Mounting plugin AvfMedia
LogPluginManager: Mounting plugin ImgMedia
LogPluginManager: Mounting plugin MediaCompositing
LogPluginManager: Mounting plugin MediaPlayerEditor
LogPluginManager: Mounting plugin WebMMedia
LogPluginManager: Mounting plugin WmfMedia
LogPluginManager: Mounting plugin MeshPainting
LogPluginManager: Mounting plugin TcpMessaging
LogPluginManager: Mounting plugin UdpMessaging
LogPluginManager: Mounting plugin ActorSequence
LogPluginManager: Mounting plugin LevelSequenceEditor
LogPluginManager: Mounting plugin MatineeToLevelSequence
LogPluginManager: Mounting plugin MovieRenderPipeline
LogPluginManager: Mounting plugin TemplateSequence
LogPluginManager: Mounting plugin NetcodeUnitTest
LogPluginManager: Mounting plugin NUTUnrealEngine4
LogPluginManager: Mounting plugin OnlineSubsystemGooglePlay
LogPluginManager: Mounting plugin OnlineSubsystemIOS
LogPluginManager: Mounting plugin OnlineSubsystem
LogPluginManager: Mounting plugin OnlineSubsystemNull
LogPluginManager: Mounting plugin OnlineSubsystemUtils
LogPluginManager: Mounting plugin LauncherChunkInstaller
LogPluginManager: Mounting plugin AndroidDeviceProfileSelector
LogPluginManager: Mounting plugin AndroidMoviePlayer
LogPluginManager: Mounting plugin AndroidPermission
LogPluginManager: Mounting plugin AppleImageUtils
LogPluginManager: Mounting plugin AppleMoviePlayer
LogPluginManager: Mounting plugin ArchVisCharacter
LogPluginManager: Mounting plugin AssetTags
LogPluginManager: Mounting plugin AudioCapture
LogPluginManager: Mounting plugin CableComponent
LogPluginManager: Mounting plugin CustomMeshComponent
LogPluginManager: Mounting plugin EditableMesh
LogPluginManager: Mounting plugin ExampleDeviceProfileSelector
LogPluginManager: Mounting plugin GoogleCloudMessaging
LogPluginManager: Mounting plugin GooglePAD
LogPluginManager: Mounting plugin IOSDeviceProfileSelector
LogPluginManager: Mounting plugin LinuxDeviceProfileSelector
LogPluginManager: Mounting plugin LocationServicesBPLibrary
LogPluginManager: Mounting plugin MobilePatchingUtils
LogPluginManager: Mounting plugin OculusVR
LogPluginManager: Mounting plugin PhysXVehicles
LogPluginManager: Mounting plugin PostSplashScreen
LogPluginManager: Mounting plugin ProceduralMeshComponent
LogPluginManager: Mounting plugin RuntimePhysXCooking
LogPluginManager: Mounting plugin SignificanceManager
LogPluginManager: Mounting plugin SoundFields
LogPluginManager: Mounting plugin SteamVR
LogPluginManager: Mounting plugin Synthesis
LogPluginManager: Mounting plugin WebMMoviePlayer
LogPluginManager: Mounting plugin WindowsMoviePlayer
LogPluginManager: Mounting plugin ScreenshotTools
LogInit: Using libcurl 7.55.1-DEV
LogInit:  - built for x86_64-pc-win32
LogInit:  - supports SSL with OpenSSL/1.1.1
LogInit:  - supports HTTP deflate (compression) using libz 1.2.8
LogInit:  - other features:
LogInit:      CURL_VERSION_SSL
LogInit:      CURL_VERSION_LIBZ
LogInit:      CURL_VERSION_IPV6
LogInit:      CURL_VERSION_ASYNCHDNS
LogInit:      CURL_VERSION_LARGEFILE
LogInit:      CURL_VERSION_IDN
LogInit:  CurlRequestOptions (configurable via config and command line):
LogInit:  - bVerifyPeer = true  - Libcurl will verify peer certificate
LogInit:  - bUseHttpProxy = false  - Libcurl will NOT use HTTP proxy
LogInit:  - bDontReuseConnections = false  - Libcurl will reuse connections
LogInit:  - MaxHostConnections = 16  - Libcurl will limit the number of connections to a host
LogInit:  - LocalHostAddr = Default
LogInit:  - BufferSize = 65536
LogOnline: OSS: Creating online subsystem instance for: NULL
LogInit: WinSock: version 1.1 (2.2), MaxSocks=32767, MaxUdp=65467
LogOnline: OSS: TryLoadSubsystemAndSetDefault: Loaded subsystem for module [NULL]
LogInit: Build: ++UE4+Release-4.25-CL-13942748
LogInit: Engine Version: 4.25.3-13942748+++UE4+Release-4.25
LogInit: Compatible Engine Version: 4.25.0-13144385+++UE4+Release-4.25
LogInit: Net CL: 13144385
LogInit: OS: Windows 10 (Release 1903) (), CPU: Intel(R) Core(TM) i7-8700K CPU @ 3.70GHz, GPU: NVIDIA GeForce GTX 1070 Ti
LogInit: Compiled (64-bit): Jul 25 2020 02:07:48
LogInit: Compiled with Visual C++: 19.24.28315.00
LogInit: Build Configuration: Development
LogInit: Branch Name: ++UE4+Release-4.25
LogInit: Command Line: 
LogInit: Base Directory: E:/EpicGames/UE_4.25/Engine/Binaries/Win64/
LogInit: Allocator: TBB
LogInit: Installed Engine Build: 1
LogDevObjectVersion: Number of dev versions registered: 26
LogDevObjectVersion:   Dev-Blueprints (B0D832E4-1F89-4F0D-ACCF-7EB736FD4AA2): 10
LogDevObjectVersion:   Dev-Build (E1C64328-A22C-4D53-A36C-8E866417BD8C): 0
LogDevObjectVersion:   Dev-Core (375EC13C-06E4-48FB-B500-84F0262A717E): 4
LogDevObjectVersion:   Dev-Editor (E4B068ED-F494-42E9-A231-DA0B2E46BB41): 38
LogDevObjectVersion:   Dev-Framework (CFFC743F-43B0-4480-9391-14DF171D2073): 37
LogDevObjectVersion:   Dev-Mobile (B02B49B5-BB20-44E9-A304-32B752E40360): 2
LogDevObjectVersion:   Dev-Networking (A4E4105C-59A1-49B5-A7C5-40C4547EDFEE): 0
LogDevObjectVersion:   Dev-Online (39C831C9-5AE6-47DC-9A44-9C173E1C8E7C): 0
LogDevObjectVersion:   Dev-Physics (78F01B33-EBEA-4F98-B9B4-84EACCB95AA2): 4
LogDevObjectVersion:   Dev-Platform (6631380F-2D4D-43E0-8009-CF276956A95A): 0
LogDevObjectVersion:   Dev-Rendering (12F88B9F-8875-4AFC-A67C-D90C383ABD29): 43
LogDevObjectVersion:   Dev-Sequencer (7B5AE74C-D270-4C10-A958-57980B212A5A): 12
LogDevObjectVersion:   Dev-VR (D7296918-1DD6-4BDD-9DE2-64A83CC13884): 3
LogDevObjectVersion:   Dev-LoadTimes (C2A15278-BFE7-4AFE-6C17-90FF531DF755): 1
LogDevObjectVersion:   Private-Geometry (6EACA3D4-40EC-4CC1-B786-8BED09428FC5): 3
LogDevObjectVersion:   Dev-AnimPhys (29E575DD-E0A3-4627-9D10-D276232CDCEA): 17
LogDevObjectVersion:   Dev-Anim (AF43A65D-7FD3-4947-9873-3E8ED9C1BB05): 7
LogDevObjectVersion:   Dev-ReflectionCapture (6B266CEC-1EC7-4B8F-A30B-E4D90942FC07): 1
LogDevObjectVersion:   Dev-Automation (0DF73D61-A23F-47EA-B727-89E90C41499A): 1
LogDevObjectVersion:   FortniteMain (601D1886-AC64-4F84-AA16-D3DE0DEAC7D6): 31
LogDevObjectVersion:   Dev-Enterprise (9DFFBCD6-494F-0158-E221-12823C92A888): 10
LogDevObjectVersion:   Dev-Niagara (F2AED0AC-9AFE-416F-8664-AA7FFA26D6FC): 1
LogDevObjectVersion:   Dev-Destruction (174F1F0B-B4C6-45A5-B13F-2EE8D0FB917D): 10
LogDevObjectVersion:   Dev-Physics-Ext (35F94A83-E258-406C-A318-09F59610247C): 37
LogDevObjectVersion:   Dev-PhysicsMaterial-Chaos (B68FC16E-8B1B-42E2-B453-215C058844FE): 1
LogDevObjectVersion:   Dev-CineCamera (B2E18506-4273-CFC2-A54E-F4BB758BBA07): 1
LogInit: Presizing for max 25165824 objects, including 0 objects not considered by GC, pre-allocating 0 bytes for permanent pool.
LogConfig: Applying CVar settings from Section [/Script/Engine.StreamingSettings] File [C:/Users/Nathanael/Documents/08_UNREAL_PROJECT/1_JAM/Creative_jam_2020/creativejam/Saved/Config/Windows/Engine.ini]
LogConfig: Setting CVar [[s.MinBulkDataSizeForAsyncLoading:131072]]
LogConfig: Setting CVar [[s.AsyncLoadingThreadEnabled:0]]
LogConfig: Setting CVar [[s.EventDrivenLoaderEnabled:1]]
LogConfig: Setting CVar [[s.WarnIfTimeLimitExceeded:0]]
LogConfig: Setting CVar [[s.TimeLimitExceededMultiplier:1.5]]
LogConfig: Setting CVar [[s.TimeLimitExceededMinTime:0.005]]
LogConfig: Setting CVar [[s.UseBackgroundLevelStreaming:1]]
LogConfig: Setting CVar [[s.PriorityAsyncLoadingExtraTime:15.0]]
LogConfig: Setting CVar [[s.LevelStreamingActorsUpdateTimeLimit:5.0]]
LogConfig: Setting CVar [[s.PriorityLevelStreamingActorsUpdateExtraTime:5.0]]
LogConfig: Setting CVar [[s.LevelStreamingComponentsRegistrationGranularity:10]]
LogConfig: Setting CVar [[s.UnregisterComponentsTimeLimit:1.0]]
LogConfig: Setting CVar [[s.LevelStreamingComponentsUnregistrationGranularity:5]]
LogConfig: Setting CVar [[s.FlushStreamingOnExit:1]]
LogInit: Object subsystem initialized
LogConfig: Setting CVar [[con.DebugEarlyDefault:1]]
LogConfig: Setting CVar [[r.setres:1280x720]]
[2020.09.06-02.02.43:730][  0]LogConfig: Setting CVar [[r.VSync:0]]
[2020.09.06-02.02.43:730][  0]LogConfig: Setting CVar [[r.RHICmdBypass:0]]
[2020.09.06-02.02.43:730][  0]LogConfig: Applying CVar settings from Section [/Script/Engine.RendererSettings] File [C:/Users/Nathanael/Documents/08_UNREAL_PROJECT/1_JAM/Creative_jam_2020/creativejam/Saved/Config/Windows/Engine.ini]
[2020.09.06-02.02.43:730][  0]LogConfig: Setting CVar [[r.GPUCrashDebugging:0]]
[2020.09.06-02.02.43:730][  0]LogConfig: Applying CVar settings from Section [/Script/Engine.RendererOverrideSettings] File [C:/Users/Nathanael/Documents/08_UNREAL_PROJECT/1_JAM/Creative_jam_2020/creativejam/Saved/Config/Windows/Engine.ini]
[2020.09.06-02.02.43:730][  0]LogConfig: Applying CVar settings from Section [/Script/Engine.StreamingSettings] File [C:/Users/Nathanael/Documents/08_UNREAL_PROJECT/1_JAM/Creative_jam_2020/creativejam/Saved/Config/Windows/Engine.ini]
[2020.09.06-02.02.43:730][  0]LogConfig: Setting CVar [[s.MinBulkDataSizeForAsyncLoading:131072]]
[2020.09.06-02.02.43:730][  0]LogConfig: Setting CVar [[s.AsyncLoadingThreadEnabled:0]]
[2020.09.06-02.02.43:730][  0]LogConfig: Setting CVar [[s.EventDrivenLoaderEnabled:1]]
[2020.09.06-02.02.43:730][  0]LogConfig: Setting CVar [[s.WarnIfTimeLimitExceeded:0]]
[2020.09.06-02.02.43:730][  0]LogConfig: Setting CVar [[s.TimeLimitExceededMultiplier:1.5]]
[2020.09.06-02.02.43:730][  0]LogConfig: Setting CVar [[s.TimeLimitExceededMinTime:0.005]]
[2020.09.06-02.02.43:730][  0]LogConfig: Setting CVar [[s.UseBackgroundLevelStreaming:1]]
[2020.09.06-02.02.43:730][  0]LogConfig: Setting CVar [[s.PriorityAsyncLoadingExtraTime:15.0]]
[2020.09.06-02.02.43:730][  0]LogConfig: Setting CVar [[s.LevelStreamingActorsUpdateTimeLimit:5.0]]
[2020.09.06-02.02.43:730][  0]LogConfig: Setting CVar [[s.PriorityLevelStreamingActorsUpdateExtraTime:5.0]]
[2020.09.06-02.02.43:730][  0]LogConfig: Setting CVar [[s.LevelStreamingComponentsRegistrationGranularity:10]]
[2020.09.06-02.02.43:730][  0]LogConfig: Setting CVar [[s.UnregisterComponentsTimeLimit:1.0]]
[2020.09.06-02.02.43:730][  0]LogConfig: Setting CVar [[s.LevelStreamingComponentsUnregistrationGranularity:5]]
[2020.09.06-02.02.43:730][  0]LogConfig: Setting CVar [[s.FlushStreamingOnExit:1]]
[2020.09.06-02.02.43:730][  0]LogConfig: Applying CVar settings from Section [/Script/Engine.GarbageCollectionSettings] File [C:/Users/Nathanael/Documents/08_UNREAL_PROJECT/1_JAM/Creative_jam_2020/creativejam/Saved/Config/Windows/Engine.ini]
[2020.09.06-02.02.43:730][  0]LogConfig: Setting CVar [[gc.MaxObjectsNotConsideredByGC:1]]
[2020.09.06-02.02.43:730][  0]LogConfig: Setting CVar [[gc.SizeOfPermanentObjectPool:0]]
[2020.09.06-02.02.43:730][  0]LogConfig: Setting CVar [[gc.FlushStreamingOnGC:0]]
[2020.09.06-02.02.43:730][  0]LogConfig: Setting CVar [[gc.NumRetriesBeforeForcingGC:10]]
[2020.09.06-02.02.43:730][  0]LogConfig: Setting CVar [[gc.AllowParallelGC:1]]
[2020.09.06-02.02.43:730][  0]LogConfig: Setting CVar [[gc.TimeBetweenPurgingPendingKillObjects:61.1]]
[2020.09.06-02.02.43:730][  0]LogConfig: Setting CVar [[gc.MaxObjectsInEditor:25165824]]
[2020.09.06-02.02.43:730][  0]LogConfig: Setting CVar [[gc.IncrementalBeginDestroyEnabled:1]]
[2020.09.06-02.02.43:730][  0]LogConfig: Setting CVar [[gc.CreateGCClusters:1]]
[2020.09.06-02.02.43:730][  0]LogConfig: Setting CVar [[gc.MinGCClusterSize:5]]
[2020.09.06-02.02.43:730][  0]LogConfig: Setting CVar [[gc.ActorClusteringEnabled:0]]
[2020.09.06-02.02.43:730][  0]LogConfig: Setting CVar [[gc.BlueprintClusteringEnabled:0]]
[2020.09.06-02.02.43:730][  0]LogConfig: Setting CVar [[gc.UseDisregardForGCOnDedicatedServers:0]]
[2020.09.06-02.02.43:730][  0]LogConfig: Applying CVar settings from Section [/Script/Engine.NetworkSettings] File [C:/Users/Nathanael/Documents/08_UNREAL_PROJECT/1_JAM/Creative_jam_2020/creativejam/Saved/Config/Windows/Engine.ini]
[2020.09.06-02.02.43:730][  0]LogConfig: Applying CVar settings from Section [/Script/UnrealEd.CookerSettings] File [C:/Users/Nathanael/Documents/08_UNREAL_PROJECT/1_JAM/Creative_jam_2020/creativejam/Saved/Config/Windows/Engine.ini]
[2020.09.06-02.02.43:736][  0]LogConfig: Applying CVar settings from Section [ViewDistanceQuality@3] File [C:/Users/Nathanael/Documents/08_UNREAL_PROJECT/1_JAM/Creative_jam_2020/creativejam/Saved/Config/Windows/Scalability.ini]
[2020.09.06-02.02.43:736][  0]LogConfig: Setting CVar [[r.SkeletalMeshLODBias:0]]
[2020.09.06-02.02.43:736][  0]LogConfig: Setting CVar [[r.ViewDistanceScale:1.0]]
[2020.09.06-02.02.43:736][  0]LogConfig: Applying CVar settings from Section [AntiAliasingQuality@3] File [C:/Users/Nathanael/Documents/08_UNREAL_PROJECT/1_JAM/Creative_jam_2020/creativejam/Saved/Config/Windows/Scalability.ini]
[2020.09.06-02.02.43:736][  0]LogConfig: Setting CVar [[r.PostProcessAAQuality:4]]
[2020.09.06-02.02.43:736][  0]LogConfig: Applying CVar settings from Section [ShadowQuality@3] File [C:/Users/Nathanael/Documents/08_UNREAL_PROJECT/1_JAM/Creative_jam_2020/creativejam/Saved/Config/Windows/Scalability.ini]
[2020.09.06-02.02.43:736][  0]LogConfig: Setting CVar [[r.LightFunctionQuality:1]]
[2020.09.06-02.02.43:736][  0]LogConfig: Setting CVar [[r.ShadowQuality:5]]
[2020.09.06-02.02.43:736][  0]LogConfig: Setting CVar [[r.Shadow.CSM.MaxCascades:10]]
[2020.09.06-02.02.43:736][  0]LogConfig: Setting CVar [[r.Shadow.MaxResolution:2048]]
[2020.09.06-02.02.43:736][  0]LogConfig: Setting CVar [[r.Shadow.MaxCSMResolution:2048]]
[2020.09.06-02.02.43:736][  0]LogConfig: Setting CVar [[r.Shadow.RadiusThreshold:0.01]]
[2020.09.06-02.02.43:736][  0]LogConfig: Setting CVar [[r.Shadow.DistanceScale:1.0]]
[2020.09.06-02.02.43:736][  0]LogConfig: Setting CVar [[r.Shadow.CSM.TransitionScale:1.0]]
[2020.09.06-02.02.43:736][  0]LogConfig: Setting CVar [[r.Shadow.PreShadowResolutionFactor:1.0]]
[2020.09.06-02.02.43:736][  0]LogConfig: Setting CVar [[r.DistanceFieldShadowing:1]]
[2020.09.06-02.02.43:736][  0]LogConfig: Setting CVar [[r.DistanceFieldAO:1]]
[2020.09.06-02.02.43:736][  0]LogConfig: Setting CVar [[r.AOQuality:2]]
[2020.09.06-02.02.43:736][  0]LogConfig: Setting CVar [[r.VolumetricFog:1]]
[2020.09.06-02.02.43:736][  0]LogConfig: Setting CVar [[r.VolumetricFog.GridPixelSize:8]]
[2020.09.06-02.02.43:736][  0]LogConfig: Setting CVar [[r.VolumetricFog.GridSizeZ:128]]
[2020.09.06-02.02.43:736][  0]LogConfig: Setting CVar [[r.VolumetricFog.HistoryMissSupersampleCount:4]]
[2020.09.06-02.02.43:736][  0]LogConfig: Setting CVar [[r.LightMaxDrawDistanceScale:1]]
[2020.09.06-02.02.43:736][  0]LogConfig: Setting CVar [[r.CapsuleShadows:1]]
[2020.09.06-02.02.43:736][  0]LogConfig: Applying CVar settings from Section [PostProcessQuality@3] File [C:/Users/Nathanael/Documents/08_UNREAL_PROJECT/1_JAM/Creative_jam_2020/creativejam/Saved/Config/Windows/Scalability.ini]
[2020.09.06-02.02.43:736][  0]LogConfig: Setting CVar [[r.MotionBlurQuality:4]]
[2020.09.06-02.02.43:736][  0]LogConfig: Setting CVar [[r.AmbientOcclusionMipLevelFactor:0.4]]
[2020.09.06-02.02.43:736][  0]LogConfig: Setting CVar [[r.AmbientOcclusionMaxQuality:100]]
[2020.09.06-02.02.43:736][  0]LogConfig: Setting CVar [[r.AmbientOcclusionLevels:-1]]
[2020.09.06-02.02.43:736][  0]LogConfig: Setting CVar [[r.AmbientOcclusionRadiusScale:1.0]]
[2020.09.06-02.02.43:736][  0]LogConfig: Setting CVar [[r.DepthOfFieldQuality:2]]
[2020.09.06-02.02.43:736][  0]LogConfig: Setting CVar [[r.RenderTargetPoolMin:400]]
[2020.09.06-02.02.43:736][  0]LogConfig: Setting CVar [[r.LensFlareQuality:2]]
[2020.09.06-02.02.43:736][  0]LogConfig: Setting CVar [[r.SceneColorFringeQuality:1]]
[2020.09.06-02.02.43:736][  0]LogConfig: Setting CVar [[r.EyeAdaptationQuality:2]]
[2020.09.06-02.02.43:736][  0]LogConfig: Setting CVar [[r.BloomQuality:5]]
[2020.09.06-02.02.43:736][  0]LogConfig: Setting CVar [[r.FastBlurThreshold:100]]
[2020.09.06-02.02.43:736][  0]LogConfig: Setting CVar [[r.Upscale.Quality:3]]
[2020.09.06-02.02.43:736][  0]LogConfig: Setting CVar [[r.Tonemapper.GrainQuantization:1]]
[2020.09.06-02.02.43:736][  0]LogConfig: Setting CVar [[r.LightShaftQuality:1]]
[2020.09.06-02.02.43:736][  0]LogConfig: Setting CVar [[r.Filter.SizeScale:1]]
[2020.09.06-02.02.43:736][  0]LogConfig: Setting CVar [[r.Tonemapper.Quality:5]]
[2020.09.06-02.02.43:736][  0]LogConfig: Setting CVar [[r.DOF.Gather.AccumulatorQuality:1        ; higher gathering accumulator quality]]
[2020.09.06-02.02.43:736][  0]LogConfig: Setting CVar [[r.DOF.Gather.PostfilterMethod:1          ; Median3x3 postfilering method]]
[2020.09.06-02.02.43:736][  0]LogConfig: Setting CVar [[r.DOF.Gather.EnableBokehSettings:0       ; no bokeh simulation when gathering]]
[2020.09.06-02.02.43:736][  0]LogConfig: Setting CVar [[r.DOF.Gather.RingCount:4                 ; medium number of samples when gathering]]
[2020.09.06-02.02.43:736][  0]LogConfig: Setting CVar [[r.DOF.Scatter.ForegroundCompositing:1    ; additive foreground scattering]]
[2020.09.06-02.02.43:736][  0]LogConfig: Setting CVar [[r.DOF.Scatter.BackgroundCompositing:2    ; additive background scattering]]
[2020.09.06-02.02.43:736][  0]LogConfig: Setting CVar [[r.DOF.Scatter.EnableBokehSettings:1      ; bokeh simulation when scattering]]
[2020.09.06-02.02.43:736][  0]LogConfig: Setting CVar [[r.DOF.Scatter.MaxSpriteRatio:0.1         ; only a maximum of 10% of scattered bokeh]]
[2020.09.06-02.02.43:736][  0]LogConfig: Setting CVar [[r.DOF.Recombine.Quality:1                ; cheap slight out of focus]]
[2020.09.06-02.02.43:736][  0]LogConfig: Setting CVar [[r.DOF.Recombine.EnableBokehSettings:0    ; no bokeh simulation on slight out of focus]]
[2020.09.06-02.02.43:736][  0]LogConfig: Setting CVar [[r.DOF.TemporalAAQuality:1                ; more stable temporal accumulation]]
[2020.09.06-02.02.43:736][  0]LogConfig: Setting CVar [[r.DOF.Kernel.MaxForegroundRadius:0.025]]
[2020.09.06-02.02.43:736][  0]LogConfig: Setting CVar [[r.DOF.Kernel.MaxBackgroundRadius:0.025]]
[2020.09.06-02.02.43:736][  0]LogConfig: Applying CVar settings from Section [TextureQuality@3] File [C:/Users/Nathanael/Documents/08_UNREAL_PROJECT/1_JAM/Creative_jam_2020/creativejam/Saved/Config/Windows/Scalability.ini]
[2020.09.06-02.02.43:736][  0]LogConfig: Setting CVar [[r.Streaming.MipBias:0]]
[2020.09.06-02.02.43:736][  0]LogConfig: Setting CVar [[r.Streaming.AmortizeCPUToGPUCopy:0]]
[2020.09.06-02.02.43:736][  0]LogConfig: Setting CVar [[r.Streaming.MaxNumTexturesToStreamPerFrame:0]]
[2020.09.06-02.02.43:736][  0]LogConfig: Setting CVar [[r.Streaming.Boost:1]]
[2020.09.06-02.02.43:736][  0]LogConfig: Setting CVar [[r.MaxAnisotropy:8]]
[2020.09.06-02.02.43:736][  0]LogConfig: Setting CVar [[r.VT.MaxAnisotropy:8]]
[2020.09.06-02.02.43:736][  0]LogConfig: Setting CVar [[r.Streaming.LimitPoolSizeToVRAM:0]]
[2020.09.06-02.02.43:736][  0]LogConfig: Setting CVar [[r.Streaming.PoolSize:1000]]
[2020.09.06-02.02.43:736][  0]LogConfig: Setting CVar [[r.Streaming.MaxEffectiveScreenSize:0]]
[2020.09.06-02.02.43:737][  0]LogConfig: Applying CVar settings from Section [EffectsQuality@3] File [C:/Users/Nathanael/Documents/08_UNREAL_PROJECT/1_JAM/Creative_jam_2020/creativejam/Saved/Config/Windows/Scalability.ini]
[2020.09.06-02.02.43:737][  0]LogConfig: Setting CVar [[r.TranslucencyLightingVolumeDim:64]]
[2020.09.06-02.02.43:737][  0]LogConfig: Setting CVar [[r.RefractionQuality:2]]
[2020.09.06-02.02.43:737][  0]LogConfig: Setting CVar [[r.SSR.Quality:3]]
[2020.09.06-02.02.43:737][  0]LogConfig: Setting CVar [[r.SSR.HalfResSceneColor:0]]
[2020.09.06-02.02.43:737][  0]LogConfig: Setting CVar [[r.SceneColorFormat:4]]
[2020.09.06-02.02.43:737][  0]LogConfig: Setting CVar [[r.DetailMode:2]]
[2020.09.06-02.02.43:737][  0]LogConfig: Setting CVar [[r.TranslucencyVolumeBlur:1]]
[2020.09.06-02.02.43:737][  0]LogConfig: Setting CVar [[r.MaterialQualityLevel:1 ; High quality]]
[2020.09.06-02.02.43:737][  0]LogConfig: Setting CVar [[r.SSS.Scale:1]]
[2020.09.06-02.02.43:737][  0]LogConfig: Setting CVar [[r.SSS.SampleSet:2]]
[2020.09.06-02.02.43:737][  0]LogConfig: Setting CVar [[r.SSS.Quality:1]]
[2020.09.06-02.02.43:737][  0]LogConfig: Setting CVar [[r.SSS.HalfRes:0]]
[2020.09.06-02.02.43:737][  0]LogConfig: Setting CVar [[r.SSGI.Quality:3]]
[2020.09.06-02.02.43:737][  0]LogConfig: Setting CVar [[r.EmitterSpawnRateScale:1.0]]
[2020.09.06-02.02.43:737][  0]LogConfig: Setting CVar [[r.ParticleLightQuality:2]]
[2020.09.06-02.02.43:737][  0]LogConfig: Setting CVar [[r.SkyAtmosphere.AerialPerspectiveLUT.FastApplyOnOpaque:1 ; Always have FastSkyLUT 1 in this case to avoid wrong sky]]
[2020.09.06-02.02.43:737][  0]LogConfig: Setting CVar [[r.SkyAtmosphere.AerialPerspectiveLUT.SampleCountPerSlice:1]]
[2020.09.06-02.02.43:737][  0]LogConfig: Setting CVar [[r.SkyAtmosphere.AerialPerspectiveLUT.DepthResolution:16.0]]
[2020.09.06-02.02.43:737][  0]LogConfig: Setting CVar [[r.SkyAtmosphere.FastSkyLUT:1]]
[2020.09.06-02.02.43:737][  0]LogConfig: Setting CVar [[r.SkyAtmosphere.FastSkyLUT.SampleCountMin:4.0]]
[2020.09.06-02.02.43:737][  0]LogConfig: Setting CVar [[r.SkyAtmosphere.FastSkyLUT.SampleCountMax:32.0]]
[2020.09.06-02.02.43:737][  0]LogConfig: Setting CVar [[r.SkyAtmosphere.SampleCountMin:4.0]]
[2020.09.06-02.02.43:737][  0]LogConfig: Setting CVar [[r.SkyAtmosphere.SampleCountMax:32.0]]
[2020.09.06-02.02.43:737][  0]LogConfig: Setting CVar [[r.SkyAtmosphere.TransmittanceLUT.UseSmallFormat:0]]
[2020.09.06-02.02.43:737][  0]LogConfig: Setting CVar [[r.SkyAtmosphere.TransmittanceLUT.SampleCount:10.0]]
[2020.09.06-02.02.43:737][  0]LogConfig: Setting CVar [[r.SkyAtmosphere.MultiScatteringLUT.SampleCount:15.0]]
[2020.09.06-02.02.43:737][  0]LogConfig: Applying CVar settings from Section [FoliageQuality@3] File [C:/Users/Nathanael/Documents/08_UNREAL_PROJECT/1_JAM/Creative_jam_2020/creativejam/Saved/Config/Windows/Scalability.ini]
[2020.09.06-02.02.43:737][  0]LogConfig: Setting CVar [[foliage.DensityScale:1.0]]
[2020.09.06-02.02.43:737][  0]LogConfig: Setting CVar [[grass.DensityScale:1.0]]
[2020.09.06-02.02.43:737][  0]LogConfig: Applying CVar settings from Section [ShadingQuality@3] File [C:/Users/Nathanael/Documents/08_UNREAL_PROJECT/1_JAM/Creative_jam_2020/creativejam/Saved/Config/Windows/Scalability.ini]
[2020.09.06-02.02.43:737][  0]LogConfig: Setting CVar [[r.HairStrands.SkyLighting.SampleCount:16]]
[2020.09.06-02.02.43:737][  0]LogConfig: Setting CVar [[r.HairStrands.SkyLighting.JitterIntegration:0]]
[2020.09.06-02.02.43:737][  0]LogConfig: Setting CVar [[r.HairStrands.SkyAO.SampleCount:16]]
[2020.09.06-02.02.43:737][  0]LogConfig: Setting CVar [[r.HairStrands.DeepShadow.SuperSampling:0]]
[2020.09.06-02.02.43:737][  0]LogConfig: Setting CVar [[r.HairStrands.VisibilityPPLL:0]]
[2020.09.06-02.02.43:737][  0]LogConfig: Setting CVar [[r.HairStrands.RasterizationScale:0.5]]
[2020.09.06-02.02.43:737][  0]LogConfig: Setting CVar [[r.HairStrands.VelocityRasterizationScale:1]]
[2020.09.06-02.02.43:737][  0]LogInit: Selected Device Profile: [Windows]
[2020.09.06-02.02.43:737][  0]LogInit: Applying CVar settings loaded from the selected device profile: [Windows]
[2020.09.06-02.02.43:737][  0]LogHAL: Display: Platform has ~ 32 GB [34290896896 / 34359738368 / 32], which maps to Largest [LargestMinGB=32, LargerMinGB=12, DefaultMinGB=8, SmallerMinGB=6, SmallestMinGB=0)
[2020.09.06-02.02.43:737][  0]LogInit: Going up to parent DeviceProfile []
[2020.09.06-02.02.43:737][  0]LogConfig: Applying CVar settings from Section [ViewDistanceQuality@3] File [C:/Users/Nathanael/Documents/08_UNREAL_PROJECT/1_JAM/Creative_jam_2020/creativejam/Saved/Config/Windows/Scalability.ini]
[2020.09.06-02.02.43:737][  0]LogConfig: Setting CVar [[r.SkeletalMeshLODBias:0]]
[2020.09.06-02.02.43:737][  0]LogConfig: Setting CVar [[r.ViewDistanceScale:1.0]]
[2020.09.06-02.02.43:737][  0]LogConfig: Applying CVar settings from Section [AntiAliasingQuality@3] File [C:/Users/Nathanael/Documents/08_UNREAL_PROJECT/1_JAM/Creative_jam_2020/creativejam/Saved/Config/Windows/Scalability.ini]
[2020.09.06-02.02.43:737][  0]LogConfig: Setting CVar [[r.PostProcessAAQuality:4]]
[2020.09.06-02.02.43:737][  0]LogConfig: Applying CVar settings from Section [ShadowQuality@3] File [C:/Users/Nathanael/Documents/08_UNREAL_PROJECT/1_JAM/Creative_jam_2020/creativejam/Saved/Config/Windows/Scalability.ini]
[2020.09.06-02.02.43:737][  0]LogConfig: Setting CVar [[r.LightFunctionQuality:1]]
[2020.09.06-02.02.43:737][  0]LogConfig: Setting CVar [[r.ShadowQuality:5]]
[2020.09.06-02.02.43:737][  0]LogConfig: Setting CVar [[r.Shadow.CSM.MaxCascades:10]]
[2020.09.06-02.02.43:737][  0]LogConfig: Setting CVar [[r.Shadow.MaxResolution:2048]]
[2020.09.06-02.02.43:737][  0]LogConfig: Setting CVar [[r.Shadow.MaxCSMResolution:2048]]
[2020.09.06-02.02.43:737][  0]LogConfig: Setting CVar [[r.Shadow.RadiusThreshold:0.01]]
[2020.09.06-02.02.43:737][  0]LogConfig: Setting CVar [[r.Shadow.DistanceScale:1.0]]
[2020.09.06-02.02.43:737][  0]LogConfig: Setting CVar [[r.Shadow.CSM.TransitionScale:1.0]]
[2020.09.06-02.02.43:737][  0]LogConfig: Setting CVar [[r.Shadow.PreShadowResolutionFactor:1.0]]
[2020.09.06-02.02.43:737][  0]LogConfig: Setting CVar [[r.DistanceFieldShadowing:1]]
[2020.09.06-02.02.43:737][  0]LogConfig: Setting CVar [[r.DistanceFieldAO:1]]
[2020.09.06-02.02.43:737][  0]LogConfig: Setting CVar [[r.AOQuality:2]]
[2020.09.06-02.02.43:737][  0]LogConfig: Setting CVar [[r.VolumetricFog:1]]
[2020.09.06-02.02.43:737][  0]LogConfig: Setting CVar [[r.VolumetricFog.GridPixelSize:8]]
[2020.09.06-02.02.43:737][  0]LogConfig: Setting CVar [[r.VolumetricFog.GridSizeZ:128]]
[2020.09.06-02.02.43:737][  0]LogConfig: Setting CVar [[r.VolumetricFog.HistoryMissSupersampleCount:4]]
[2020.09.06-02.02.43:737][  0]LogConfig: Setting CVar [[r.LightMaxDrawDistanceScale:1]]
[2020.09.06-02.02.43:737][  0]LogConfig: Setting CVar [[r.CapsuleShadows:1]]
[2020.09.06-02.02.43:737][  0]LogConfig: Applying CVar settings from Section [PostProcessQuality@3] File [C:/Users/Nathanael/Documents/08_UNREAL_PROJECT/1_JAM/Creative_jam_2020/creativejam/Saved/Config/Windows/Scalability.ini]
[2020.09.06-02.02.43:737][  0]LogConfig: Setting CVar [[r.MotionBlurQuality:4]]
[2020.09.06-02.02.43:737][  0]LogConfig: Setting CVar [[r.AmbientOcclusionMipLevelFactor:0.4]]
[2020.09.06-02.02.43:737][  0]LogConfig: Setting CVar [[r.AmbientOcclusionMaxQuality:100]]
[2020.09.06-02.02.43:737][  0]LogConfig: Setting CVar [[r.AmbientOcclusionLevels:-1]]
[2020.09.06-02.02.43:737][  0]LogConfig: Setting CVar [[r.AmbientOcclusionRadiusScale:1.0]]
[2020.09.06-02.02.43:737][  0]LogConfig: Setting CVar [[r.DepthOfFieldQuality:2]]
[2020.09.06-02.02.43:737][  0]LogConfig: Setting CVar [[r.RenderTargetPoolMin:400]]
[2020.09.06-02.02.43:737][  0]LogConfig: Setting CVar [[r.LensFlareQuality:2]]
[2020.09.06-02.02.43:737][  0]LogConfig: Setting CVar [[r.SceneColorFringeQuality:1]]
[2020.09.06-02.02.43:737][  0]LogConfig: Setting CVar [[r.EyeAdaptationQuality:2]]
[2020.09.06-02.02.43:737][  0]LogConfig: Setting CVar [[r.BloomQuality:5]]
[2020.09.06-02.02.43:737][  0]LogConfig: Setting CVar [[r.FastBlurThreshold:100]]
[2020.09.06-02.02.43:738][  0]LogConfig: Setting CVar [[r.Upscale.Quality:3]]
[2020.09.06-02.02.43:738][  0]LogConfig: Setting CVar [[r.Tonemapper.GrainQuantization:1]]
[2020.09.06-02.02.43:738][  0]LogConfig: Setting CVar [[r.LightShaftQuality:1]]
[2020.09.06-02.02.43:738][  0]LogConfig: Setting CVar [[r.Filter.SizeScale:1]]
[2020.09.06-02.02.43:738][  0]LogConfig: Setting CVar [[r.Tonemapper.Quality:5]]
[2020.09.06-02.02.43:738][  0]LogConfig: Setting CVar [[r.DOF.Gather.AccumulatorQuality:1        ; higher gathering accumulator quality]]
[2020.09.06-02.02.43:738][  0]LogConfig: Setting CVar [[r.DOF.Gather.PostfilterMethod:1          ; Median3x3 postfilering method]]
[2020.09.06-02.02.43:738][  0]LogConfig: Setting CVar [[r.DOF.Gather.EnableBokehSettings:0       ; no bokeh simulation when gathering]]
[2020.09.06-02.02.43:738][  0]LogConfig: Setting CVar [[r.DOF.Gather.RingCount:4                 ; medium number of samples when gathering]]
[2020.09.06-02.02.43:738][  0]LogConfig: Setting CVar [[r.DOF.Scatter.ForegroundCompositing:1    ; additive foreground scattering]]
[2020.09.06-02.02.43:738][  0]LogConfig: Setting CVar [[r.DOF.Scatter.BackgroundCompositing:2    ; additive background scattering]]
[2020.09.06-02.02.43:738][  0]LogConfig: Setting CVar [[r.DOF.Scatter.EnableBokehSettings:1      ; bokeh simulation when scattering]]
[2020.09.06-02.02.43:738][  0]LogConfig: Setting CVar [[r.DOF.Scatter.MaxSpriteRatio:0.1         ; only a maximum of 10% of scattered bokeh]]
[2020.09.06-02.02.43:738][  0]LogConfig: Setting CVar [[r.DOF.Recombine.Quality:1                ; cheap slight out of focus]]
[2020.09.06-02.02.43:738][  0]LogConfig: Setting CVar [[r.DOF.Recombine.EnableBokehSettings:0    ; no bokeh simulation on slight out of focus]]
[2020.09.06-02.02.43:738][  0]LogConfig: Setting CVar [[r.DOF.TemporalAAQuality:1                ; more stable temporal accumulation]]
[2020.09.06-02.02.43:738][  0]LogConfig: Setting CVar [[r.DOF.Kernel.MaxForegroundRadius:0.025]]
[2020.09.06-02.02.43:738][  0]LogConfig: Setting CVar [[r.DOF.Kernel.MaxBackgroundRadius:0.025]]
[2020.09.06-02.02.43:738][  0]LogConfig: Applying CVar settings from Section [TextureQuality@3] File [C:/Users/Nathanael/Documents/08_UNREAL_PROJECT/1_JAM/Creative_jam_2020/creativejam/Saved/Config/Windows/Scalability.ini]
[2020.09.06-02.02.43:738][  0]LogConfig: Setting CVar [[r.Streaming.MipBias:0]]
[2020.09.06-02.02.43:738][  0]LogConfig: Setting CVar [[r.Streaming.AmortizeCPUToGPUCopy:0]]
[2020.09.06-02.02.43:738][  0]LogConfig: Setting CVar [[r.Streaming.MaxNumTexturesToStreamPerFrame:0]]
[2020.09.06-02.02.43:738][  0]LogConfig: Setting CVar [[r.Streaming.Boost:1]]
[2020.09.06-02.02.43:738][  0]LogConfig: Setting CVar [[r.MaxAnisotropy:8]]
[2020.09.06-02.02.43:738][  0]LogConfig: Setting CVar [[r.VT.MaxAnisotropy:8]]
[2020.09.06-02.02.43:738][  0]LogConfig: Setting CVar [[r.Streaming.LimitPoolSizeToVRAM:0]]
[2020.09.06-02.02.43:738][  0]LogConfig: Setting CVar [[r.Streaming.PoolSize:1000]]
[2020.09.06-02.02.43:738][  0]LogConfig: Setting CVar [[r.Streaming.MaxEffectiveScreenSize:0]]
[2020.09.06-02.02.43:738][  0]LogConfig: Applying CVar settings from Section [EffectsQuality@3] File [C:/Users/Nathanael/Documents/08_UNREAL_PROJECT/1_JAM/Creative_jam_2020/creativejam/Saved/Config/Windows/Scalability.ini]
[2020.09.06-02.02.43:738][  0]LogConfig: Setting CVar [[r.TranslucencyLightingVolumeDim:64]]
[2020.09.06-02.02.43:738][  0]LogConfig: Setting CVar [[r.RefractionQuality:2]]
[2020.09.06-02.02.43:738][  0]LogConfig: Setting CVar [[r.SSR.Quality:3]]
[2020.09.06-02.02.43:738][  0]LogConfig: Setting CVar [[r.SSR.HalfResSceneColor:0]]
[2020.09.06-02.02.43:738][  0]LogConfig: Setting CVar [[r.SceneColorFormat:4]]
[2020.09.06-02.02.43:738][  0]LogConfig: Setting CVar [[r.DetailMode:2]]
[2020.09.06-02.02.43:738][  0]LogConfig: Setting CVar [[r.TranslucencyVolumeBlur:1]]
[2020.09.06-02.02.43:738][  0]LogConfig: Setting CVar [[r.MaterialQualityLevel:1 ; High quality]]
[2020.09.06-02.02.43:738][  0]LogConfig: Setting CVar [[r.SSS.Scale:1]]
[2020.09.06-02.02.43:738][  0]LogConfig: Setting CVar [[r.SSS.SampleSet:2]]
[2020.09.06-02.02.43:738][  0]LogConfig: Setting CVar [[r.SSS.Quality:1]]
[2020.09.06-02.02.43:738][  0]LogConfig: Setting CVar [[r.SSS.HalfRes:0]]
[2020.09.06-02.02.43:738][  0]LogConfig: Setting CVar [[r.SSGI.Quality:3]]
[2020.09.06-02.02.43:738][  0]LogConfig: Setting CVar [[r.EmitterSpawnRateScale:1.0]]
[2020.09.06-02.02.43:738][  0]LogConfig: Setting CVar [[r.ParticleLightQuality:2]]
[2020.09.06-02.02.43:738][  0]LogConfig: Setting CVar [[r.SkyAtmosphere.AerialPerspectiveLUT.FastApplyOnOpaque:1 ; Always have FastSkyLUT 1 in this case to avoid wrong sky]]
[2020.09.06-02.02.43:738][  0]LogConfig: Setting CVar [[r.SkyAtmosphere.AerialPerspectiveLUT.SampleCountPerSlice:1]]
[2020.09.06-02.02.43:738][  0]LogConfig: Setting CVar [[r.SkyAtmosphere.AerialPerspectiveLUT.DepthResolution:16.0]]
[2020.09.06-02.02.43:738][  0]LogConfig: Setting CVar [[r.SkyAtmosphere.FastSkyLUT:1]]
[2020.09.06-02.02.43:738][  0]LogConfig: Setting CVar [[r.SkyAtmosphere.FastSkyLUT.SampleCountMin:4.0]]
[2020.09.06-02.02.43:738][  0]LogConfig: Setting CVar [[r.SkyAtmosphere.FastSkyLUT.SampleCountMax:32.0]]
[2020.09.06-02.02.43:738][  0]LogConfig: Setting CVar [[r.SkyAtmosphere.SampleCountMin:4.0]]
[2020.09.06-02.02.43:738][  0]LogConfig: Setting CVar [[r.SkyAtmosphere.SampleCountMax:32.0]]
[2020.09.06-02.02.43:738][  0]LogConfig: Setting CVar [[r.SkyAtmosphere.TransmittanceLUT.UseSmallFormat:0]]
[2020.09.06-02.02.43:738][  0]LogConfig: Setting CVar [[r.SkyAtmosphere.TransmittanceLUT.SampleCount:10.0]]
[2020.09.06-02.02.43:738][  0]LogConfig: Setting CVar [[r.SkyAtmosphere.MultiScatteringLUT.SampleCount:15.0]]
[2020.09.06-02.02.43:738][  0]LogConfig: Applying CVar settings from Section [FoliageQuality@3] File [C:/Users/Nathanael/Documents/08_UNREAL_PROJECT/1_JAM/Creative_jam_2020/creativejam/Saved/Config/Windows/Scalability.ini]
[2020.09.06-02.02.43:738][  0]LogConfig: Setting CVar [[foliage.DensityScale:1.0]]
[2020.09.06-02.02.43:738][  0]LogConfig: Setting CVar [[grass.DensityScale:1.0]]
[2020.09.06-02.02.43:738][  0]LogConfig: Applying CVar settings from Section [ShadingQuality@3] File [C:/Users/Nathanael/Documents/08_UNREAL_PROJECT/1_JAM/Creative_jam_2020/creativejam/Saved/Config/Windows/Scalability.ini]
[2020.09.06-02.02.43:738][  0]LogConfig: Setting CVar [[r.HairStrands.SkyLighting.SampleCount:16]]
[2020.09.06-02.02.43:738][  0]LogConfig: Setting CVar [[r.HairStrands.SkyLighting.JitterIntegration:0]]
[2020.09.06-02.02.43:738][  0]LogConfig: Setting CVar [[r.HairStrands.SkyAO.SampleCount:16]]
[2020.09.06-02.02.43:738][  0]LogConfig: Setting CVar [[r.HairStrands.DeepShadow.SuperSampling:0]]
[2020.09.06-02.02.43:738][  0]LogConfig: Setting CVar [[r.HairStrands.VisibilityPPLL:0]]
[2020.09.06-02.02.43:738][  0]LogConfig: Setting CVar [[r.HairStrands.RasterizationScale:0.5]]
[2020.09.06-02.02.43:738][  0]LogConfig: Setting CVar [[r.HairStrands.VelocityRasterizationScale:1]]
[2020.09.06-02.02.43:738][  0]LogConfig: Applying CVar settings from Section [Startup] File [../../../Engine/Config/ConsoleVariables.ini]
[2020.09.06-02.02.43:738][  0]LogConfig: Setting CVar [[net.UseAdaptiveNetUpdateFrequency:0]]
[2020.09.06-02.02.43:738][  0]LogConfig: Setting CVar [[p.chaos.AllowCreatePhysxBodies:1]]
[2020.09.06-02.02.43:738][  0]LogConfig: Setting CVar [[fx.SkipVectorVMBackendOptimizations:1]]
[2020.09.06-02.02.43:738][  0]LogConfig: Applying CVar settings from Section [ConsoleVariables] File [C:/Users/Nathanael/Documents/08_UNREAL_PROJECT/1_JAM/Creative_jam_2020/creativejam/Saved/Config/Windows/Engine.ini]
[2020.09.06-02.02.43:739][  0]LogInit: Computer: DESKTOP-0PVLLNN
[2020.09.06-02.02.43:739][  0]LogInit: User: Nathanael
[2020.09.06-02.02.43:739][  0]LogInit: CPU Page size=4096, Cores=6
[2020.09.06-02.02.43:739][  0]LogInit: High frequency timer resolution =10.000000 MHz
[2020.09.06-02.02.43:739][  0]LogMemory: Memory total: Physical=31.9GB (32GB approx)
[2020.09.06-02.02.43:739][  0]LogMemory: Platform Memory Stats for Windows
[2020.09.06-02.02.43:739][  0]LogMemory: Process Physical Memory: 115.55 MB used, 115.56 MB peak
[2020.09.06-02.02.43:739][  0]LogMemory: Process Virtual Memory: 99.24 MB used, 99.24 MB peak
[2020.09.06-02.02.43:739][  0]LogMemory: Physical Memory: 13852.31 MB used,  18850.04 MB free, 32702.35 MB total
[2020.09.06-02.02.43:739][  0]LogMemory: Virtual Memory: 5166.92 MB used,  134212560.00 MB free, 134217728.00 MB total
[2020.09.06-02.02.43:746][  0]LogWindows: WindowsPlatformFeatures enabled
[2020.09.06-02.02.43:786][  0]LogInit: Physics initialised using underlying interface: PhysX
[2020.09.06-02.02.43:787][  0]LogInit: Using OS detected language (en-GB).
[2020.09.06-02.02.43:787][  0]LogInit: Using OS detected locale (fr-CA).
[2020.09.06-02.02.43:789][  0]LogTextLocalizationManager: No specific localization for 'en-GB' exists, so the 'en' localization will be used.
[2020.09.06-02.02.43:927][  0]LogInit: Setting process to per monitor DPI aware
[2020.09.06-02.02.43:963][  0]LogSlate: New Slate User Created.  User Index 0, Is Virtual User: 0
[2020.09.06-02.02.43:963][  0]LogSlate: Slate User Registered.  User Index 0, Is Virtual User: 0
[2020.09.06-02.02.44:065][  0]LogHMD: Failed to initialize OpenVR with code 110
[2020.09.06-02.02.44:065][  0]LogD3D11RHI: D3D11 min allowed feature level: 11_0
[2020.09.06-02.02.44:065][  0]LogD3D11RHI: D3D11 max allowed feature level: 11_0
[2020.09.06-02.02.44:065][  0]LogD3D11RHI: D3D11 adapters:
[2020.09.06-02.02.44:127][  0]LogD3D11RHI:    0. 'NVIDIA GeForce GTX 1070 Ti' (Feature Level 11_0)
[2020.09.06-02.02.44:127][  0]LogD3D11RHI:       8079/0/16351 MB DedicatedVideo/DedicatedSystem/SharedSystem, Outputs:2, VendorId:0x10de
[2020.09.06-02.02.44:130][  0]LogD3D11RHI:    1. 'Microsoft Basic Render Driver' (Feature Level 11_0)
[2020.09.06-02.02.44:130][  0]LogD3D11RHI:       0/0/16351 MB DedicatedVideo/DedicatedSystem/SharedSystem, Outputs:0, VendorId:0x1414
[2020.09.06-02.02.44:130][  0]LogD3D11RHI: Chosen D3D11 Adapter: 0
[2020.09.06-02.02.44:138][  0]LogD3D11RHI: Creating new Direct3DDevice
[2020.09.06-02.02.44:139][  0]LogD3D11RHI:     GPU DeviceId: 0x1b82 (for the marketing name, search the web for "GPU Device Id")
[2020.09.06-02.02.44:139][  0]LogWindows: EnumDisplayDevices:
[2020.09.06-02.02.44:139][  0]LogWindows:    0. 'NVIDIA GeForce GTX 1070 Ti' (P:1 D:1)
[2020.09.06-02.02.44:140][  0]LogWindows:    1. 'NVIDIA GeForce GTX 1070 Ti' (P:0 D:1)
[2020.09.06-02.02.44:140][  0]LogWindows:    2. 'NVIDIA GeForce GTX 1070 Ti' (P:0 D:0)
[2020.09.06-02.02.44:141][  0]LogWindows:    3. 'NVIDIA GeForce GTX 1070 Ti' (P:0 D:0)
[2020.09.06-02.02.44:141][  0]LogWindows: DebugString: FoundDriverCount:4 
[2020.09.06-02.02.44:141][  0]LogD3D11RHI:     Adapter Name: NVIDIA GeForce GTX 1070 Ti
[2020.09.06-02.02.44:141][  0]LogD3D11RHI:   Driver Version: 451.67 (internal:27.21.14.5167, unified:451.67)
[2020.09.06-02.02.44:141][  0]LogD3D11RHI:      Driver Date: 7-5-2020
[2020.09.06-02.02.44:141][  0]LogRHI: Texture pool is 5655 MB (70% of 8079 MB)
[2020.09.06-02.02.44:181][  0]LogD3D11RHI: RHI has support for 64 bit atomics
[2020.09.06-02.02.44:183][  0]LogD3D11RHI: [Aftermath] Enabled and primed
[2020.09.06-02.02.44:183][  0]LogD3D11RHI: Async texture creation enabled
[2020.09.06-02.02.44:183][  0]LogD3D11RHI: Array index from any shader is supported
[2020.09.06-02.02.44:205][  0]LogD3D11RHI: GPU Timing Frequency: 1000.000000 (Debug: 2 2)
[2020.09.06-02.02.44:534][  0]LogTargetPlatformManager: Display: Loaded TargetPlatform 'AllDesktop'
[2020.09.06-02.02.44:552][  0]LogTargetPlatformManager: Display: Loaded TargetPlatform 'Android'
[2020.09.06-02.02.44:552][  0]LogTargetPlatformManager: Display: Loaded TargetPlatform 'Android_ASTC'
[2020.09.06-02.02.44:552][  0]LogTargetPlatformManager: Display: Loaded TargetPlatform 'Android_DXT'
[2020.09.06-02.02.44:552][  0]LogTargetPlatformManager: Display: Loaded TargetPlatform 'Android_ETC2'
[2020.09.06-02.02.44:552][  0]LogTargetPlatformManager: Display: Loaded TargetPlatform 'AndroidClient'
[2020.09.06-02.02.44:552][  0]LogTargetPlatformManager: Display: Loaded TargetPlatform 'Android_ASTCClient'
[2020.09.06-02.02.44:552][  0]LogTargetPlatformManager: Display: Loaded TargetPlatform 'Android_DXTClient'
[2020.09.06-02.02.44:552][  0]LogTargetPlatformManager: Display: Loaded TargetPlatform 'Android_ETC2Client'
[2020.09.06-02.02.44:552][  0]LogTargetPlatformManager: Display: Loaded TargetPlatform 'Android_Multi'
[2020.09.06-02.02.44:552][  0]LogTargetPlatformManager: Display: Loaded TargetPlatform 'Android_MultiClient'
[2020.09.06-02.02.44:573][  0]LogTargetPlatformManager: Display: Loaded TargetPlatform 'IOSClient'
[2020.09.06-02.02.44:573][  0]LogTargetPlatformManager: Display: Loaded TargetPlatform 'IOS'
[2020.09.06-02.02.44:582][  0]LogTargetPlatformManager: Display: Loaded TargetPlatform 'Linux'
[2020.09.06-02.02.44:591][  0]LogTargetPlatformManager: Display: Loaded TargetPlatform 'LinuxNoEditor'
[2020.09.06-02.02.44:600][  0]LogTargetPlatformManager: Display: Loaded TargetPlatform 'LinuxClient'
[2020.09.06-02.02.44:608][  0]LogTargetPlatformManager: Display: Loaded TargetPlatform 'LinuxServer'
[2020.09.06-02.02.44:617][  0]LogTargetPlatformManager: Display: Loaded TargetPlatform 'LinuxAArch64NoEditor'
[2020.09.06-02.02.44:625][  0]LogTargetPlatformManager: Display: Loaded TargetPlatform 'LinuxAArch64Client'
[2020.09.06-02.02.44:633][  0]LogTargetPlatformManager: Display: Loaded TargetPlatform 'LinuxAArch64Server'
[2020.09.06-02.02.44:657][  0]LogTargetPlatformManager: Display: Loaded TargetPlatform 'Lumin'
[2020.09.06-02.02.44:657][  0]LogTargetPlatformManager: Display: Loaded TargetPlatform 'LuminClient'
[2020.09.06-02.02.44:669][  0]LogTargetPlatformManager: Display: Loaded TargetPlatform 'TVOSClient'
[2020.09.06-02.02.44:669][  0]LogTargetPlatformManager: Display: Loaded TargetPlatform 'TVOS'
[2020.09.06-02.02.44:678][  0]LogTargetPlatformManager: Display: Loaded TargetPlatform 'WindowsNoEditor'
[2020.09.06-02.02.44:687][  0]LogTargetPlatformManager: Display: Loaded TargetPlatform 'Windows'
[2020.09.06-02.02.44:695][  0]LogTargetPlatformManager: Display: Loaded TargetPlatform 'WindowsClient'
[2020.09.06-02.02.44:706][  0]LogTargetPlatformManager: Display: Loaded TargetPlatform 'WindowsServer'
[2020.09.06-02.02.44:706][  0]LogTargetPlatformManager: Display: Building Assets For Windows
[2020.09.06-02.02.44:716][  0]LogAudioDebug: Display: Lib vorbis DLL was dynamically loaded.
[2020.09.06-02.02.44:782][  0]LogShaderCompilers: Guid format shader working directory is -33 characters bigger than the processId version (C:/Users/Nathanael/Documents/08_UNREAL_PROJECT/1_JAM/Creative_jam_2020/creativejam/Intermediate/Shaders/WorkingDirectory/30032/).
[2020.09.06-02.02.44:782][  0]LogShaderCompilers: Cleaned the shader compiler working directory 'C:/Users/Nathanael/AppData/Local/Temp/UnrealShaderWorkingDir/3F82A5F847DAEFDDF45FD49E5EA0A030/'.
[2020.09.06-02.02.44:782][  0]LogXGEController: Cleaning working directory: C:/Users/Nathanael/AppData/Local/Temp/UnrealXGEWorkingDir/
[2020.09.06-02.02.44:782][  0]LogXGEController: Cannot use XGE Controller as Incredibuild is not installed on this machine.
[2020.09.06-02.02.44:782][  0]LogShaderCompilers: Cannot use XGE Shader Compiler as Incredibuild is not installed on this machine.
[2020.09.06-02.02.44:782][  0]LogShaderCompilers: Display: Using Local Shader Compiler.
[2020.09.06-02.02.45:394][  0]LogDerivedDataCache: Display: Max Cache Size: 512 MB
[2020.09.06-02.02.45:436][  0]LogDerivedDataCache: Loaded boot cache 0.04s 79MB C:/Users/Nathanael/AppData/Local/UnrealEngine/4.25/DerivedDataCache/Boot.ddc.
[2020.09.06-02.02.45:436][  0]LogDerivedDataCache: Display: Loaded Boot cache: C:/Users/Nathanael/AppData/Local/UnrealEngine/4.25/DerivedDataCache/Boot.ddc
[2020.09.06-02.02.45:436][  0]LogDerivedDataCache: FDerivedDataBackendGraph:  Pak pak cache file C:/Users/Nathanael/Documents/08_UNREAL_PROJECT/1_JAM/Creative_jam_2020/creativejam/DerivedDataCache/DDC.ddp not found, will not use a pak cache.
[2020.09.06-02.02.45:436][  0]LogDerivedDataCache: Unable to find inner node Pak for hierarchical cache Hierarchy.
[2020.09.06-02.02.45:436][  0]LogDerivedDataCache: FDerivedDataBackendGraph:  CompressedPak pak cache file C:/Users/Nathanael/Documents/08_UNREAL_PROJECT/1_JAM/Creative_jam_2020/creativejam/DerivedDataCache/Compressed.ddp not found, will not use a pak cache.
[2020.09.06-02.02.45:436][  0]LogDerivedDataCache: Unable to find inner node CompressedPak for hierarchical cache Hierarchy.
[2020.09.06-02.02.45:445][  0]LogDerivedDataCache: Display: Pak cache opened for reading ../../../Engine/DerivedDataCache/Compressed.ddp.
[2020.09.06-02.02.45:445][  0]LogDerivedDataCache: FDerivedDataBackendGraph:  EnterprisePak pak cache file ../../../Enterprise/DerivedDataCache/Compressed.ddp not found, will not use a pak cache.
[2020.09.06-02.02.45:446][  0]LogDerivedDataCache: Unable to find inner node EnterprisePak for hierarchical cache Hierarchy.
[2020.09.06-02.02.45:447][  0]LogDerivedDataCache: Using Local data cache path C:/Users/Nathanael/AppData/Local/UnrealEngine/Common/DerivedDataCache: Writable
[2020.09.06-02.02.45:447][  0]LogDerivedDataCache: Shared data cache path not found in *engine.ini, will not use an Shared cache.
[2020.09.06-02.02.45:447][  0]LogDerivedDataCache: Unable to find inner node Shared for hierarchical cache Hierarchy.
[2020.09.06-02.02.45:496][  0]LogSlate: Using FreeType 2.10.0
[2020.09.06-02.02.45:496][  0]LogSlate: SlateFontServices - WITH_FREETYPE: 1, WITH_HARFBUZZ: 1
[2020.09.06-02.02.45:518][  0]LogAssetRegistry: FAssetRegistry took 0.0019 seconds to start up
[2020.09.06-02.02.45:713][  0]LogInit: Selected Device Profile: [Windows]
[2020.09.06-02.02.45:820][  0]LogMeshReduction: Using QuadricMeshReduction for automatic static mesh reduction
[2020.09.06-02.02.45:820][  0]LogMeshReduction: Using SimplygonMeshReduction for automatic skeletal mesh reduction
[2020.09.06-02.02.45:820][  0]LogMeshReduction: Using ProxyLODMeshReduction for automatic mesh merging
[2020.09.06-02.02.45:820][  0]LogMeshReduction: No distributed automatic mesh merging module available
[2020.09.06-02.02.45:820][  0]LogMeshMerging: No distributed automatic mesh merging module available
[2020.09.06-02.02.45:834][  0]LogNetVersion: creativejam 1.0.0, NetCL: 13144385, EngineNetVer: 14, GameNetVer: 0 (Checksum: 807201128)
[2020.09.06-02.02.46:170][  0]LogAISub: UAISubsystem::UAISubsystem AISubsystem (000001B4F1EA5400), frame # 0
[2020.09.06-02.02.46:170][  0]LogAISub: UAISubsystem::UAISubsystem AIPerceptionSystem (000001B4F1E091C0), frame # 0
[2020.09.06-02.02.46:171][  0]LogAISub: UAISubsystem::UAISubsystem EnvQueryManager (000001B4F1E49E00), frame # 0
[2020.09.06-02.02.46:223][  0]LogPackageLocalizationCache: Processed 19 localized package path(s) for 1 prioritized culture(s) in 0.047034 seconds
[2020.09.06-02.02.46:228][  0]LogUObjectArray: 15917 objects as part of root set at end of initial load.
[2020.09.06-02.02.46:228][  0]LogUObjectAllocator: 3965568 out of 0 bytes used by permanent object pool.
[2020.09.06-02.02.46:228][  0]LogUObjectArray: CloseDisregardForGC: 0/0 objects in disregard for GC pool
[2020.09.06-02.02.46:580][  0]LogTcpMessaging: Initializing TcpMessaging bridge
[2020.09.06-02.02.46:584][  0]LogUdpMessaging: Initializing bridge on interface 0.0.0.0:0 to multicast group 230.0.0.1:6666.
[2020.09.06-02.02.46:774][  0]SourceControl: Source control is disabled
[2020.09.06-02.02.46:774][  0]SourceControl: Source control is disabled
[2020.09.06-02.02.46:778][  0]SourceControl: Source control is disabled
[2020.09.06-02.02.46:782][  0]SourceControl: Source control is disabled
[2020.09.06-02.02.46:789][  0]SourceControl: Source control is disabled
[2020.09.06-02.02.47:043][  0]LogAndroidPermission: UAndroidPermissionCallbackProxy::GetInstance
[2020.09.06-02.02.47:064][  0]LogAudioCaptureCore: Display: No Audio Capture implementations found. Audio input will be silent.
[2020.09.06-02.02.47:064][  0]LogAudioCaptureCore: Display: No Audio Capture implementations found. Audio input will be silent.
[2020.09.06-02.02.47:110][  0]LogOcInput: OculusInput pre-init called
[2020.09.06-02.02.47:120][  0]LogWindows: Failed to load 'OVRPlugin.dll' (GetLastError=126)
[2020.09.06-02.02.47:120][  0]LogWindows: File 'OVRPlugin.dll' does not exist
[2020.09.06-02.02.47:176][  0]LogEngine: Initializing Engine...
[2020.09.06-02.02.47:177][  0]LogHMD: Failed to initialize OpenVR with code 110
[2020.09.06-02.02.47:177][  0]LogMagicLeap: Warning: VR disabled because ZI is not enabled.  To enable, in the editor, Edit -> Project Settings -> Plugins -> Magic Leap Plugin -> Enable Zero Iteration
[2020.09.06-02.02.47:177][  0]LogStats: UGameplayTagsManager::InitializeManager -  0.000 s
[2020.09.06-02.02.47:268][  0]LogInit: Initializing FReadOnlyCVARCache
[2020.09.06-02.02.47:275][  0]LogAIModule: Creating AISystem for world Untitled
[2020.09.06-02.02.47:275][  0]LogAISub: UAISubsystem::UAISubsystem EnvQueryManager (000001B4F873DA00), frame # 0
[2020.09.06-02.02.47:275][  0]LogAISub: UAISubsystem::UAISubsystem AIPerceptionSystem (000001B4F8737100), frame # 0
[2020.09.06-02.02.47:292][  0]LogAudioMixer: Display: Audio Mixer Platform Settings:
[2020.09.06-02.02.47:292][  0]LogAudioMixer: Display: 	Sample Rate:						  48000
[2020.09.06-02.02.47:292][  0]LogAudioMixer: Display: 	Callback Buffer Frame Size Requested: 1024
[2020.09.06-02.02.47:292][  0]LogAudioMixer: Display: 	Callback Buffer Frame Size To Use:	  1024
[2020.09.06-02.02.47:292][  0]LogAudioMixer: Display: 	Number of buffers to queue:			  2
[2020.09.06-02.02.47:292][  0]LogAudioMixer: Display: 	Max Channels (voices):				  32
[2020.09.06-02.02.47:292][  0]LogAudioMixer: Display: 	Number of Async Source Workers:		  0
[2020.09.06-02.02.47:292][  0]LogAudio: Display: AudioDevice MaxSources: 32
[2020.09.06-02.02.47:293][  0]LogAudio: Display: Using built-in audio occlusion.
[2020.09.06-02.02.47:293][  0]LogAudioMixer: Display: Initializing audio mixer.
[2020.09.06-02.02.47:338][  0]LogAudioMixer: Display: 0: FrontLeft
[2020.09.06-02.02.47:338][  0]LogAudioMixer: Display: 1: FrontRight
[2020.09.06-02.02.47:385][  0]LogAudioMixer: Display: Using Audio Device VoiceMeeter Input (VB-Audio VoiceMeeter VAIO)
[2020.09.06-02.02.47:387][  0]LogAudioMixer: Display: Initializing Sound Submixes...
[2020.09.06-02.02.47:389][  0]LogAudioMixer: Display: Creating Master Submix 'MasterSubmixDefault'
[2020.09.06-02.02.47:389][  0]LogAudioMixer: Display: Creating Master Submix 'MasterReverbSubmixDefault'
[2020.09.06-02.02.47:390][  0]LogAudioMixer: Display: Creating Master Submix 'MasterEQSubmixDefault'
[2020.09.06-02.02.47:391][  0]LogInit: FAudioDevice initialized.
[2020.09.06-02.02.47:391][  0]LogNetVersion: Set ProjectVersion to 1.0.0.0. Version Checksum will be recalculated on next use.
[2020.09.06-02.02.47:427][  0]LogDerivedDataCache: Saved boot cache 0.04s 79MB C:/Users/Nathanael/AppData/Local/UnrealEngine/4.25/DerivedDataCache/Boot.ddc.
[2020.09.06-02.02.47:440][  0]LogInit: Texture streaming: Enabled
[2020.09.06-02.02.47:457][  0]LogEngineSessionManager: EngineSessionManager initialized
[2020.09.06-02.02.47:457][  0]LogEditorSessionSummary: Verbose: Initializing EditorSessionSummaryWriter for editor session tracking
[2020.09.06-02.02.47:459][  0]LogEditorSessionSummary: EditorSessionSummaryWriter initialized
[2020.09.06-02.02.47:568][  0]LogInit: Transaction tracking system initialized
[2020.09.06-02.02.47:591][  0]BlueprintLog: New page: Editor Load
[2020.09.06-02.02.47:662][  0]LocalizationService: Localization service is disabled
[2020.09.06-02.02.47:802][  0]LogCook: Display: Max memory allowance for cook 16384mb min free memory 0mb
[2020.09.06-02.02.47:802][  0]LogCook: Display: Mobile HDR setting 1
[2020.09.06-02.02.47:935][  0]LogFileCache: Scanning file cache for directory 'C:/Users/Nathanael/Documents/08_UNREAL_PROJECT/1_JAM/Creative_jam_2020/creativejam/Content/' took 0.00s
[2020.09.06-02.02.48:109][  0]SourceControl: Source control is disabled
[2020.09.06-02.02.48:109][  0]LogUnrealEdMisc: Loading editor; pre map load, took 5.579
[2020.09.06-02.02.48:109][  0]Cmd: MAP LOAD FILE="C:/Users/Nathanael/Documents/08_UNREAL_PROJECT/1_JAM/Creative_jam_2020/creativejam/Content/Maps/MASTER_Lv.umap" TEMPLATE=0 SHOWPROGRESS=1 FEATURELEVEL=3
[2020.09.06-02.02.48:109][  0]LightingResults: New page: Lighting Build
[2020.09.06-02.02.48:110][  0]LogWorld: UWorld::CleanupWorld for Untitled, bSessionEnded=true, bCleanupResources=true
[2020.09.06-02.02.48:110][  0]LogSlate: InvalidateAllWidgets triggered.  All widgets were invalidated
[2020.09.06-02.02.48:110][  0]MapCheck: New page: Map Check
[2020.09.06-02.02.48:110][  0]LightingResults: New page: Lighting Build
[2020.09.06-02.02.48:120][  0]LogAISub: UAISubsystem::~UAISubsystem EnvQueryManager (000001B4F873DA00), frame # 0
[2020.09.06-02.02.48:120][  0]LogAISub: UAISubsystem::~UAISubsystem AIPerceptionSystem (000001B4F8737100), frame # 0
[2020.09.06-02.02.48:120][  0]LogUObjectHash: Compacting FUObjectHashTables data took   0.57ms
[2020.09.06-02.02.48:131][  0]LogAIModule: Creating AISystem for world MASTER_Lv
[2020.09.06-02.02.48:131][  0]LogAISub: UAISubsystem::UAISubsystem EnvQueryManager (000001B4F91ABE00), frame # 0
[2020.09.06-02.02.48:131][  0]LogAISub: UAISubsystem::UAISubsystem AIPerceptionSystem (000001B4F2C95080), frame # 0
[2020.09.06-02.02.48:132][  0]LogEditorServer: Finished looking for orphan Actors (0.000 secs)
[2020.09.06-02.02.48:141][  0]LogUObjectHash: Compacting FUObjectHashTables data took   0.53ms
[2020.09.06-02.02.48:141][  0]Cmd: MAP CHECKDEP NOCLEARLOG
[2020.09.06-02.02.48:141][  0]MapCheck: Map check complete: 0 Error(s), 0 Warning(s), took 0,119ms to complete.
[2020.09.06-02.02.48:141][  0]LogFileHelpers: Loading map 'MASTER_Lv' took 0.032
[2020.09.06-02.02.48:143][  0]LogUnrealEdMisc: Total Editor Startup Time, took 5.613
[2020.09.06-02.02.48:259][  0]LogSlate: Updating window title bar state: overlay mode, drag disabled, window buttons hidden, title bar hidden
[2020.09.06-02.02.48:265][  0]LogSlate: Updating window title bar state: overlay mode, drag disabled, window buttons hidden, title bar hidden
[2020.09.06-02.02.48:270][  0]LogSlate: Updating window title bar state: overlay mode, drag disabled, window buttons hidden, title bar hidden
[2020.09.06-02.02.48:275][  0]LogSlate: Updating window title bar state: overlay mode, drag disabled, window buttons hidden, title bar hidden
[2020.09.06-02.02.48:281][  0]LogCollectionManager: Loaded 0 collections in 0.000604 seconds
[2020.09.06-02.02.48:294][  0]LogFileCache: Scanning file cache for directory 'C:/Users/Nathanael/Documents/08_UNREAL_PROJECT/1_JAM/Creative_jam_2020/creativejam/Saved/Collections/' took 0.00s
[2020.09.06-02.02.48:294][  0]LogFileCache: Scanning file cache for directory 'C:/Users/Nathanael/Documents/08_UNREAL_PROJECT/1_JAM/Creative_jam_2020/creativejam/Content/Developers/Nathanael/Collections/' took 0.00s
[2020.09.06-02.02.48:294][  0]LogFileCache: Scanning file cache for directory 'C:/Users/Nathanael/Documents/08_UNREAL_PROJECT/1_JAM/Creative_jam_2020/creativejam/Content/Collections/' took 0.00s
[2020.09.06-02.02.48:294][  0]LogContentBrowser: Native class hierarchy populated in 0.0081 seconds. Added 3433 classes and 823 folders.
[2020.09.06-02.02.48:296][  0]LogContentBrowser: Native class hierarchy updated for 'WidgetCarousel' in 0.0003 seconds. Added 0 classes and 0 folders.
[2020.09.06-02.02.48:329][  0]LogContentBrowser: Native class hierarchy updated for 'AddContentDialog' in 0.0003 seconds. Added 0 classes and 0 folders.
[2020.09.06-02.02.48:332][  0]LogContentBrowser: Native class hierarchy updated for 'SceneOutliner' in 0.0003 seconds. Added 2 classes and 0 folders.
[2020.09.06-02.02.48:371][  0]LogSlate: Took 0.000108 seconds to synchronously load lazily loaded font '../../../Engine/Content/Slate/Fonts/Roboto-Regular.ttf' (155K)
[2020.09.06-02.02.48:373][  0]LogSlate: Took 0.000099 seconds to synchronously load lazily loaded font '../../../Engine/Content/Slate/Fonts/Roboto-Bold.ttf' (160K)
[2020.09.06-02.02.48:376][  0]LogSlate: Took 0.000083 seconds to synchronously load lazily loaded font '../../../Engine/Content/Editor/Slate/Fonts/FontAwesome.ttf' (139K)
[2020.09.06-02.02.48:436][  0]LogRenderer: Reallocating scene render targets to support 1208x608 Format 10 NumSamples 1 (Frame:1).
[2020.09.06-02.02.48:522][  0]LogContentBrowser: Native class hierarchy updated for 'HierarchicalLODOutliner' in 0.0003 seconds. Added 0 classes and 0 folders.
[2020.09.06-02.02.48:522][  0]LogLoad: (Engine Initialization) Total time: 5.99 seconds
[2020.09.06-02.02.48:522][  0]LogLoad: (Engine Initialization) Total Blueprint compile time: 0.00 seconds
[2020.09.06-02.02.48:553][  0]LogAssetRegistry: Asset discovery search completed in 3.0349 seconds
[2020.09.06-02.02.48:555][  0]LogCollectionManager: Fixed up redirectors for 0 collections in 0.000002 seconds (updated 0 objects)
[2020.09.06-02.02.48:556][  0]LogContentStreaming: Texture pool size now 1000 MB
[2020.09.06-02.02.48:593][  1]LogFileCache: Retrieving MD5 hashes for directory 'C:/Users/Nathanael/Documents/08_UNREAL_PROJECT/1_JAM/Creative_jam_2020/creativejam/Content/' took 0.06s
[2020.09.06-02.02.50:834][263]LogSlate: Took 0.000093 seconds to synchronously load lazily loaded font '../../../Engine/Content/Slate/Fonts/Roboto-Light.ttf' (167K)
[2020.09.06-02.02.50:877][263]LogLinker: Error: HOTRELOADED_DestructibleComponent_0 has an inappropriate outermost, it was probably saved with a deprecated outer (file: C:/Users/Nathanael/Documents/08_UNREAL_PROJECT/1_JAM/Creative_jam_2020/creativejam/Content/BP/WBP_DestructibleCard.uasset)
[2020.09.06-02.02.50:877][263]LogLinker: Error: HOTRELOADED_DestructibleComponent_0 has an inappropriate outermost, it was probably saved with a deprecated outer (file: C:/Users/Nathanael/Documents/08_UNREAL_PROJECT/1_JAM/Creative_jam_2020/creativejam/Content/BP/WBP_DestructibleCard.uasset)
[2020.09.06-02.02.50:887][263]LogLinker: Warning: While loading 'C:/Users/Nathanael/Documents/08_UNREAL_PROJECT/1_JAM/Creative_jam_2020/creativejam/Content/FirstPersonCPP/Maps/FirstPersonExampleMap.umap' failed to load '/Game/FirstPersonCPP/Maps/FirstPersonExampleMap_BuiltData': Can't find file.
[2020.09.06-02.02.50:887][263]LogLinker: Warning: While loading 'C:/Users/Nathanael/Documents/08_UNREAL_PROJECT/1_JAM/Creative_jam_2020/creativejam/Content/FirstPersonCPP/Maps/FirstPersonExampleMap.umap' failed to load '/Game/FirstPersonCPP/Maps/FirstPersonExampleMap_BuiltData': Can't find file.
[2020.09.06-02.02.50:889][263]LogLinker: Warning: While loading 'C:/Users/Nathanael/Documents/08_UNREAL_PROJECT/1_JAM/Creative_jam_2020/creativejam/Content/FirstPersonCPP/Maps/FirstPersonExampleMap.umap' failed to load '/Game/FirstPersonCPP/Maps/FirstPersonExampleMap_BuiltData': Can't find file.
[2020.09.06-02.02.50:889][263]LogLinker: Warning: While loading 'C:/Users/Nathanael/Documents/08_UNREAL_PROJECT/1_JAM/Creative_jam_2020/creativejam/Content/FirstPersonCPP/Maps/FirstPersonExampleMap.umap' failed to load '/Game/FirstPersonCPP/Maps/FirstPersonExampleMap_BuiltData': Can't find file.
[2020.09.06-02.02.50:891][263]LogLinker: Warning: Failed to load '/Game/FirstPersonCPP/Maps/FirstPersonExampleMap_BuiltData': Can't find file.
[2020.09.06-02.02.50:891][263]LogLinker: Warning: Failed to load '/Game/FirstPersonCPP/Maps/FirstPersonExampleMap_BuiltData': Can't find file.
[2020.09.06-02.02.50:891][263]LogLinker: Warning: Failed to load '/Game/FirstPersonCPP/Maps/FirstPersonExampleMap_BuiltData': Can't find file.
[2020.09.06-02.02.50:891][263]LogLinker: Warning: Failed to load '/Game/FirstPersonCPP/Maps/FirstPersonExampleMap_BuiltData': Can't find file.
[2020.09.06-02.02.50:895][263]LogLinker: Warning: While loading 'C:/Users/Nathanael/Documents/08_UNREAL_PROJECT/1_JAM/Creative_jam_2020/creativejam/Content/FirstPersonCPP/Maps/FirstPersonExampleMap.umap' failed to load '/Game/FirstPersonCPP/Maps/FirstPersonExampleMap_BuiltData': Can't find file.
[2020.09.06-02.02.50:895][263]LoadErrors: Failed to load /Game/FirstPersonCPP/Maps/FirstPersonExampleMap_BuiltData.FirstPersonExampleMap_BuiltData Referenced by PersistentLevel
[2020.09.06-02.02.50:895][263]LogLinker: Warning: While loading 'C:/Users/Nathanael/Documents/08_UNREAL_PROJECT/1_JAM/Creative_jam_2020/creativejam/Content/FirstPersonCPP/Maps/FirstPersonExampleMap.umap' failed to load '/Game/FirstPersonCPP/Maps/FirstPersonExampleMap_BuiltData': Can't find file.
[2020.09.06-02.02.50:926][263]LogAssetEditorSubsystem: Opening Asset editor for World /Game/FirstPersonCPP/Maps/FirstPersonExampleMap.FirstPersonExampleMap
[2020.09.06-02.02.50:939][263]LogUObjectHash: Compacting FUObjectHashTables data took   0.59ms
[2020.09.06-02.02.50:942][263]Cmd: MAP LOAD FILE="C:/Users/Nathanael/Documents/08_UNREAL_PROJECT/1_JAM/Creative_jam_2020/creativejam/Content/FirstPersonCPP/Maps/FirstPersonExampleMap.umap" TEMPLATE=0 SHOWPROGRESS=1 FEATURELEVEL=3
[2020.09.06-02.02.50:942][263]LightingResults: New page: Lighting Build
[2020.09.06-02.02.50:942][263]LoadErrors: New page: Loading map: FirstPersonExampleMap.umap
[2020.09.06-02.02.50:980][263]LogWorld: UWorld::CleanupWorld for MASTER_Lv, bSessionEnded=true, bCleanupResources=true
[2020.09.06-02.02.50:980][263]LogSlate: InvalidateAllWidgets triggered.  All widgets were invalidated
[2020.09.06-02.02.50:980][263]MapCheck: New page: Map Check
[2020.09.06-02.02.50:980][263]LightingResults: New page: Lighting Build
[2020.09.06-02.02.50:989][263]LogAISub: UAISubsystem::~UAISubsystem AIPerceptionSystem (000001B4F2C95080), frame # 263
[2020.09.06-02.02.50:989][263]LogAISub: UAISubsystem::~UAISubsystem EnvQueryManager (000001B4F91ABE00), frame # 263
[2020.09.06-02.02.50:989][263]LogUObjectHash: Compacting FUObjectHashTables data took   0.50ms
[2020.09.06-02.02.50:993][263]LogEditorServer: Finished looking for orphan Actors (0.000 secs)
[2020.09.06-02.02.50:993][263]LogAIModule: Creating AISystem for world FirstPersonExampleMap
[2020.09.06-02.02.50:993][263]LogAISub: UAISubsystem::UAISubsystem EnvQueryManager (000001B491BDEC00), frame # 263
[2020.09.06-02.02.50:993][263]LogAISub: UAISubsystem::UAISubsystem AIPerceptionSystem (000001B4E1730E00), frame # 263
[2020.09.06-02.02.51:003][263]LogUObjectHash: Compacting FUObjectHashTables data took   0.51ms
[2020.09.06-02.02.51:027][263]Cmd: MAP CHECKDEP NOCLEARLOG
[2020.09.06-02.02.51:028][263]MapCheck: Map check complete: 0 Error(s), 0 Warning(s), took 0,111ms to complete.
[2020.09.06-02.02.51:028][263]LogFileHelpers: Loading map 'FirstPersonExampleMap' took 0.086
[2020.09.06-02.02.58:204][ 48]AssetReimport: New page: Outstanding source content changes 18 h 02 min 58 s
[2020.09.06-02.02.58:208][ 48]LogFactory: FactoryCreateFile: StaticMesh with FbxFactory (0 0 C:/Users/Nathanael/Documents/08_UNREAL_PROJECT/1_JAM/Creative_jam_2020/creativejam/Content/RiggedBaby_Assets/RiggedBaby.fbx)
[2020.09.06-02.02.58:218][ 48]LogFbx: Loading FBX Scene from C:/Users/Nathanael/Documents/08_UNREAL_PROJECT/1_JAM/Creative_jam_2020/creativejam/Content/RiggedBaby_Assets/RiggedBaby.fbx
[2020.09.06-02.02.58:266][ 48]LogFbx: FBX Scene Loaded Succesfully
[2020.09.06-02.03.01:381][ 48]LogSlate: Window 'FBX Import Options' being destroyed
[2020.09.06-02.03.01:417][ 48]LogFbx: Valid bind pose for Pose (skinCluster1) - baby4_baseObject
[2020.09.06-02.03.01:418][ 48]LogFbx: Valid bind pose for Pose (skinCluster4) - baby4_baseObject
[2020.09.06-02.03.02:465][ 48]LogSkeletalMesh: Section 0: 9961 vertices, 63 active bones
[2020.09.06-02.03.02:465][ 48]LogSkeletalMesh: Section 1: 1623 vertices, 4 active bones
[2020.09.06-02.03.02:466][ 48]LogSkeletalMesh: Section 0: Material=0, 17902 triangles
[2020.09.06-02.03.02:466][ 48]LogSkeletalMesh: Section 1: Material=1, 2964 triangles
[2020.09.06-02.03.02:470][ 48]LogSkeletalMesh: Building Skeletal Mesh RiggedBaby...
[2020.09.06-02.03.02:836][ 48]LogSkeletalMesh: Section 0: 9961 vertices, 63 active bones
[2020.09.06-02.03.02:836][ 48]LogSkeletalMesh: Section 1: 1623 vertices, 4 active bones
[2020.09.06-02.03.02:837][ 48]LogSkeletalMesh: Section 0: Material=0, 17902 triangles
[2020.09.06-02.03.02:837][ 48]LogSkeletalMesh: Section 1: Material=1, 2964 triangles
[2020.09.06-02.03.02:864][ 48]LogSkeletalMesh: Built Skeletal Mesh [0.39s] /Game/RiggedBaby_Assets/RiggedBaby.RiggedBaby
[2020.09.06-02.03.02:874][ 48]LogWorld: UWorld::CleanupWorld for World_1, bSessionEnded=true, bCleanupResources=true
[2020.09.06-02.03.02:874][ 48]LogSlate: InvalidateAllWidgets triggered.  All widgets were invalidated
[2020.09.06-02.03.02:983][ 48]LogSlate: Took 0.000066 seconds to synchronously load lazily loaded font '../../../Engine/Content/Slate/Fonts/DroidSansMono.ttf' (77K)
[2020.09.06-02.03.02:987][ 49]LogFactory: FactoryCreateFile: StaticMesh with FbxFactory (0 0 C:/Users/Nathanael/Documents/08_UNREAL_PROJECT/1_JAM/Creative_jam_2020/creativejam/Content/Geometry/FBX/SM_L_Building_A.fbx)
[2020.09.06-02.03.02:992][ 49]LogFbx: Loading FBX Scene from C:/Users/Nathanael/Documents/08_UNREAL_PROJECT/1_JAM/Creative_jam_2020/creativejam/Content/Geometry/FBX/SM_L_Building_A.fbx
[2020.09.06-02.03.02:998][ 49]LogFbx: FBX Scene Loaded Succesfully
[2020.09.06-02.03.05:172][ 49]LogSlate: Window 'FBX Import Options' being destroyed
[2020.09.06-02.03.05:305][ 49]LogStaticMesh: Building static mesh SM_L_Building_A...
[2020.09.06-02.03.05:346][ 49]LogStaticMesh: Built static mesh [0.04s] /Game/Geometry/FBX/SM_L_Building_A.SM_L_Building_A
[2020.09.06-02.03.05:413][ 50]LogFactory: FactoryCreateFile: StaticMesh with FbxFactory (0 0 C:/Users/Nathanael/Documents/08_UNREAL_PROJECT/1_JAM/Creative_jam_2020/creativejam/Content/RiggedBaby_Assets/animations/iddle1.fbx)
[2020.09.06-02.03.05:420][ 50]LogFbx: Loading FBX Scene from C:/Users/Nathanael/Documents/08_UNREAL_PROJECT/1_JAM/Creative_jam_2020/creativejam/Content/RiggedBaby_Assets/animations/iddle1.fbx
[2020.09.06-02.03.05:459][ 50]LogFbx: FBX Scene Loaded Succesfully
[2020.09.06-02.03.46:758][ 50]LogSlate: Window 'FBX Import Options' being destroyed
[2020.09.06-02.03.46:808][ 50]LogUObjectHash: Compacting FUObjectHashTables data took   0.52ms
[2020.09.06-02.03.46:817][ 50]LogUObjectHash: Compacting FUObjectHashTables data took   0.30ms
[2020.09.06-02.03.46:843][ 51]LogEditorFactories: Performing atomic reimport of [C:/Users/Nathanael/Documents/08_UNREAL_PROJECT/1_JAM/Creative_jam_2020/creativejam/Content/Geometry/FBX/SM_FlowerPot.fbx]
[2020.09.06-02.03.46:852][ 51]LogFbx: Loading FBX Scene from C:/Users/Nathanael/Documents/08_UNREAL_PROJECT/1_JAM/Creative_jam_2020/creativejam/Content/Geometry/FBX/SM_FlowerPot.fbx
[2020.09.06-02.03.46:858][ 51]LogFbx: FBX Scene Loaded Succesfully
[2020.09.06-02.03.46:863][ 51]LogStaticMesh: Building static mesh SM_FlowerPot...
[2020.09.06-02.03.46:892][ 51]LogStaticMesh: Built static mesh [0.03s] /Engine/Transient.SM_FlowerPot
[2020.09.06-02.03.46:932][ 51]LogStaticMesh: Building static mesh SM_FlowerPot...
[2020.09.06-02.03.46:943][ 51]LogStaticMesh: Built static mesh [0.01s] /Game/Geometry/FBX/SM_FlowerPot.SM_FlowerPot
[2020.09.06-02.03.46:944][ 51]LogEditorFactories: -- imported successfully
[2020.09.06-02.03.46:977][ 52]LogEditorFactories: Performing atomic reimport of [C:/Users/Nathanael/Documents/08_UNREAL_PROJECT/1_JAM/Creative_jam_2020/creativejam/Content/Geometry/FBX/SM_M_Building_B.fbx]
[2020.09.06-02.03.46:983][ 52]LogFbx: Loading FBX Scene from C:/Users/Nathanael/Documents/08_UNREAL_PROJECT/1_JAM/Creative_jam_2020/creativejam/Content/Geometry/FBX/SM_M_Building_B.fbx
[2020.09.06-02.03.46:990][ 52]LogFbx: FBX Scene Loaded Succesfully
[2020.09.06-02.03.47:014][ 52]LogStaticMesh: Building static mesh SM_M_Building_B...
[2020.09.06-02.03.47:104][ 52]LogStaticMesh: Built static mesh [0.09s] /Engine/Transient.SM_M_Building_B
[2020.09.06-02.03.47:310][ 52]LogStaticMesh: Building static mesh SM_M_Building_B...
[2020.09.06-02.03.47:391][ 52]LogStaticMesh: Built static mesh [0.08s] /Game/Geometry/FBX/SM_M_Building_B.SM_M_Building_B
[2020.09.06-02.03.52:824][ 52]LogSlate: Window 'Reimport Material Conflicts Resolution' being destroyed
[2020.09.06-02.03.52:829][ 52]LogEditorFactories: -- imported successfully
[2020.09.06-02.03.52:858][ 53]LogEditorFactories: Performing atomic reimport of [C:/Users/Nathanael/Documents/08_UNREAL_PROJECT/1_JAM/Creative_jam_2020/creativejam/Content/Geometry/FBX/SM_S_Building_B.fbx]
[2020.09.06-02.03.52:864][ 53]LogFbx: Loading FBX Scene from C:/Users/Nathanael/Documents/08_UNREAL_PROJECT/1_JAM/Creative_jam_2020/creativejam/Content/Geometry/FBX/SM_S_Building_B.fbx
[2020.09.06-02.03.52:869][ 53]LogFbx: FBX Scene Loaded Succesfully
[2020.09.06-02.03.52:873][ 53]LogStaticMesh: Building static mesh SM_S_Building_B...
[2020.09.06-02.03.52:885][ 53]LogStaticMesh: Built static mesh [0.01s] /Engine/Transient.SM_S_Building_B
[2020.09.06-02.03.52:918][ 53]LogStaticMesh: Building static mesh SM_S_Building_B...
[2020.09.06-02.03.52:929][ 53]LogStaticMesh: Built static mesh [0.01s] /Game/Geometry/FBX/SM_S_Building_B.SM_S_Building_B
[2020.09.06-02.03.52:931][ 53]LogEditorFactories: -- imported successfully
[2020.09.06-02.03.53:095][ 54]LogSavePackage: Moving 'C:/Users/Nathanael/Documents/08_UNREAL_PROJECT/1_JAM/Creative_jam_2020/creativejam/Saved/RiggedBabyEA57FDC64A11811A4A5A83ADB75E8856.tmp' to 'C:/Users/Nathanael/Documents/08_UNREAL_PROJECT/1_JAM/Creative_jam_2020/creativejam/Content/RiggedBaby_Assets/RiggedBaby.uasset'
[2020.09.06-02.03.53:127][ 54]LogSavePackage: Moving 'C:/Users/Nathanael/Documents/08_UNREAL_PROJECT/1_JAM/Creative_jam_2020/creativejam/Saved/SM_L_Building_A14CDE1674CCEEA2A193FEE8DD1D3DE18.tmp' to 'C:/Users/Nathanael/Documents/08_UNREAL_PROJECT/1_JAM/Creative_jam_2020/creativejam/Content/Geometry/FBX/SM_L_Building_A.uasset'
[2020.09.06-02.03.53:159][ 54]LogSavePackage: Moving 'C:/Users/Nathanael/Documents/08_UNREAL_PROJECT/1_JAM/Creative_jam_2020/creativejam/Saved/SM_FlowerPot50E564B3421FF5F41682C780C30B8ED1.tmp' to 'C:/Users/Nathanael/Documents/08_UNREAL_PROJECT/1_JAM/Creative_jam_2020/creativejam/Content/Geometry/FBX/SM_FlowerPot.uasset'
[2020.09.06-02.03.53:201][ 54]LogSavePackage: Moving 'C:/Users/Nathanael/Documents/08_UNREAL_PROJECT/1_JAM/Creative_jam_2020/creativejam/Saved/SM_M_Building_B53BD86A94E30DE6FF47A7192BCF31A04.tmp' to 'C:/Users/Nathanael/Documents/08_UNREAL_PROJECT/1_JAM/Creative_jam_2020/creativejam/Content/Geometry/FBX/SM_M_Building_B.uasset'
[2020.09.06-02.03.53:242][ 54]LogSavePackage: Moving 'C:/Users/Nathanael/Documents/08_UNREAL_PROJECT/1_JAM/Creative_jam_2020/creativejam/Saved/SM_S_Building_BA640DA934D9C8C77C4DE0D8AC7C39908.tmp' to 'C:/Users/Nathanael/Documents/08_UNREAL_PROJECT/1_JAM/Creative_jam_2020/creativejam/Content/Geometry/FBX/SM_S_Building_B.uasset'
[2020.09.06-02.03.53:277][ 55]AssetCheck: New page: Asset Save: multiple assets
[2020.09.06-02.03.53:277][ 55]LogContentValidation: Display: Validating SkeletalMesh /Game/RiggedBaby_Assets/RiggedBaby.RiggedBaby
[2020.09.06-02.03.53:277][ 55]LogContentValidation: Display: Validating StaticMesh /Game/Geometry/FBX/SM_L_Building_A.SM_L_Building_A
[2020.09.06-02.03.53:277][ 55]LogContentValidation: Display: Validating StaticMesh /Game/Geometry/FBX/SM_FlowerPot.SM_FlowerPot
[2020.09.06-02.03.53:277][ 55]LogContentValidation: Display: Validating StaticMesh /Game/Geometry/FBX/SM_M_Building_B.SM_M_Building_B
[2020.09.06-02.03.53:277][ 55]LogContentValidation: Display: Validating StaticMesh /Game/Geometry/FBX/SM_S_Building_B.SM_S_Building_B
[2020.09.06-02.03.56:250][410]AssetReimport: Importing new asset /Game/RiggedBaby_Assets/RiggedBaby.
[2020.09.06-02.03.56:250][410]AssetReimport: Importing new asset /Game/Geometry/FBX/SM_L_Building_A.
[2020.09.06-02.03.56:251][410]AssetReimport: Importing new asset /Game/RiggedBaby_Assets/animations/iddle1.
[2020.09.06-02.03.56:251][410]AssetReimport: Failed to import file C:/Users/Nathanael/Documents/08_UNREAL_PROJECT/1_JAM/Creative_jam_2020/creativejam/Content/RiggedBaby_Assets/animations/iddle1.fbx.
[2020.09.06-02.03.56:251][410]AssetReimport: Reimported asset SM_FlowerPot from C:/Users/Nathanael/Documents/08_UNREAL_PROJECT/1_JAM/Creative_jam_2020/creativejam/Content/Geometry/FBX/SM_FlowerPot.fbx.
[2020.09.06-02.03.56:251][410]AssetReimport: Reimported asset SM_M_Building_B from C:/Users/Nathanael/Documents/08_UNREAL_PROJECT/1_JAM/Creative_jam_2020/creativejam/Content/Geometry/FBX/SM_M_Building_B.fbx.
[2020.09.06-02.03.56:251][410]AssetReimport: Reimported asset SM_S_Building_B from C:/Users/Nathanael/Documents/08_UNREAL_PROJECT/1_JAM/Creative_jam_2020/creativejam/Content/Geometry/FBX/SM_S_Building_B.fbx.
[2020.09.06-02.03.56:263][412]LogSlate: Window 'Message Log' being destroyed
[2020.09.06-02.03.56:267][412]LogSlate: Window 'Message Log' being destroyed
[2020.09.06-02.03.59:276][736]Candidate modules for hot reload:
[2020.09.06-02.03.59:276][736]  creativejam
[2020.09.06-02.03.59:277][736]Launching UnrealBuildTool... [E:/EpicGames/UE_4.25/Engine/Binaries/DotNET/UnrealBuildTool.exe  -ModuleWithSuffix=creativejam,4771 creativejamEditor Win64 Development -Project="C:/Users/Nathanael/Documents/08_UNREAL_PROJECT/1_JAM/Creative_jam_2020/creativejam/creativejam.uproject" "C:/Users/Nathanael/Documents/08_UNREAL_PROJECT/1_JAM/Creative_jam_2020/creativejam/creativejam.uproject"  -IgnoreJunk]
[2020.09.06-02.03.59:284][736]Warning: Starting HotReload took  0.3s.
[2020.09.06-02.04.01:174][941]CompilerResultsLog: New page: Compilation - 5 sept. 2020 18 h 04 min 01 s
[2020.09.06-02.04.01:174][941]CompilerResultsLog: Using 'git status' to determine working set for adaptive non-unity build (C:\Users\Nathanael\Documents\08_UNREAL_PROJECT\1_JAM\Creative_jam_2020).
[2020.09.06-02.04.01:174][941]CompilerResultsLog: Building creativejamEditor...
[2020.09.06-02.04.01:174][941]CompilerResultsLog: Using Visual Studio 2019 14.27.29111 toolchain (C:\Program Files (x86)\Microsoft Visual Studio\2019\Community\VC\Tools\MSVC\14.27.29110) and Windows 10.0.18362.0 SDK (C:\Program Files (x86)\Windows Kits\10).
[2020.09.06-02.04.01:174][941]CompilerResultsLog: Building 3 actions with 12 processes...
[2020.09.06-02.04.01:174][941]CompilerResultsLog:   [1/3] UE4Editor-creativejam-4771.lib
[2020.09.06-02.04.01:174][941]CompilerResultsLog:      Cr?ation de la biblioth?que C:\Users\Nathanael\Documents\08_UNREAL_PROJECT\1_JAM\Creative_jam_2020\creativejam\Intermediate\Build\Win64\UE4Editor\Development\creativejam\UE4Editor-creativejam-4771.lib et de l'objet C:\Users\Nathanael\Documents\08_UNREAL_PROJECT\1_JAM\Creative_jam_2020\creativejam\Intermediate\Build\Win64\UE4Editor\Development\creativejam\UE4Editor-creativejam-4771.exp
[2020.09.06-02.04.01:174][941]CompilerResultsLog:   [2/3] UE4Editor-creativejam-4771.dll
[2020.09.06-02.04.01:174][941]CompilerResultsLog:      Cr?ation de la biblioth?que C:\Users\Nathanael\Documents\08_UNREAL_PROJECT\1_JAM\Creative_jam_2020\creativejam\Intermediate\Build\Win64\UE4Editor\Development\creativejam\UE4Editor-creativejam-4771.suppressed.lib et de l'objet C:\Users\Nathanael\Documents\08_UNREAL_PROJECT\1_JAM\Creative_jam_2020\creativejam\Intermediate\Build\Win64\UE4Editor\Development\creativejam\UE4Editor-creativejam-4771.suppressed.exp
[2020.09.06-02.04.01:174][941]CompilerResultsLog:   [3/3] creativejamEditor.target
[2020.09.06-02.04.01:174][941]CompilerResultsLog: Total time in Parallel executor: 1,07 seconds
[2020.09.06-02.04.01:174][941]CompilerResultsLog: Total execution time: 1,78 seconds
[2020.09.06-02.04.01:174][941]LogMainFrame: MainFrame: Module compiling took 1.901 seconds
[2020.09.06-02.04.01:235][941]LogClass: DestructibleData HotReload.
[2020.09.06-02.04.01:238][941]LogHotReload: Re-instancing creativejamCharacter after hot-reload.
[2020.09.06-02.04.01:247][941]LogContentBrowser: Native class hierarchy updated for 'creativejam' in 0.0003 seconds. Added 6 classes and 2 folders.
[2020.09.06-02.04.01:248][941]Display: HotReload successful (6 functions remapped  1 scriptstructs remapped)
[2020.09.06-02.04.01:287][941]LogContentBrowser: Native class hierarchy populated in 0.0089 seconds. Added 3433 classes and 823 folders.
[2020.09.06-02.04.01:292][941]Display: HotReload took  2.3s.
[2020.09.06-02.04.03:831][242]LogTemp: Repeating last play command: Selected Viewport
[2020.09.06-02.04.03:848][242]LogPlayLevel: PlayLevel: No blueprints needed recompiling
[2020.09.06-02.04.03:848][242]PIE: New page: PIE session: FirstPersonExampleMap (5 sept. 2020 18 h 04 min 03 s)
[2020.09.06-02.04.03:848][242]LogOnline: OSS: Creating online subsystem instance for: NULL
[2020.09.06-02.04.03:849][242]LogOnline: OSS: TryLoadSubsystemAndSetDefault: Loaded subsystem for module [NULL]
[2020.09.06-02.04.03:849][242]LogPlayLevel: Creating play world package: /Game/FirstPersonCPP/Maps/UEDPIE_0_FirstPersonExampleMap
[2020.09.06-02.04.03:862][242]LogPlayLevel: PIE: StaticDuplicateObject took: (0.013035s)
[2020.09.06-02.04.03:863][242]LogAIModule: Creating AISystem for world FirstPersonExampleMap
[2020.09.06-02.04.03:863][242]LogAISub: UAISubsystem::UAISubsystem EnvQueryManager (000001B492407E00), frame # 2242
[2020.09.06-02.04.03:863][242]LogAISub: UAISubsystem::UAISubsystem AIPerceptionSystem (000001B4E1733880), frame # 2242
[2020.09.06-02.04.03:864][242]LogPlayLevel: PIE: World Init took: (0.001191s)
[2020.09.06-02.04.03:864][242]LogPlayLevel: PIE: Created PIE world by copying editor world from /Game/FirstPersonCPP/Maps/FirstPersonExampleMap.FirstPersonExampleMap to /Game/FirstPersonCPP/Maps/UEDPIE_0_FirstPersonExampleMap.FirstPersonExampleMap (0.014346s)
[2020.09.06-02.04.03:882][242]LogUObjectHash: Compacting FUObjectHashTables data took   0.68ms
[2020.09.06-02.04.03:883][242]LogAudioMixer: Display: Audio Mixer Platform Settings:
[2020.09.06-02.04.03:883][242]LogAudioMixer: Display: 	Sample Rate:						  48000
[2020.09.06-02.04.03:883][242]LogAudioMixer: Display: 	Callback Buffer Frame Size Requested: 1024
[2020.09.06-02.04.03:883][242]LogAudioMixer: Display: 	Callback Buffer Frame Size To Use:	  1024
[2020.09.06-02.04.03:883][242]LogAudioMixer: Display: 	Number of buffers to queue:			  2
[2020.09.06-02.04.03:883][242]LogAudioMixer: Display: 	Max Channels (voices):				  32
[2020.09.06-02.04.03:883][242]LogAudioMixer: Display: 	Number of Async Source Workers:		  0
[2020.09.06-02.04.03:883][242]LogAudio: Display: AudioDevice MaxSources: 32
[2020.09.06-02.04.03:883][242]LogAudio: Display: Using built-in audio occlusion.
[2020.09.06-02.04.03:883][242]LogAudioMixer: Display: Initializing audio mixer.
[2020.09.06-02.04.03:900][242]LogAudioMixer: Display: 0: FrontLeft
[2020.09.06-02.04.03:900][242]LogAudioMixer: Display: 1: FrontRight
[2020.09.06-02.04.03:929][242]LogAudioMixer: Display: Using Audio Device VoiceMeeter Input (VB-Audio VoiceMeeter VAIO)
[2020.09.06-02.04.03:929][242]LogAudioMixer: Display: Initializing Sound Submixes...
[2020.09.06-02.04.03:929][242]LogAudioMixer: Display: Creating Master Submix 'MasterSubmixDefault'
[2020.09.06-02.04.03:929][242]LogAudioMixer: Display: Creating Master Submix 'MasterReverbSubmixDefault'
[2020.09.06-02.04.03:929][242]LogAudioMixer: Display: Creating Master Submix 'MasterEQSubmixDefault'
[2020.09.06-02.04.03:940][242]LogInit: FAudioDevice initialized.
[2020.09.06-02.04.03:948][242]LogLoad: Game class is 'creativejamGameMode'
[2020.09.06-02.04.03:950][242]LogWorld: Bringing World /Game/FirstPersonCPP/Maps/UEDPIE_0_FirstPersonExampleMap.FirstPersonExampleMap up for play (max tick rate 0) at 2020.09.05-22.04.03
[2020.09.06-02.04.03:951][242]LogWorld: Bringing up level for play took: 0.001895
[2020.09.06-02.04.03:951][242]LogOnline: OSS: Creating online subsystem instance for: :Context_5
[2020.09.06-02.04.03:970][242]LogContentBrowser: Native class hierarchy updated for 'MovieSceneCapture' in 0.0003 seconds. Added 20 classes and 0 folders.
[2020.09.06-02.04.03:972][242]PIE: Server logged in
[2020.09.06-02.04.03:973][242]PIE: Play in editor total start time 0,128 seconds.
[2020.09.06-02.04.07:901][703]LogSlate: Updating window title bar state: overlay mode, drag disabled, window buttons hidden, title bar hidden
[2020.09.06-02.04.07:901][703]LogWorld: BeginTearingDown for /Game/FirstPersonCPP/Maps/UEDPIE_0_FirstPersonExampleMap
[2020.09.06-02.04.07:901][703]LogWorld: UWorld::CleanupWorld for FirstPersonExampleMap, bSessionEnded=true, bCleanupResources=true
[2020.09.06-02.04.07:901][703]LogSlate: InvalidateAllWidgets triggered.  All widgets were invalidated
[2020.09.06-02.04.07:907][703]LogPlayLevel: Display: Shutting down PIE online subsystems
[2020.09.06-02.04.07:908][703]LogSlate: InvalidateAllWidgets triggered.  All widgets were invalidated
[2020.09.06-02.04.07:929][703]LogSlate: Updating window title bar state: overlay mode, drag disabled, window buttons hidden, title bar hidden
[2020.09.06-02.04.07:931][703]LogAISub: UAISubsystem::~UAISubsystem EnvQueryManager (000001B492407E00), frame # 2703
[2020.09.06-02.04.07:931][703]LogAISub: UAISubsystem::~UAISubsystem AIPerceptionSystem (000001B4E1733880), frame # 2703
[2020.09.06-02.04.07:931][703]LogUObjectHash: Compacting FUObjectHashTables data took   0.49ms
[2020.09.06-02.04.07:983][705]LogPlayLevel: Display: Destroying online subsystem :Context_5
[2020.09.06-02.04.13:456][301]LogTemp: Repeating last play command: Selected Viewport
[2020.09.06-02.04.13:478][301]LogPlayLevel: PlayLevel: No blueprints needed recompiling
[2020.09.06-02.04.13:478][301]PIE: New page: PIE session: FirstPersonExampleMap (5 sept. 2020 18 h 04 min 13 s)
[2020.09.06-02.04.13:520][301]LogPlayLevel: Creating play world package: /Game/FirstPersonCPP/Maps/UEDPIE_0_FirstPersonExampleMap
[2020.09.06-02.04.13:530][301]LogPlayLevel: PIE: StaticDuplicateObject took: (0.010170s)
[2020.09.06-02.04.13:531][301]LogAIModule: Creating AISystem for world FirstPersonExampleMap
[2020.09.06-02.04.13:531][301]LogAISub: UAISubsystem::UAISubsystem EnvQueryManager (000001B488B1A200), frame # 3301
[2020.09.06-02.04.13:531][301]LogAISub: UAISubsystem::UAISubsystem AIPerceptionSystem (000001B4E92C3B00), frame # 3301
[2020.09.06-02.04.13:532][301]LogPlayLevel: PIE: World Init took: (0.001456s)
[2020.09.06-02.04.13:532][301]LogPlayLevel: PIE: Created PIE world by copying editor world from /Game/FirstPersonCPP/Maps/FirstPersonExampleMap.FirstPersonExampleMap to /Game/FirstPersonCPP/Maps/UEDPIE_0_FirstPersonExampleMap.FirstPersonExampleMap (0.011834s)
[2020.09.06-02.04.13:551][301]LogUObjectHash: Compacting FUObjectHashTables data took   1.08ms
[2020.09.06-02.04.13:553][301]LogAudioMixer: Display: Audio Mixer Platform Settings:
[2020.09.06-02.04.13:553][301]LogAudioMixer: Display: 	Sample Rate:						  48000
[2020.09.06-02.04.13:553][301]LogAudioMixer: Display: 	Callback Buffer Frame Size Requested: 1024
[2020.09.06-02.04.13:553][301]LogAudioMixer: Display: 	Callback Buffer Frame Size To Use:	  1024
[2020.09.06-02.04.13:553][301]LogAudioMixer: Display: 	Number of buffers to queue:			  2
[2020.09.06-02.04.13:553][301]LogAudioMixer: Display: 	Max Channels (voices):				  32
[2020.09.06-02.04.13:553][301]LogAudioMixer: Display: 	Number of Async Source Workers:		  0
[2020.09.06-02.04.13:553][301]LogAudio: Display: AudioDevice MaxSources: 32
[2020.09.06-02.04.13:553][301]LogAudio: Display: Using built-in audio occlusion.
[2020.09.06-02.04.13:554][301]LogAudioMixer: Display: Initializing audio mixer.
[2020.09.06-02.04.13:568][301]LogAudioMixer: Display: 0: FrontLeft
[2020.09.06-02.04.13:568][301]LogAudioMixer: Display: 1: FrontRight
[2020.09.06-02.04.13:595][301]LogAudioMixer: Display: Using Audio Device VoiceMeeter Input (VB-Audio VoiceMeeter VAIO)
[2020.09.06-02.04.13:595][301]LogAudioMixer: Display: Initializing Sound Submixes...
[2020.09.06-02.04.13:595][301]LogAudioMixer: Display: Creating Master Submix 'MasterSubmixDefault'
[2020.09.06-02.04.13:595][301]LogAudioMixer: Display: Creating Master Submix 'MasterReverbSubmixDefault'
[2020.09.06-02.04.13:595][301]LogAudioMixer: Display: Creating Master Submix 'MasterEQSubmixDefault'
[2020.09.06-02.04.13:606][301]LogInit: FAudioDevice initialized.
[2020.09.06-02.04.13:616][301]LogLoad: Game class is 'creativejamGameMode'
[2020.09.06-02.04.13:618][301]LogWorld: Bringing World /Game/FirstPersonCPP/Maps/UEDPIE_0_FirstPersonExampleMap.FirstPersonExampleMap up for play (max tick rate 0) at 2020.09.05-22.04.13
[2020.09.06-02.04.13:618][301]LogWorld: Bringing up level for play took: 0.001173
[2020.09.06-02.04.13:618][301]LogOnline: OSS: Creating online subsystem instance for: :Context_8
[2020.09.06-02.04.13:622][301]PIE: Server logged in
[2020.09.06-02.04.13:622][301]PIE: Play in editor total start time 0,146 seconds.
[2020.09.06-02.04.19:041][946]LogSlate: Updating window title bar state: overlay mode, drag disabled, window buttons hidden, title bar hidden
[2020.09.06-02.04.19:041][946]LogWorld: BeginTearingDown for /Game/FirstPersonCPP/Maps/UEDPIE_0_FirstPersonExampleMap
[2020.09.06-02.04.19:041][946]LogWorld: UWorld::CleanupWorld for FirstPersonExampleMap, bSessionEnded=true, bCleanupResources=true
[2020.09.06-02.04.19:041][946]LogSlate: InvalidateAllWidgets triggered.  All widgets were invalidated
[2020.09.06-02.04.19:047][946]LogPlayLevel: Display: Shutting down PIE online subsystems
[2020.09.06-02.04.19:048][946]LogSlate: InvalidateAllWidgets triggered.  All widgets were invalidated
[2020.09.06-02.04.19:069][946]LogSlate: Updating window title bar state: overlay mode, drag disabled, window buttons hidden, title bar hidden
[2020.09.06-02.04.19:070][946]LogAISub: UAISubsystem::~UAISubsystem EnvQueryManager (000001B488B1A200), frame # 3946
[2020.09.06-02.04.19:070][946]LogAISub: UAISubsystem::~UAISubsystem AIPerceptionSystem (000001B4E92C3B00), frame # 3946
[2020.09.06-02.04.19:071][946]LogUObjectHash: Compacting FUObjectHashTables data took   0.54ms
[2020.09.06-02.04.19:121][948]LogPlayLevel: Display: Destroying online subsystem :Context_8
