Log file open, 09/06/20 13:35:34
LogInit: Display: Running engine for game: creativejam
LogPlatformFile: Not using cached read wrapper
LogTaskGraph: Started task graph with 5 named threads and 35 total threads with 3 sets of task threads.
LogStats: Stats thread started at 0.264196
LogD3D11RHI: Loaded GFSDK_Aftermath_Lib.x64.dll
LogICUInternationalization: ICU TimeZone Detection - Raw Offset: -5:00, Platform Override: ''
LogPluginManager: Mounting plugin Paper2D
LogPluginManager: Mounting plugin AISupport
LogPluginManager: Mounting plugin LightPropagationVolume
LogPluginManager: Mounting plugin CameraShakePreviewer
LogPluginManager: Mounting plugin ActorLayerUtilities
LogPluginManager: Mounting plugin AnimationSharing
LogPluginManager: Mounting plugin CLionSourceCodeAccess
LogPluginManager: Mounting plugin CodeLiteSourceCodeAccess
LogPluginManager: Mounting plugin GitSourceControl
LogPluginManager: Mounting plugin KDevelopSourceCodeAccess
LogPluginManager: Mounting plugin NullSourceCodeAccess
LogPluginManager: Mounting plugin PerforceSourceControl
LogPluginManager: Mounting plugin PlasticSourceControl
LogPluginManager: Mounting plugin RiderSourceCodeAccess
LogPluginManager: Mounting plugin SubversionSourceControl
LogPluginManager: Mounting plugin UObjectPlugin
LogPluginManager: Mounting plugin VisualStudioCodeSourceCodeAccess
LogPluginManager: Mounting plugin VisualStudioSourceCodeAccess
LogPluginManager: Mounting plugin XCodeSourceCodeAccess
LogPluginManager: Mounting plugin AssetManagerEditor
LogPluginManager: Mounting plugin CryptoKeys
LogPluginManager: Mounting plugin CurveEditorTools
LogPluginManager: Mounting plugin DataValidation
LogPluginManager: Mounting plugin EditorScriptingUtilities
LogPluginManager: Mounting plugin FacialAnimation
LogPluginManager: Mounting plugin GameplayTagsEditor
LogPluginManager: Mounting plugin GeometryMode
LogPluginManager: Mounting plugin MacGraphicsSwitching
LogPluginManager: Mounting plugin MaterialAnalyzer
LogPluginManager: Mounting plugin MobileLauncherProfileWizard
LogPluginManager: Mounting plugin PluginBrowser
LogPluginManager: Mounting plugin SpeedTreeImporter
LogPluginManager: Mounting plugin DatasmithContent
LogPluginManager: Mounting plugin VariantManagerContent
LogPluginManager: Mounting plugin AlembicImporter
LogPluginManager: Mounting plugin AutomationUtils
LogPluginManager: Mounting plugin BackChannel
LogPluginManager: Mounting plugin ChaosCloth
LogPluginManager: Mounting plugin ChaosClothEditor
LogPluginManager: Mounting plugin ChaosEditor
LogPluginManager: Mounting plugin ChaosNiagara
LogPluginManager: Mounting plugin ChaosSolverPlugin
LogPluginManager: Mounting plugin CharacterAI
LogPluginManager: Mounting plugin GeometryCache
LogPluginManager: Mounting plugin GeometryCollectionPlugin
LogPluginManager: Mounting plugin GeometryProcessing
LogPluginManager: Mounting plugin PlanarCut
LogPluginManager: Mounting plugin PlatformCrypto
LogPluginManager: Mounting plugin ProxyLODPlugin
LogPluginManager: Mounting plugin SkeletalReduction
LogPluginManager: Mounting plugin Niagara
LogPluginManager: Mounting plugin MagicLeap
LogPluginManager: Mounting plugin MagicLeapLightEstimation
LogPluginManager: Mounting plugin MagicLeapMedia
LogPluginManager: Mounting plugin MagicLeapPassableWorld
LogPluginManager: Mounting plugin MLSDK
LogPluginManager: Mounting plugin AndroidMedia
LogPluginManager: Mounting plugin AvfMedia
LogPluginManager: Mounting plugin ImgMedia
LogPluginManager: Mounting plugin MediaCompositing
LogPluginManager: Mounting plugin MediaPlayerEditor
LogPluginManager: Mounting plugin WebMMedia
LogPluginManager: Mounting plugin WmfMedia
LogPluginManager: Mounting plugin MeshPainting
LogPluginManager: Mounting plugin TcpMessaging
LogPluginManager: Mounting plugin UdpMessaging
LogPluginManager: Mounting plugin ActorSequence
LogPluginManager: Mounting plugin LevelSequenceEditor
LogPluginManager: Mounting plugin MatineeToLevelSequence
LogPluginManager: Mounting plugin MovieRenderPipeline
LogPluginManager: Mounting plugin TemplateSequence
LogPluginManager: Mounting plugin NetcodeUnitTest
LogPluginManager: Mounting plugin NUTUnrealEngine4
LogPluginManager: Mounting plugin OnlineSubsystemGooglePlay
LogPluginManager: Mounting plugin OnlineSubsystemIOS
LogPluginManager: Mounting plugin OnlineSubsystem
LogPluginManager: Mounting plugin OnlineSubsystemNull
LogPluginManager: Mounting plugin OnlineSubsystemUtils
LogPluginManager: Mounting plugin LauncherChunkInstaller
LogPluginManager: Mounting plugin AndroidDeviceProfileSelector
LogPluginManager: Mounting plugin AndroidMoviePlayer
LogPluginManager: Mounting plugin AndroidPermission
LogPluginManager: Mounting plugin AppleImageUtils
LogPluginManager: Mounting plugin AppleMoviePlayer
LogPluginManager: Mounting plugin ArchVisCharacter
LogPluginManager: Mounting plugin AssetTags
LogPluginManager: Mounting plugin AudioCapture
LogPluginManager: Mounting plugin CableComponent
LogPluginManager: Mounting plugin CustomMeshComponent
LogPluginManager: Mounting plugin EditableMesh
LogPluginManager: Mounting plugin ExampleDeviceProfileSelector
LogPluginManager: Mounting plugin GoogleCloudMessaging
LogPluginManager: Mounting plugin GooglePAD
LogPluginManager: Mounting plugin IOSDeviceProfileSelector
LogPluginManager: Mounting plugin LinuxDeviceProfileSelector
LogPluginManager: Mounting plugin LocationServicesBPLibrary
LogPluginManager: Mounting plugin MobilePatchingUtils
LogPluginManager: Mounting plugin OculusVR
LogPluginManager: Mounting plugin PhysXVehicles
LogPluginManager: Mounting plugin PostSplashScreen
LogPluginManager: Mounting plugin ProceduralMeshComponent
LogPluginManager: Mounting plugin RuntimePhysXCooking
LogPluginManager: Mounting plugin SignificanceManager
LogPluginManager: Mounting plugin SoundFields
LogPluginManager: Mounting plugin SteamVR
LogPluginManager: Mounting plugin Synthesis
LogPluginManager: Mounting plugin WebMMoviePlayer
LogPluginManager: Mounting plugin WindowsMoviePlayer
LogPluginManager: Mounting plugin ScreenshotTools
LogInit: Using libcurl 7.55.1-DEV
LogInit:  - built for x86_64-pc-win32
LogInit:  - supports SSL with OpenSSL/1.1.1
LogInit:  - supports HTTP deflate (compression) using libz 1.2.8
LogInit:  - other features:
LogInit:      CURL_VERSION_SSL
LogInit:      CURL_VERSION_LIBZ
LogInit:      CURL_VERSION_IPV6
LogInit:      CURL_VERSION_ASYNCHDNS
LogInit:      CURL_VERSION_LARGEFILE
LogInit:      CURL_VERSION_IDN
LogInit:  CurlRequestOptions (configurable via config and command line):
LogInit:  - bVerifyPeer = true  - Libcurl will verify peer certificate
LogInit:  - bUseHttpProxy = false  - Libcurl will NOT use HTTP proxy
LogInit:  - bDontReuseConnections = false  - Libcurl will reuse connections
LogInit:  - MaxHostConnections = 16  - Libcurl will limit the number of connections to a host
LogInit:  - LocalHostAddr = Default
LogInit:  - BufferSize = 65536
LogOnline: OSS: Creating online subsystem instance for: NULL
LogInit: WinSock: version 1.1 (2.2), MaxSocks=32767, MaxUdp=65467
LogOnline: OSS: TryLoadSubsystemAndSetDefault: Loaded subsystem for module [NULL]
LogInit: Build: ++UE4+Release-4.25-CL-13942748
LogInit: Engine Version: 4.25.3-13942748+++UE4+Release-4.25
LogInit: Compatible Engine Version: 4.25.0-13144385+++UE4+Release-4.25
LogInit: Net CL: 13144385
LogInit: OS: Windows 10 (Release 1903) (), CPU: Intel(R) Core(TM) i7-8700K CPU @ 3.70GHz, GPU: NVIDIA GeForce GTX 1070 Ti
LogInit: Compiled (64-bit): Jul 25 2020 02:07:48
LogInit: Compiled with Visual C++: 19.24.28315.00
LogInit: Build Configuration: Development
LogInit: Branch Name: ++UE4+Release-4.25
LogInit: Command Line: 
LogInit: Base Directory: E:/EpicGames/UE_4.25/Engine/Binaries/Win64/
LogInit: Allocator: TBB
LogInit: Installed Engine Build: 1
LogDevObjectVersion: Number of dev versions registered: 26
LogDevObjectVersion:   Dev-Blueprints (B0D832E4-1F89-4F0D-ACCF-7EB736FD4AA2): 10
LogDevObjectVersion:   Dev-Build (E1C64328-A22C-4D53-A36C-8E866417BD8C): 0
LogDevObjectVersion:   Dev-Core (375EC13C-06E4-48FB-B500-84F0262A717E): 4
LogDevObjectVersion:   Dev-Editor (E4B068ED-F494-42E9-A231-DA0B2E46BB41): 38
LogDevObjectVersion:   Dev-Framework (CFFC743F-43B0-4480-9391-14DF171D2073): 37
LogDevObjectVersion:   Dev-Mobile (B02B49B5-BB20-44E9-A304-32B752E40360): 2
LogDevObjectVersion:   Dev-Networking (A4E4105C-59A1-49B5-A7C5-40C4547EDFEE): 0
LogDevObjectVersion:   Dev-Online (39C831C9-5AE6-47DC-9A44-9C173E1C8E7C): 0
LogDevObjectVersion:   Dev-Physics (78F01B33-EBEA-4F98-B9B4-84EACCB95AA2): 4
LogDevObjectVersion:   Dev-Platform (6631380F-2D4D-43E0-8009-CF276956A95A): 0
LogDevObjectVersion:   Dev-Rendering (12F88B9F-8875-4AFC-A67C-D90C383ABD29): 43
LogDevObjectVersion:   Dev-Sequencer (7B5AE74C-D270-4C10-A958-57980B212A5A): 12
LogDevObjectVersion:   Dev-VR (D7296918-1DD6-4BDD-9DE2-64A83CC13884): 3
LogDevObjectVersion:   Dev-LoadTimes (C2A15278-BFE7-4AFE-6C17-90FF531DF755): 1
LogDevObjectVersion:   Private-Geometry (6EACA3D4-40EC-4CC1-B786-8BED09428FC5): 3
LogDevObjectVersion:   Dev-AnimPhys (29E575DD-E0A3-4627-9D10-D276232CDCEA): 17
LogDevObjectVersion:   Dev-Anim (AF43A65D-7FD3-4947-9873-3E8ED9C1BB05): 7
LogDevObjectVersion:   Dev-ReflectionCapture (6B266CEC-1EC7-4B8F-A30B-E4D90942FC07): 1
LogDevObjectVersion:   Dev-Automation (0DF73D61-A23F-47EA-B727-89E90C41499A): 1
LogDevObjectVersion:   FortniteMain (601D1886-AC64-4F84-AA16-D3DE0DEAC7D6): 31
LogDevObjectVersion:   Dev-Enterprise (9DFFBCD6-494F-0158-E221-12823C92A888): 10
LogDevObjectVersion:   Dev-Niagara (F2AED0AC-9AFE-416F-8664-AA7FFA26D6FC): 1
LogDevObjectVersion:   Dev-Destruction (174F1F0B-B4C6-45A5-B13F-2EE8D0FB917D): 10
LogDevObjectVersion:   Dev-Physics-Ext (35F94A83-E258-406C-A318-09F59610247C): 37
LogDevObjectVersion:   Dev-PhysicsMaterial-Chaos (B68FC16E-8B1B-42E2-B453-215C058844FE): 1
LogDevObjectVersion:   Dev-CineCamera (B2E18506-4273-CFC2-A54E-F4BB758BBA07): 1
LogInit: Presizing for max 25165824 objects, including 0 objects not considered by GC, pre-allocating 0 bytes for permanent pool.
LogConfig: Applying CVar settings from Section [/Script/Engine.StreamingSettings] File [C:/Users/Nathanael/Documents/08_UNREAL_PROJECT/1_JAM/New folder/Creative_jam_2020/creativejam/Saved/Config/Windows/Engine.ini]
LogConfig: Setting CVar [[s.MinBulkDataSizeForAsyncLoading:131072]]
LogConfig: Setting CVar [[s.AsyncLoadingThreadEnabled:0]]
LogConfig: Setting CVar [[s.EventDrivenLoaderEnabled:1]]
LogConfig: Setting CVar [[s.WarnIfTimeLimitExceeded:0]]
LogConfig: Setting CVar [[s.TimeLimitExceededMultiplier:1.5]]
LogConfig: Setting CVar [[s.TimeLimitExceededMinTime:0.005]]
LogConfig: Setting CVar [[s.UseBackgroundLevelStreaming:1]]
LogConfig: Setting CVar [[s.PriorityAsyncLoadingExtraTime:15.0]]
LogConfig: Setting CVar [[s.LevelStreamingActorsUpdateTimeLimit:5.0]]
LogConfig: Setting CVar [[s.PriorityLevelStreamingActorsUpdateExtraTime:5.0]]
LogConfig: Setting CVar [[s.LevelStreamingComponentsRegistrationGranularity:10]]
LogConfig: Setting CVar [[s.UnregisterComponentsTimeLimit:1.0]]
LogConfig: Setting CVar [[s.LevelStreamingComponentsUnregistrationGranularity:5]]
LogConfig: Setting CVar [[s.FlushStreamingOnExit:1]]
LogInit: Object subsystem initialized
LogConfig: Setting CVar [[con.DebugEarlyDefault:1]]
LogConfig: Setting CVar [[r.setres:1280x720]]
[2020.09.06-17.35.34:872][  0]LogConfig: Setting CVar [[r.VSync:0]]
[2020.09.06-17.35.34:872][  0]LogConfig: Setting CVar [[r.RHICmdBypass:0]]
[2020.09.06-17.35.34:872][  0]LogConfig: Applying CVar settings from Section [/Script/Engine.RendererSettings] File [C:/Users/Nathanael/Documents/08_UNREAL_PROJECT/1_JAM/New folder/Creative_jam_2020/creativejam/Saved/Config/Windows/Engine.ini]
[2020.09.06-17.35.34:872][  0]LogConfig: Setting CVar [[r.GPUCrashDebugging:0]]
[2020.09.06-17.35.34:872][  0]LogConfig: Applying CVar settings from Section [/Script/Engine.RendererOverrideSettings] File [C:/Users/Nathanael/Documents/08_UNREAL_PROJECT/1_JAM/New folder/Creative_jam_2020/creativejam/Saved/Config/Windows/Engine.ini]
[2020.09.06-17.35.34:872][  0]LogConfig: Applying CVar settings from Section [/Script/Engine.StreamingSettings] File [C:/Users/Nathanael/Documents/08_UNREAL_PROJECT/1_JAM/New folder/Creative_jam_2020/creativejam/Saved/Config/Windows/Engine.ini]
[2020.09.06-17.35.34:872][  0]LogConfig: Setting CVar [[s.MinBulkDataSizeForAsyncLoading:131072]]
[2020.09.06-17.35.34:872][  0]LogConfig: Setting CVar [[s.AsyncLoadingThreadEnabled:0]]
[2020.09.06-17.35.34:872][  0]LogConfig: Setting CVar [[s.EventDrivenLoaderEnabled:1]]
[2020.09.06-17.35.34:872][  0]LogConfig: Setting CVar [[s.WarnIfTimeLimitExceeded:0]]
[2020.09.06-17.35.34:872][  0]LogConfig: Setting CVar [[s.TimeLimitExceededMultiplier:1.5]]
[2020.09.06-17.35.34:872][  0]LogConfig: Setting CVar [[s.TimeLimitExceededMinTime:0.005]]
[2020.09.06-17.35.34:872][  0]LogConfig: Setting CVar [[s.UseBackgroundLevelStreaming:1]]
[2020.09.06-17.35.34:872][  0]LogConfig: Setting CVar [[s.PriorityAsyncLoadingExtraTime:15.0]]
[2020.09.06-17.35.34:872][  0]LogConfig: Setting CVar [[s.LevelStreamingActorsUpdateTimeLimit:5.0]]
[2020.09.06-17.35.34:872][  0]LogConfig: Setting CVar [[s.PriorityLevelStreamingActorsUpdateExtraTime:5.0]]
[2020.09.06-17.35.34:872][  0]LogConfig: Setting CVar [[s.LevelStreamingComponentsRegistrationGranularity:10]]
[2020.09.06-17.35.34:872][  0]LogConfig: Setting CVar [[s.UnregisterComponentsTimeLimit:1.0]]
[2020.09.06-17.35.34:872][  0]LogConfig: Setting CVar [[s.LevelStreamingComponentsUnregistrationGranularity:5]]
[2020.09.06-17.35.34:872][  0]LogConfig: Setting CVar [[s.FlushStreamingOnExit:1]]
[2020.09.06-17.35.34:872][  0]LogConfig: Applying CVar settings from Section [/Script/Engine.GarbageCollectionSettings] File [C:/Users/Nathanael/Documents/08_UNREAL_PROJECT/1_JAM/New folder/Creative_jam_2020/creativejam/Saved/Config/Windows/Engine.ini]
[2020.09.06-17.35.34:872][  0]LogConfig: Setting CVar [[gc.MaxObjectsNotConsideredByGC:1]]
[2020.09.06-17.35.34:872][  0]LogConfig: Setting CVar [[gc.SizeOfPermanentObjectPool:0]]
[2020.09.06-17.35.34:872][  0]LogConfig: Setting CVar [[gc.FlushStreamingOnGC:0]]
[2020.09.06-17.35.34:872][  0]LogConfig: Setting CVar [[gc.NumRetriesBeforeForcingGC:10]]
[2020.09.06-17.35.34:872][  0]LogConfig: Setting CVar [[gc.AllowParallelGC:1]]
[2020.09.06-17.35.34:872][  0]LogConfig: Setting CVar [[gc.TimeBetweenPurgingPendingKillObjects:61.1]]
[2020.09.06-17.35.34:872][  0]LogConfig: Setting CVar [[gc.MaxObjectsInEditor:25165824]]
[2020.09.06-17.35.34:872][  0]LogConfig: Setting CVar [[gc.IncrementalBeginDestroyEnabled:1]]
[2020.09.06-17.35.34:872][  0]LogConfig: Setting CVar [[gc.CreateGCClusters:1]]
[2020.09.06-17.35.34:872][  0]LogConfig: Setting CVar [[gc.MinGCClusterSize:5]]
[2020.09.06-17.35.34:872][  0]LogConfig: Setting CVar [[gc.ActorClusteringEnabled:0]]
[2020.09.06-17.35.34:872][  0]LogConfig: Setting CVar [[gc.BlueprintClusteringEnabled:0]]
[2020.09.06-17.35.34:872][  0]LogConfig: Setting CVar [[gc.UseDisregardForGCOnDedicatedServers:0]]
[2020.09.06-17.35.34:872][  0]LogConfig: Applying CVar settings from Section [/Script/Engine.NetworkSettings] File [C:/Users/Nathanael/Documents/08_UNREAL_PROJECT/1_JAM/New folder/Creative_jam_2020/creativejam/Saved/Config/Windows/Engine.ini]
[2020.09.06-17.35.34:872][  0]LogConfig: Applying CVar settings from Section [/Script/UnrealEd.CookerSettings] File [C:/Users/Nathanael/Documents/08_UNREAL_PROJECT/1_JAM/New folder/Creative_jam_2020/creativejam/Saved/Config/Windows/Engine.ini]
[2020.09.06-17.35.34:877][  0]LogConfig: Applying CVar settings from Section [ViewDistanceQuality@3] File [C:/Users/Nathanael/Documents/08_UNREAL_PROJECT/1_JAM/New folder/Creative_jam_2020/creativejam/Saved/Config/Windows/Scalability.ini]
[2020.09.06-17.35.34:877][  0]LogConfig: Setting CVar [[r.SkeletalMeshLODBias:0]]
[2020.09.06-17.35.34:877][  0]LogConfig: Setting CVar [[r.ViewDistanceScale:1.0]]
[2020.09.06-17.35.34:877][  0]LogConfig: Applying CVar settings from Section [AntiAliasingQuality@3] File [C:/Users/Nathanael/Documents/08_UNREAL_PROJECT/1_JAM/New folder/Creative_jam_2020/creativejam/Saved/Config/Windows/Scalability.ini]
[2020.09.06-17.35.34:877][  0]LogConfig: Setting CVar [[r.PostProcessAAQuality:4]]
[2020.09.06-17.35.34:877][  0]LogConfig: Applying CVar settings from Section [ShadowQuality@3] File [C:/Users/Nathanael/Documents/08_UNREAL_PROJECT/1_JAM/New folder/Creative_jam_2020/creativejam/Saved/Config/Windows/Scalability.ini]
[2020.09.06-17.35.34:877][  0]LogConfig: Setting CVar [[r.LightFunctionQuality:1]]
[2020.09.06-17.35.34:877][  0]LogConfig: Setting CVar [[r.ShadowQuality:5]]
[2020.09.06-17.35.34:877][  0]LogConfig: Setting CVar [[r.Shadow.CSM.MaxCascades:10]]
[2020.09.06-17.35.34:877][  0]LogConfig: Setting CVar [[r.Shadow.MaxResolution:2048]]
[2020.09.06-17.35.34:877][  0]LogConfig: Setting CVar [[r.Shadow.MaxCSMResolution:2048]]
[2020.09.06-17.35.34:877][  0]LogConfig: Setting CVar [[r.Shadow.RadiusThreshold:0.01]]
[2020.09.06-17.35.34:877][  0]LogConfig: Setting CVar [[r.Shadow.DistanceScale:1.0]]
[2020.09.06-17.35.34:877][  0]LogConfig: Setting CVar [[r.Shadow.CSM.TransitionScale:1.0]]
[2020.09.06-17.35.34:877][  0]LogConfig: Setting CVar [[r.Shadow.PreShadowResolutionFactor:1.0]]
[2020.09.06-17.35.34:877][  0]LogConfig: Setting CVar [[r.DistanceFieldShadowing:1]]
[2020.09.06-17.35.34:877][  0]LogConfig: Setting CVar [[r.DistanceFieldAO:1]]
[2020.09.06-17.35.34:877][  0]LogConfig: Setting CVar [[r.AOQuality:2]]
[2020.09.06-17.35.34:877][  0]LogConfig: Setting CVar [[r.VolumetricFog:1]]
[2020.09.06-17.35.34:877][  0]LogConfig: Setting CVar [[r.VolumetricFog.GridPixelSize:8]]
[2020.09.06-17.35.34:877][  0]LogConfig: Setting CVar [[r.VolumetricFog.GridSizeZ:128]]
[2020.09.06-17.35.34:877][  0]LogConfig: Setting CVar [[r.VolumetricFog.HistoryMissSupersampleCount:4]]
[2020.09.06-17.35.34:878][  0]LogConfig: Setting CVar [[r.LightMaxDrawDistanceScale:1]]
[2020.09.06-17.35.34:878][  0]LogConfig: Setting CVar [[r.CapsuleShadows:1]]
[2020.09.06-17.35.34:878][  0]LogConfig: Applying CVar settings from Section [PostProcessQuality@3] File [C:/Users/Nathanael/Documents/08_UNREAL_PROJECT/1_JAM/New folder/Creative_jam_2020/creativejam/Saved/Config/Windows/Scalability.ini]
[2020.09.06-17.35.34:878][  0]LogConfig: Setting CVar [[r.MotionBlurQuality:4]]
[2020.09.06-17.35.34:878][  0]LogConfig: Setting CVar [[r.AmbientOcclusionMipLevelFactor:0.4]]
[2020.09.06-17.35.34:878][  0]LogConfig: Setting CVar [[r.AmbientOcclusionMaxQuality:100]]
[2020.09.06-17.35.34:878][  0]LogConfig: Setting CVar [[r.AmbientOcclusionLevels:-1]]
[2020.09.06-17.35.34:878][  0]LogConfig: Setting CVar [[r.AmbientOcclusionRadiusScale:1.0]]
[2020.09.06-17.35.34:878][  0]LogConfig: Setting CVar [[r.DepthOfFieldQuality:2]]
[2020.09.06-17.35.34:878][  0]LogConfig: Setting CVar [[r.RenderTargetPoolMin:400]]
[2020.09.06-17.35.34:878][  0]LogConfig: Setting CVar [[r.LensFlareQuality:2]]
[2020.09.06-17.35.34:878][  0]LogConfig: Setting CVar [[r.SceneColorFringeQuality:1]]
[2020.09.06-17.35.34:878][  0]LogConfig: Setting CVar [[r.EyeAdaptationQuality:2]]
[2020.09.06-17.35.34:878][  0]LogConfig: Setting CVar [[r.BloomQuality:5]]
[2020.09.06-17.35.34:878][  0]LogConfig: Setting CVar [[r.FastBlurThreshold:100]]
[2020.09.06-17.35.34:878][  0]LogConfig: Setting CVar [[r.Upscale.Quality:3]]
[2020.09.06-17.35.34:878][  0]LogConfig: Setting CVar [[r.Tonemapper.GrainQuantization:1]]
[2020.09.06-17.35.34:878][  0]LogConfig: Setting CVar [[r.LightShaftQuality:1]]
[2020.09.06-17.35.34:878][  0]LogConfig: Setting CVar [[r.Filter.SizeScale:1]]
[2020.09.06-17.35.34:878][  0]LogConfig: Setting CVar [[r.Tonemapper.Quality:5]]
[2020.09.06-17.35.34:878][  0]LogConfig: Setting CVar [[r.DOF.Gather.AccumulatorQuality:1        ; higher gathering accumulator quality]]
[2020.09.06-17.35.34:878][  0]LogConfig: Setting CVar [[r.DOF.Gather.PostfilterMethod:1          ; Median3x3 postfilering method]]
[2020.09.06-17.35.34:878][  0]LogConfig: Setting CVar [[r.DOF.Gather.EnableBokehSettings:0       ; no bokeh simulation when gathering]]
[2020.09.06-17.35.34:878][  0]LogConfig: Setting CVar [[r.DOF.Gather.RingCount:4                 ; medium number of samples when gathering]]
[2020.09.06-17.35.34:878][  0]LogConfig: Setting CVar [[r.DOF.Scatter.ForegroundCompositing:1    ; additive foreground scattering]]
[2020.09.06-17.35.34:878][  0]LogConfig: Setting CVar [[r.DOF.Scatter.BackgroundCompositing:2    ; additive background scattering]]
[2020.09.06-17.35.34:878][  0]LogConfig: Setting CVar [[r.DOF.Scatter.EnableBokehSettings:1      ; bokeh simulation when scattering]]
[2020.09.06-17.35.34:878][  0]LogConfig: Setting CVar [[r.DOF.Scatter.MaxSpriteRatio:0.1         ; only a maximum of 10% of scattered bokeh]]
[2020.09.06-17.35.34:878][  0]LogConfig: Setting CVar [[r.DOF.Recombine.Quality:1                ; cheap slight out of focus]]
[2020.09.06-17.35.34:878][  0]LogConfig: Setting CVar [[r.DOF.Recombine.EnableBokehSettings:0    ; no bokeh simulation on slight out of focus]]
[2020.09.06-17.35.34:878][  0]LogConfig: Setting CVar [[r.DOF.TemporalAAQuality:1                ; more stable temporal accumulation]]
[2020.09.06-17.35.34:878][  0]LogConfig: Setting CVar [[r.DOF.Kernel.MaxForegroundRadius:0.025]]
[2020.09.06-17.35.34:878][  0]LogConfig: Setting CVar [[r.DOF.Kernel.MaxBackgroundRadius:0.025]]
[2020.09.06-17.35.34:878][  0]LogConfig: Applying CVar settings from Section [TextureQuality@3] File [C:/Users/Nathanael/Documents/08_UNREAL_PROJECT/1_JAM/New folder/Creative_jam_2020/creativejam/Saved/Config/Windows/Scalability.ini]
[2020.09.06-17.35.34:878][  0]LogConfig: Setting CVar [[r.Streaming.MipBias:0]]
[2020.09.06-17.35.34:878][  0]LogConfig: Setting CVar [[r.Streaming.AmortizeCPUToGPUCopy:0]]
[2020.09.06-17.35.34:878][  0]LogConfig: Setting CVar [[r.Streaming.MaxNumTexturesToStreamPerFrame:0]]
[2020.09.06-17.35.34:878][  0]LogConfig: Setting CVar [[r.Streaming.Boost:1]]
[2020.09.06-17.35.34:878][  0]LogConfig: Setting CVar [[r.MaxAnisotropy:8]]
[2020.09.06-17.35.34:878][  0]LogConfig: Setting CVar [[r.VT.MaxAnisotropy:8]]
[2020.09.06-17.35.34:878][  0]LogConfig: Setting CVar [[r.Streaming.LimitPoolSizeToVRAM:0]]
[2020.09.06-17.35.34:878][  0]LogConfig: Setting CVar [[r.Streaming.PoolSize:1000]]
[2020.09.06-17.35.34:878][  0]LogConfig: Setting CVar [[r.Streaming.MaxEffectiveScreenSize:0]]
[2020.09.06-17.35.34:878][  0]LogConfig: Applying CVar settings from Section [EffectsQuality@3] File [C:/Users/Nathanael/Documents/08_UNREAL_PROJECT/1_JAM/New folder/Creative_jam_2020/creativejam/Saved/Config/Windows/Scalability.ini]
[2020.09.06-17.35.34:878][  0]LogConfig: Setting CVar [[r.TranslucencyLightingVolumeDim:64]]
[2020.09.06-17.35.34:878][  0]LogConfig: Setting CVar [[r.RefractionQuality:2]]
[2020.09.06-17.35.34:878][  0]LogConfig: Setting CVar [[r.SSR.Quality:3]]
[2020.09.06-17.35.34:878][  0]LogConfig: Setting CVar [[r.SSR.HalfResSceneColor:0]]
[2020.09.06-17.35.34:878][  0]LogConfig: Setting CVar [[r.SceneColorFormat:4]]
[2020.09.06-17.35.34:878][  0]LogConfig: Setting CVar [[r.DetailMode:2]]
[2020.09.06-17.35.34:878][  0]LogConfig: Setting CVar [[r.TranslucencyVolumeBlur:1]]
[2020.09.06-17.35.34:878][  0]LogConfig: Setting CVar [[r.MaterialQualityLevel:1 ; High quality]]
[2020.09.06-17.35.34:878][  0]LogConfig: Setting CVar [[r.SSS.Scale:1]]
[2020.09.06-17.35.34:878][  0]LogConfig: Setting CVar [[r.SSS.SampleSet:2]]
[2020.09.06-17.35.34:878][  0]LogConfig: Setting CVar [[r.SSS.Quality:1]]
[2020.09.06-17.35.34:878][  0]LogConfig: Setting CVar [[r.SSS.HalfRes:0]]
[2020.09.06-17.35.34:878][  0]LogConfig: Setting CVar [[r.SSGI.Quality:3]]
[2020.09.06-17.35.34:878][  0]LogConfig: Setting CVar [[r.EmitterSpawnRateScale:1.0]]
[2020.09.06-17.35.34:878][  0]LogConfig: Setting CVar [[r.ParticleLightQuality:2]]
[2020.09.06-17.35.34:878][  0]LogConfig: Setting CVar [[r.SkyAtmosphere.AerialPerspectiveLUT.FastApplyOnOpaque:1 ; Always have FastSkyLUT 1 in this case to avoid wrong sky]]
[2020.09.06-17.35.34:878][  0]LogConfig: Setting CVar [[r.SkyAtmosphere.AerialPerspectiveLUT.SampleCountPerSlice:1]]
[2020.09.06-17.35.34:878][  0]LogConfig: Setting CVar [[r.SkyAtmosphere.AerialPerspectiveLUT.DepthResolution:16.0]]
[2020.09.06-17.35.34:878][  0]LogConfig: Setting CVar [[r.SkyAtmosphere.FastSkyLUT:1]]
[2020.09.06-17.35.34:878][  0]LogConfig: Setting CVar [[r.SkyAtmosphere.FastSkyLUT.SampleCountMin:4.0]]
[2020.09.06-17.35.34:878][  0]LogConfig: Setting CVar [[r.SkyAtmosphere.FastSkyLUT.SampleCountMax:32.0]]
[2020.09.06-17.35.34:878][  0]LogConfig: Setting CVar [[r.SkyAtmosphere.SampleCountMin:4.0]]
[2020.09.06-17.35.34:878][  0]LogConfig: Setting CVar [[r.SkyAtmosphere.SampleCountMax:32.0]]
[2020.09.06-17.35.34:878][  0]LogConfig: Setting CVar [[r.SkyAtmosphere.TransmittanceLUT.UseSmallFormat:0]]
[2020.09.06-17.35.34:878][  0]LogConfig: Setting CVar [[r.SkyAtmosphere.TransmittanceLUT.SampleCount:10.0]]
[2020.09.06-17.35.34:878][  0]LogConfig: Setting CVar [[r.SkyAtmosphere.MultiScatteringLUT.SampleCount:15.0]]
[2020.09.06-17.35.34:878][  0]LogConfig: Applying CVar settings from Section [FoliageQuality@3] File [C:/Users/Nathanael/Documents/08_UNREAL_PROJECT/1_JAM/New folder/Creative_jam_2020/creativejam/Saved/Config/Windows/Scalability.ini]
[2020.09.06-17.35.34:878][  0]LogConfig: Setting CVar [[foliage.DensityScale:1.0]]
[2020.09.06-17.35.34:878][  0]LogConfig: Setting CVar [[grass.DensityScale:1.0]]
[2020.09.06-17.35.34:878][  0]LogConfig: Applying CVar settings from Section [ShadingQuality@3] File [C:/Users/Nathanael/Documents/08_UNREAL_PROJECT/1_JAM/New folder/Creative_jam_2020/creativejam/Saved/Config/Windows/Scalability.ini]
[2020.09.06-17.35.34:878][  0]LogConfig: Setting CVar [[r.HairStrands.SkyLighting.SampleCount:16]]
[2020.09.06-17.35.34:878][  0]LogConfig: Setting CVar [[r.HairStrands.SkyLighting.JitterIntegration:0]]
[2020.09.06-17.35.34:878][  0]LogConfig: Setting CVar [[r.HairStrands.SkyAO.SampleCount:16]]
[2020.09.06-17.35.34:878][  0]LogConfig: Setting CVar [[r.HairStrands.DeepShadow.SuperSampling:0]]
[2020.09.06-17.35.34:878][  0]LogConfig: Setting CVar [[r.HairStrands.VisibilityPPLL:0]]
[2020.09.06-17.35.34:878][  0]LogConfig: Setting CVar [[r.HairStrands.RasterizationScale:0.5]]
[2020.09.06-17.35.34:878][  0]LogConfig: Setting CVar [[r.HairStrands.VelocityRasterizationScale:1]]
[2020.09.06-17.35.34:878][  0]LogInit: Selected Device Profile: [Windows]
[2020.09.06-17.35.34:878][  0]LogInit: Applying CVar settings loaded from the selected device profile: [Windows]
[2020.09.06-17.35.34:879][  0]LogHAL: Display: Platform has ~ 32 GB [34290896896 / 34359738368 / 32], which maps to Largest [LargestMinGB=32, LargerMinGB=12, DefaultMinGB=8, SmallerMinGB=6, SmallestMinGB=0)
[2020.09.06-17.35.34:879][  0]LogInit: Going up to parent DeviceProfile []
[2020.09.06-17.35.34:879][  0]LogConfig: Applying CVar settings from Section [ViewDistanceQuality@3] File [C:/Users/Nathanael/Documents/08_UNREAL_PROJECT/1_JAM/New folder/Creative_jam_2020/creativejam/Saved/Config/Windows/Scalability.ini]
[2020.09.06-17.35.34:879][  0]LogConfig: Setting CVar [[r.SkeletalMeshLODBias:0]]
[2020.09.06-17.35.34:879][  0]LogConfig: Setting CVar [[r.ViewDistanceScale:1.0]]
[2020.09.06-17.35.34:879][  0]LogConfig: Applying CVar settings from Section [AntiAliasingQuality@3] File [C:/Users/Nathanael/Documents/08_UNREAL_PROJECT/1_JAM/New folder/Creative_jam_2020/creativejam/Saved/Config/Windows/Scalability.ini]
[2020.09.06-17.35.34:879][  0]LogConfig: Setting CVar [[r.PostProcessAAQuality:4]]
[2020.09.06-17.35.34:879][  0]LogConfig: Applying CVar settings from Section [ShadowQuality@3] File [C:/Users/Nathanael/Documents/08_UNREAL_PROJECT/1_JAM/New folder/Creative_jam_2020/creativejam/Saved/Config/Windows/Scalability.ini]
[2020.09.06-17.35.34:879][  0]LogConfig: Setting CVar [[r.LightFunctionQuality:1]]
[2020.09.06-17.35.34:879][  0]LogConfig: Setting CVar [[r.ShadowQuality:5]]
[2020.09.06-17.35.34:879][  0]LogConfig: Setting CVar [[r.Shadow.CSM.MaxCascades:10]]
[2020.09.06-17.35.34:879][  0]LogConfig: Setting CVar [[r.Shadow.MaxResolution:2048]]
[2020.09.06-17.35.34:879][  0]LogConfig: Setting CVar [[r.Shadow.MaxCSMResolution:2048]]
[2020.09.06-17.35.34:879][  0]LogConfig: Setting CVar [[r.Shadow.RadiusThreshold:0.01]]
[2020.09.06-17.35.34:879][  0]LogConfig: Setting CVar [[r.Shadow.DistanceScale:1.0]]
[2020.09.06-17.35.34:879][  0]LogConfig: Setting CVar [[r.Shadow.CSM.TransitionScale:1.0]]
[2020.09.06-17.35.34:879][  0]LogConfig: Setting CVar [[r.Shadow.PreShadowResolutionFactor:1.0]]
[2020.09.06-17.35.34:879][  0]LogConfig: Setting CVar [[r.DistanceFieldShadowing:1]]
[2020.09.06-17.35.34:879][  0]LogConfig: Setting CVar [[r.DistanceFieldAO:1]]
[2020.09.06-17.35.34:879][  0]LogConfig: Setting CVar [[r.AOQuality:2]]
[2020.09.06-17.35.34:879][  0]LogConfig: Setting CVar [[r.VolumetricFog:1]]
[2020.09.06-17.35.34:879][  0]LogConfig: Setting CVar [[r.VolumetricFog.GridPixelSize:8]]
[2020.09.06-17.35.34:879][  0]LogConfig: Setting CVar [[r.VolumetricFog.GridSizeZ:128]]
[2020.09.06-17.35.34:879][  0]LogConfig: Setting CVar [[r.VolumetricFog.HistoryMissSupersampleCount:4]]
[2020.09.06-17.35.34:879][  0]LogConfig: Setting CVar [[r.LightMaxDrawDistanceScale:1]]
[2020.09.06-17.35.34:879][  0]LogConfig: Setting CVar [[r.CapsuleShadows:1]]
[2020.09.06-17.35.34:879][  0]LogConfig: Applying CVar settings from Section [PostProcessQuality@3] File [C:/Users/Nathanael/Documents/08_UNREAL_PROJECT/1_JAM/New folder/Creative_jam_2020/creativejam/Saved/Config/Windows/Scalability.ini]
[2020.09.06-17.35.34:879][  0]LogConfig: Setting CVar [[r.MotionBlurQuality:4]]
[2020.09.06-17.35.34:879][  0]LogConfig: Setting CVar [[r.AmbientOcclusionMipLevelFactor:0.4]]
[2020.09.06-17.35.34:879][  0]LogConfig: Setting CVar [[r.AmbientOcclusionMaxQuality:100]]
[2020.09.06-17.35.34:879][  0]LogConfig: Setting CVar [[r.AmbientOcclusionLevels:-1]]
[2020.09.06-17.35.34:879][  0]LogConfig: Setting CVar [[r.AmbientOcclusionRadiusScale:1.0]]
[2020.09.06-17.35.34:879][  0]LogConfig: Setting CVar [[r.DepthOfFieldQuality:2]]
[2020.09.06-17.35.34:879][  0]LogConfig: Setting CVar [[r.RenderTargetPoolMin:400]]
[2020.09.06-17.35.34:879][  0]LogConfig: Setting CVar [[r.LensFlareQuality:2]]
[2020.09.06-17.35.34:879][  0]LogConfig: Setting CVar [[r.SceneColorFringeQuality:1]]
[2020.09.06-17.35.34:879][  0]LogConfig: Setting CVar [[r.EyeAdaptationQuality:2]]
[2020.09.06-17.35.34:879][  0]LogConfig: Setting CVar [[r.BloomQuality:5]]
[2020.09.06-17.35.34:879][  0]LogConfig: Setting CVar [[r.FastBlurThreshold:100]]
[2020.09.06-17.35.34:879][  0]LogConfig: Setting CVar [[r.Upscale.Quality:3]]
[2020.09.06-17.35.34:879][  0]LogConfig: Setting CVar [[r.Tonemapper.GrainQuantization:1]]
[2020.09.06-17.35.34:879][  0]LogConfig: Setting CVar [[r.LightShaftQuality:1]]
[2020.09.06-17.35.34:879][  0]LogConfig: Setting CVar [[r.Filter.SizeScale:1]]
[2020.09.06-17.35.34:879][  0]LogConfig: Setting CVar [[r.Tonemapper.Quality:5]]
[2020.09.06-17.35.34:879][  0]LogConfig: Setting CVar [[r.DOF.Gather.AccumulatorQuality:1        ; higher gathering accumulator quality]]
[2020.09.06-17.35.34:879][  0]LogConfig: Setting CVar [[r.DOF.Gather.PostfilterMethod:1          ; Median3x3 postfilering method]]
[2020.09.06-17.35.34:879][  0]LogConfig: Setting CVar [[r.DOF.Gather.EnableBokehSettings:0       ; no bokeh simulation when gathering]]
[2020.09.06-17.35.34:879][  0]LogConfig: Setting CVar [[r.DOF.Gather.RingCount:4                 ; medium number of samples when gathering]]
[2020.09.06-17.35.34:879][  0]LogConfig: Setting CVar [[r.DOF.Scatter.ForegroundCompositing:1    ; additive foreground scattering]]
[2020.09.06-17.35.34:879][  0]LogConfig: Setting CVar [[r.DOF.Scatter.BackgroundCompositing:2    ; additive background scattering]]
[2020.09.06-17.35.34:879][  0]LogConfig: Setting CVar [[r.DOF.Scatter.EnableBokehSettings:1      ; bokeh simulation when scattering]]
[2020.09.06-17.35.34:879][  0]LogConfig: Setting CVar [[r.DOF.Scatter.MaxSpriteRatio:0.1         ; only a maximum of 10% of scattered bokeh]]
[2020.09.06-17.35.34:879][  0]LogConfig: Setting CVar [[r.DOF.Recombine.Quality:1                ; cheap slight out of focus]]
[2020.09.06-17.35.34:879][  0]LogConfig: Setting CVar [[r.DOF.Recombine.EnableBokehSettings:0    ; no bokeh simulation on slight out of focus]]
[2020.09.06-17.35.34:879][  0]LogConfig: Setting CVar [[r.DOF.TemporalAAQuality:1                ; more stable temporal accumulation]]
[2020.09.06-17.35.34:879][  0]LogConfig: Setting CVar [[r.DOF.Kernel.MaxForegroundRadius:0.025]]
[2020.09.06-17.35.34:879][  0]LogConfig: Setting CVar [[r.DOF.Kernel.MaxBackgroundRadius:0.025]]
[2020.09.06-17.35.34:879][  0]LogConfig: Applying CVar settings from Section [TextureQuality@3] File [C:/Users/Nathanael/Documents/08_UNREAL_PROJECT/1_JAM/New folder/Creative_jam_2020/creativejam/Saved/Config/Windows/Scalability.ini]
[2020.09.06-17.35.34:879][  0]LogConfig: Setting CVar [[r.Streaming.MipBias:0]]
[2020.09.06-17.35.34:879][  0]LogConfig: Setting CVar [[r.Streaming.AmortizeCPUToGPUCopy:0]]
[2020.09.06-17.35.34:879][  0]LogConfig: Setting CVar [[r.Streaming.MaxNumTexturesToStreamPerFrame:0]]
[2020.09.06-17.35.34:879][  0]LogConfig: Setting CVar [[r.Streaming.Boost:1]]
[2020.09.06-17.35.34:879][  0]LogConfig: Setting CVar [[r.MaxAnisotropy:8]]
[2020.09.06-17.35.34:879][  0]LogConfig: Setting CVar [[r.VT.MaxAnisotropy:8]]
[2020.09.06-17.35.34:879][  0]LogConfig: Setting CVar [[r.Streaming.LimitPoolSizeToVRAM:0]]
[2020.09.06-17.35.34:879][  0]LogConfig: Setting CVar [[r.Streaming.PoolSize:1000]]
[2020.09.06-17.35.34:879][  0]LogConfig: Setting CVar [[r.Streaming.MaxEffectiveScreenSize:0]]
[2020.09.06-17.35.34:879][  0]LogConfig: Applying CVar settings from Section [EffectsQuality@3] File [C:/Users/Nathanael/Documents/08_UNREAL_PROJECT/1_JAM/New folder/Creative_jam_2020/creativejam/Saved/Config/Windows/Scalability.ini]
[2020.09.06-17.35.34:879][  0]LogConfig: Setting CVar [[r.TranslucencyLightingVolumeDim:64]]
[2020.09.06-17.35.34:879][  0]LogConfig: Setting CVar [[r.RefractionQuality:2]]
[2020.09.06-17.35.34:879][  0]LogConfig: Setting CVar [[r.SSR.Quality:3]]
[2020.09.06-17.35.34:879][  0]LogConfig: Setting CVar [[r.SSR.HalfResSceneColor:0]]
[2020.09.06-17.35.34:879][  0]LogConfig: Setting CVar [[r.SceneColorFormat:4]]
[2020.09.06-17.35.34:879][  0]LogConfig: Setting CVar [[r.DetailMode:2]]
[2020.09.06-17.35.34:879][  0]LogConfig: Setting CVar [[r.TranslucencyVolumeBlur:1]]
[2020.09.06-17.35.34:879][  0]LogConfig: Setting CVar [[r.MaterialQualityLevel:1 ; High quality]]
[2020.09.06-17.35.34:879][  0]LogConfig: Setting CVar [[r.SSS.Scale:1]]
[2020.09.06-17.35.34:879][  0]LogConfig: Setting CVar [[r.SSS.SampleSet:2]]
[2020.09.06-17.35.34:879][  0]LogConfig: Setting CVar [[r.SSS.Quality:1]]
[2020.09.06-17.35.34:879][  0]LogConfig: Setting CVar [[r.SSS.HalfRes:0]]
[2020.09.06-17.35.34:880][  0]LogConfig: Setting CVar [[r.SSGI.Quality:3]]
[2020.09.06-17.35.34:880][  0]LogConfig: Setting CVar [[r.EmitterSpawnRateScale:1.0]]
[2020.09.06-17.35.34:880][  0]LogConfig: Setting CVar [[r.ParticleLightQuality:2]]
[2020.09.06-17.35.34:880][  0]LogConfig: Setting CVar [[r.SkyAtmosphere.AerialPerspectiveLUT.FastApplyOnOpaque:1 ; Always have FastSkyLUT 1 in this case to avoid wrong sky]]
[2020.09.06-17.35.34:880][  0]LogConfig: Setting CVar [[r.SkyAtmosphere.AerialPerspectiveLUT.SampleCountPerSlice:1]]
[2020.09.06-17.35.34:880][  0]LogConfig: Setting CVar [[r.SkyAtmosphere.AerialPerspectiveLUT.DepthResolution:16.0]]
[2020.09.06-17.35.34:880][  0]LogConfig: Setting CVar [[r.SkyAtmosphere.FastSkyLUT:1]]
[2020.09.06-17.35.34:880][  0]LogConfig: Setting CVar [[r.SkyAtmosphere.FastSkyLUT.SampleCountMin:4.0]]
[2020.09.06-17.35.34:880][  0]LogConfig: Setting CVar [[r.SkyAtmosphere.FastSkyLUT.SampleCountMax:32.0]]
[2020.09.06-17.35.34:880][  0]LogConfig: Setting CVar [[r.SkyAtmosphere.SampleCountMin:4.0]]
[2020.09.06-17.35.34:880][  0]LogConfig: Setting CVar [[r.SkyAtmosphere.SampleCountMax:32.0]]
[2020.09.06-17.35.34:880][  0]LogConfig: Setting CVar [[r.SkyAtmosphere.TransmittanceLUT.UseSmallFormat:0]]
[2020.09.06-17.35.34:880][  0]LogConfig: Setting CVar [[r.SkyAtmosphere.TransmittanceLUT.SampleCount:10.0]]
[2020.09.06-17.35.34:880][  0]LogConfig: Setting CVar [[r.SkyAtmosphere.MultiScatteringLUT.SampleCount:15.0]]
[2020.09.06-17.35.34:880][  0]LogConfig: Applying CVar settings from Section [FoliageQuality@3] File [C:/Users/Nathanael/Documents/08_UNREAL_PROJECT/1_JAM/New folder/Creative_jam_2020/creativejam/Saved/Config/Windows/Scalability.ini]
[2020.09.06-17.35.34:880][  0]LogConfig: Setting CVar [[foliage.DensityScale:1.0]]
[2020.09.06-17.35.34:880][  0]LogConfig: Setting CVar [[grass.DensityScale:1.0]]
[2020.09.06-17.35.34:880][  0]LogConfig: Applying CVar settings from Section [ShadingQuality@3] File [C:/Users/Nathanael/Documents/08_UNREAL_PROJECT/1_JAM/New folder/Creative_jam_2020/creativejam/Saved/Config/Windows/Scalability.ini]
[2020.09.06-17.35.34:880][  0]LogConfig: Setting CVar [[r.HairStrands.SkyLighting.SampleCount:16]]
[2020.09.06-17.35.34:880][  0]LogConfig: Setting CVar [[r.HairStrands.SkyLighting.JitterIntegration:0]]
[2020.09.06-17.35.34:880][  0]LogConfig: Setting CVar [[r.HairStrands.SkyAO.SampleCount:16]]
[2020.09.06-17.35.34:880][  0]LogConfig: Setting CVar [[r.HairStrands.DeepShadow.SuperSampling:0]]
[2020.09.06-17.35.34:880][  0]LogConfig: Setting CVar [[r.HairStrands.VisibilityPPLL:0]]
[2020.09.06-17.35.34:880][  0]LogConfig: Setting CVar [[r.HairStrands.RasterizationScale:0.5]]
[2020.09.06-17.35.34:880][  0]LogConfig: Setting CVar [[r.HairStrands.VelocityRasterizationScale:1]]
[2020.09.06-17.35.34:880][  0]LogConfig: Applying CVar settings from Section [Startup] File [../../../Engine/Config/ConsoleVariables.ini]
[2020.09.06-17.35.34:880][  0]LogConfig: Setting CVar [[net.UseAdaptiveNetUpdateFrequency:0]]
[2020.09.06-17.35.34:880][  0]LogConfig: Setting CVar [[p.chaos.AllowCreatePhysxBodies:1]]
[2020.09.06-17.35.34:880][  0]LogConfig: Setting CVar [[fx.SkipVectorVMBackendOptimizations:1]]
[2020.09.06-17.35.34:880][  0]LogConfig: Applying CVar settings from Section [ConsoleVariables] File [C:/Users/Nathanael/Documents/08_UNREAL_PROJECT/1_JAM/New folder/Creative_jam_2020/creativejam/Saved/Config/Windows/Engine.ini]
[2020.09.06-17.35.34:880][  0]LogInit: Computer: DESKTOP-0PVLLNN
[2020.09.06-17.35.34:880][  0]LogInit: User: Nathanael
[2020.09.06-17.35.34:880][  0]LogInit: CPU Page size=4096, Cores=6
[2020.09.06-17.35.34:880][  0]LogInit: High frequency timer resolution =10.000000 MHz
[2020.09.06-17.35.34:880][  0]LogMemory: Memory total: Physical=31.9GB (32GB approx)
[2020.09.06-17.35.34:880][  0]LogMemory: Platform Memory Stats for Windows
[2020.09.06-17.35.34:880][  0]LogMemory: Process Physical Memory: 115.48 MB used, 115.48 MB peak
[2020.09.06-17.35.34:880][  0]LogMemory: Process Virtual Memory: 105.45 MB used, 105.45 MB peak
[2020.09.06-17.35.34:880][  0]LogMemory: Physical Memory: 11896.84 MB used,  20805.51 MB free, 32702.35 MB total
[2020.09.06-17.35.34:880][  0]LogMemory: Virtual Memory: 5173.11 MB used,  134212552.00 MB free, 134217728.00 MB total
[2020.09.06-17.35.34:888][  0]LogWindows: WindowsPlatformFeatures enabled
[2020.09.06-17.35.34:930][  0]LogInit: Physics initialised using underlying interface: PhysX
[2020.09.06-17.35.34:931][  0]LogInit: Using OS detected language (en-GB).
[2020.09.06-17.35.34:931][  0]LogInit: Using OS detected locale (fr-CA).
[2020.09.06-17.35.34:933][  0]LogTextLocalizationManager: No specific localization for 'en-GB' exists, so the 'en' localization will be used.
[2020.09.06-17.35.35:099][  0]LogInit: Setting process to per monitor DPI aware
[2020.09.06-17.35.35:134][  0]LogSlate: New Slate User Created.  User Index 0, Is Virtual User: 0
[2020.09.06-17.35.35:134][  0]LogSlate: Slate User Registered.  User Index 0, Is Virtual User: 0
[2020.09.06-17.35.35:262][  0]LogHMD: Failed to initialize OpenVR with code 110
[2020.09.06-17.35.35:262][  0]LogD3D11RHI: D3D11 min allowed feature level: 11_0
[2020.09.06-17.35.35:262][  0]LogD3D11RHI: D3D11 max allowed feature level: 11_0
[2020.09.06-17.35.35:262][  0]LogD3D11RHI: D3D11 adapters:
[2020.09.06-17.35.35:320][  0]LogD3D11RHI:    0. 'NVIDIA GeForce GTX 1070 Ti' (Feature Level 11_0)
[2020.09.06-17.35.35:320][  0]LogD3D11RHI:       8079/0/16351 MB DedicatedVideo/DedicatedSystem/SharedSystem, Outputs:2, VendorId:0x10de
[2020.09.06-17.35.35:323][  0]LogD3D11RHI:    1. 'Microsoft Basic Render Driver' (Feature Level 11_0)
[2020.09.06-17.35.35:323][  0]LogD3D11RHI:       0/0/16351 MB DedicatedVideo/DedicatedSystem/SharedSystem, Outputs:0, VendorId:0x1414
[2020.09.06-17.35.35:323][  0]LogD3D11RHI: Chosen D3D11 Adapter: 0
[2020.09.06-17.35.35:333][  0]LogD3D11RHI: Creating new Direct3DDevice
[2020.09.06-17.35.35:333][  0]LogD3D11RHI:     GPU DeviceId: 0x1b82 (for the marketing name, search the web for "GPU Device Id")
[2020.09.06-17.35.35:333][  0]LogWindows: EnumDisplayDevices:
[2020.09.06-17.35.35:333][  0]LogWindows:    0. 'NVIDIA GeForce GTX 1070 Ti' (P:1 D:1)
[2020.09.06-17.35.35:333][  0]LogWindows:    1. 'NVIDIA GeForce GTX 1070 Ti' (P:0 D:1)
[2020.09.06-17.35.35:334][  0]LogWindows:    2. 'NVIDIA GeForce GTX 1070 Ti' (P:0 D:0)
[2020.09.06-17.35.35:334][  0]LogWindows:    3. 'NVIDIA GeForce GTX 1070 Ti' (P:0 D:0)
[2020.09.06-17.35.35:334][  0]LogWindows: DebugString: FoundDriverCount:4 
[2020.09.06-17.35.35:334][  0]LogD3D11RHI:     Adapter Name: NVIDIA GeForce GTX 1070 Ti
[2020.09.06-17.35.35:334][  0]LogD3D11RHI:   Driver Version: 451.67 (internal:27.21.14.5167, unified:451.67)
[2020.09.06-17.35.35:334][  0]LogD3D11RHI:      Driver Date: 7-5-2020
[2020.09.06-17.35.35:334][  0]LogRHI: Texture pool is 5655 MB (70% of 8079 MB)
[2020.09.06-17.35.35:380][  0]LogD3D11RHI: RHI has support for 64 bit atomics
[2020.09.06-17.35.35:382][  0]LogD3D11RHI: [Aftermath] Enabled and primed
[2020.09.06-17.35.35:382][  0]LogD3D11RHI: Async texture creation enabled
[2020.09.06-17.35.35:382][  0]LogD3D11RHI: Array index from any shader is supported
[2020.09.06-17.35.35:407][  0]LogD3D11RHI: GPU Timing Frequency: 1000.000000 (Debug: 2 2)
[2020.09.06-17.35.35:715][  0]LogTargetPlatformManager: Display: Loaded TargetPlatform 'AllDesktop'
[2020.09.06-17.35.35:738][  0]LogTargetPlatformManager: Display: Loaded TargetPlatform 'Android'
[2020.09.06-17.35.35:738][  0]LogTargetPlatformManager: Display: Loaded TargetPlatform 'Android_ASTC'
[2020.09.06-17.35.35:738][  0]LogTargetPlatformManager: Display: Loaded TargetPlatform 'Android_DXT'
[2020.09.06-17.35.35:738][  0]LogTargetPlatformManager: Display: Loaded TargetPlatform 'Android_ETC2'
[2020.09.06-17.35.35:738][  0]LogTargetPlatformManager: Display: Loaded TargetPlatform 'AndroidClient'
[2020.09.06-17.35.35:738][  0]LogTargetPlatformManager: Display: Loaded TargetPlatform 'Android_ASTCClient'
[2020.09.06-17.35.35:738][  0]LogTargetPlatformManager: Display: Loaded TargetPlatform 'Android_DXTClient'
[2020.09.06-17.35.35:738][  0]LogTargetPlatformManager: Display: Loaded TargetPlatform 'Android_ETC2Client'
[2020.09.06-17.35.35:738][  0]LogTargetPlatformManager: Display: Loaded TargetPlatform 'Android_Multi'
[2020.09.06-17.35.35:738][  0]LogTargetPlatformManager: Display: Loaded TargetPlatform 'Android_MultiClient'
[2020.09.06-17.35.35:762][  0]LogTargetPlatformManager: Display: Loaded TargetPlatform 'IOSClient'
[2020.09.06-17.35.35:762][  0]LogTargetPlatformManager: Display: Loaded TargetPlatform 'IOS'
[2020.09.06-17.35.35:773][  0]LogTargetPlatformManager: Display: Loaded TargetPlatform 'Linux'
[2020.09.06-17.35.35:786][  0]LogTargetPlatformManager: Display: Loaded TargetPlatform 'LinuxNoEditor'
[2020.09.06-17.35.35:795][  0]LogTargetPlatformManager: Display: Loaded TargetPlatform 'LinuxClient'
[2020.09.06-17.35.35:804][  0]LogTargetPlatformManager: Display: Loaded TargetPlatform 'LinuxServer'
[2020.09.06-17.35.35:813][  0]LogTargetPlatformManager: Display: Loaded TargetPlatform 'LinuxAArch64NoEditor'
[2020.09.06-17.35.35:827][  0]LogTargetPlatformManager: Display: Loaded TargetPlatform 'LinuxAArch64Client'
[2020.09.06-17.35.35:836][  0]LogTargetPlatformManager: Display: Loaded TargetPlatform 'LinuxAArch64Server'
[2020.09.06-17.35.35:860][  0]LogTargetPlatformManager: Display: Loaded TargetPlatform 'Lumin'
[2020.09.06-17.35.35:860][  0]LogTargetPlatformManager: Display: Loaded TargetPlatform 'LuminClient'
[2020.09.06-17.35.35:874][  0]LogTargetPlatformManager: Display: Loaded TargetPlatform 'TVOSClient'
[2020.09.06-17.35.35:874][  0]LogTargetPlatformManager: Display: Loaded TargetPlatform 'TVOS'
[2020.09.06-17.35.35:883][  0]LogTargetPlatformManager: Display: Loaded TargetPlatform 'WindowsNoEditor'
[2020.09.06-17.35.35:892][  0]LogTargetPlatformManager: Display: Loaded TargetPlatform 'Windows'
[2020.09.06-17.35.35:901][  0]LogTargetPlatformManager: Display: Loaded TargetPlatform 'WindowsClient'
[2020.09.06-17.35.35:909][  0]LogTargetPlatformManager: Display: Loaded TargetPlatform 'WindowsServer'
[2020.09.06-17.35.35:909][  0]LogTargetPlatformManager: Display: Building Assets For Windows
[2020.09.06-17.35.35:919][  0]LogAudioDebug: Display: Lib vorbis DLL was dynamically loaded.
[2020.09.06-17.35.35:992][  0]LogShaderCompilers: Guid format shader working directory is -44 characters bigger than the processId version (C:/Users/Nathanael/Documents/08_UNREAL_PROJECT/1_JAM/New folder/Creative_jam_2020/creativejam/Intermediate/Shaders/WorkingDirectory/27760/).
[2020.09.06-17.35.35:992][  0]LogShaderCompilers: Cleaned the shader compiler working directory 'C:/Users/Nathanael/AppData/Local/Temp/UnrealShaderWorkingDir/27DCF89F4D80C49EC784E3B983C02A5C/'.
[2020.09.06-17.35.35:993][  0]LogXGEController: Cleaning working directory: C:/Users/Nathanael/AppData/Local/Temp/UnrealXGEWorkingDir/
[2020.09.06-17.35.35:993][  0]LogXGEController: Cannot use XGE Controller as Incredibuild is not installed on this machine.
[2020.09.06-17.35.35:993][  0]LogShaderCompilers: Cannot use XGE Shader Compiler as Incredibuild is not installed on this machine.
[2020.09.06-17.35.35:993][  0]LogShaderCompilers: Display: Using Local Shader Compiler.
[2020.09.06-17.35.36:684][  0]LogDerivedDataCache: Display: Max Cache Size: 512 MB
[2020.09.06-17.35.36:728][  0]LogDerivedDataCache: Loaded boot cache 0.04s 78MB C:/Users/Nathanael/AppData/Local/UnrealEngine/4.25/DerivedDataCache/Boot.ddc.
[2020.09.06-17.35.36:728][  0]LogDerivedDataCache: Display: Loaded Boot cache: C:/Users/Nathanael/AppData/Local/UnrealEngine/4.25/DerivedDataCache/Boot.ddc
[2020.09.06-17.35.36:728][  0]LogDerivedDataCache: FDerivedDataBackendGraph:  Pak pak cache file C:/Users/Nathanael/Documents/08_UNREAL_PROJECT/1_JAM/New folder/Creative_jam_2020/creativejam/DerivedDataCache/DDC.ddp not found, will not use a pak cache.
[2020.09.06-17.35.36:728][  0]LogDerivedDataCache: Unable to find inner node Pak for hierarchical cache Hierarchy.
[2020.09.06-17.35.36:728][  0]LogDerivedDataCache: FDerivedDataBackendGraph:  CompressedPak pak cache file C:/Users/Nathanael/Documents/08_UNREAL_PROJECT/1_JAM/New folder/Creative_jam_2020/creativejam/DerivedDataCache/Compressed.ddp not found, will not use a pak cache.
[2020.09.06-17.35.36:728][  0]LogDerivedDataCache: Unable to find inner node CompressedPak for hierarchical cache Hierarchy.
[2020.09.06-17.35.36:736][  0]LogDerivedDataCache: Display: Pak cache opened for reading ../../../Engine/DerivedDataCache/Compressed.ddp.
[2020.09.06-17.35.36:736][  0]LogDerivedDataCache: FDerivedDataBackendGraph:  EnterprisePak pak cache file ../../../Enterprise/DerivedDataCache/Compressed.ddp not found, will not use a pak cache.
[2020.09.06-17.35.36:736][  0]LogDerivedDataCache: Unable to find inner node EnterprisePak for hierarchical cache Hierarchy.
[2020.09.06-17.35.36:737][  0]LogDerivedDataCache: Using Local data cache path C:/Users/Nathanael/AppData/Local/UnrealEngine/Common/DerivedDataCache: Writable
[2020.09.06-17.35.36:737][  0]LogDerivedDataCache: Shared data cache path not found in *engine.ini, will not use an Shared cache.
[2020.09.06-17.35.36:737][  0]LogDerivedDataCache: Unable to find inner node Shared for hierarchical cache Hierarchy.
[2020.09.06-17.35.36:784][  0]LogSlate: Using FreeType 2.10.0
[2020.09.06-17.35.36:785][  0]LogSlate: SlateFontServices - WITH_FREETYPE: 1, WITH_HARFBUZZ: 1
[2020.09.06-17.35.36:806][  0]LogAssetRegistry: FAssetRegistry took 0.0019 seconds to start up
[2020.09.06-17.35.37:042][  0]LogInit: Selected Device Profile: [Windows]
[2020.09.06-17.35.37:162][  0]LogMeshReduction: Using QuadricMeshReduction for automatic static mesh reduction
[2020.09.06-17.35.37:162][  0]LogMeshReduction: Using SimplygonMeshReduction for automatic skeletal mesh reduction
[2020.09.06-17.35.37:162][  0]LogMeshReduction: Using ProxyLODMeshReduction for automatic mesh merging
[2020.09.06-17.35.37:162][  0]LogMeshReduction: No distributed automatic mesh merging module available
[2020.09.06-17.35.37:162][  0]LogMeshMerging: No distributed automatic mesh merging module available
[2020.09.06-17.35.37:180][  0]LogNetVersion: creativejam 1.0.0, NetCL: 13144385, EngineNetVer: 14, GameNetVer: 0 (Checksum: 807201128)
[2020.09.06-17.35.37:520][  0]LogAISub: UAISubsystem::UAISubsystem AISubsystem (000001AD70C5D400), frame # 0
[2020.09.06-17.35.37:520][  0]LogAISub: UAISubsystem::UAISubsystem AIPerceptionSystem (000001AD70B9BD80), frame # 0
[2020.09.06-17.35.37:521][  0]LogAISub: UAISubsystem::UAISubsystem EnvQueryManager (000001AD70BF5E00), frame # 0
[2020.09.06-17.35.37:576][  0]LogPackageLocalizationCache: Processed 19 localized package path(s) for 1 prioritized culture(s) in 0.050205 seconds
[2020.09.06-17.35.37:584][  0]LogUObjectArray: 15917 objects as part of root set at end of initial load.
[2020.09.06-17.35.37:584][  0]LogUObjectAllocator: 3965568 out of 0 bytes used by permanent object pool.
[2020.09.06-17.35.37:584][  0]LogUObjectArray: CloseDisregardForGC: 0/0 objects in disregard for GC pool
[2020.09.06-17.35.37:974][  0]LogTcpMessaging: Initializing TcpMessaging bridge
[2020.09.06-17.35.37:979][  0]LogUdpMessaging: Initializing bridge on interface 0.0.0.0:0 to multicast group 230.0.0.1:6666.
[2020.09.06-17.35.38:149][  0]SourceControl: Source control is disabled
[2020.09.06-17.35.38:149][  0]SourceControl: Source control is disabled
[2020.09.06-17.35.38:154][  0]SourceControl: Source control is disabled
[2020.09.06-17.35.38:158][  0]SourceControl: Source control is disabled
[2020.09.06-17.35.38:166][  0]SourceControl: Source control is disabled
[2020.09.06-17.35.38:438][  0]LogAndroidPermission: UAndroidPermissionCallbackProxy::GetInstance
[2020.09.06-17.35.38:461][  0]LogAudioCaptureCore: Display: No Audio Capture implementations found. Audio input will be silent.
[2020.09.06-17.35.38:461][  0]LogAudioCaptureCore: Display: No Audio Capture implementations found. Audio input will be silent.
[2020.09.06-17.35.38:512][  0]LogOcInput: OculusInput pre-init called
[2020.09.06-17.35.38:523][  0]LogWindows: Failed to load 'OVRPlugin.dll' (GetLastError=126)
[2020.09.06-17.35.38:523][  0]LogWindows: File 'OVRPlugin.dll' does not exist
[2020.09.06-17.35.38:578][  0]LogEngine: Initializing Engine...
[2020.09.06-17.35.38:579][  0]LogHMD: Failed to initialize OpenVR with code 110
[2020.09.06-17.35.38:579][  0]LogMagicLeap: Warning: VR disabled because ZI is not enabled.  To enable, in the editor, Edit -> Project Settings -> Plugins -> Magic Leap Plugin -> Enable Zero Iteration
[2020.09.06-17.35.38:580][  0]LogStats: UGameplayTagsManager::InitializeManager -  0.000 s
[2020.09.06-17.35.38:677][  0]LogInit: Initializing FReadOnlyCVARCache
[2020.09.06-17.35.38:689][  0]LogAIModule: Creating AISystem for world Untitled
[2020.09.06-17.35.38:689][  0]LogAISub: UAISubsystem::UAISubsystem EnvQueryManager (000001AD74183C00), frame # 0
[2020.09.06-17.35.38:689][  0]LogAISub: UAISubsystem::UAISubsystem AIPerceptionSystem (000001AD741CA700), frame # 0
[2020.09.06-17.35.38:707][  0]LogAudioMixer: Display: Audio Mixer Platform Settings:
[2020.09.06-17.35.38:707][  0]LogAudioMixer: Display: 	Sample Rate:						  48000
[2020.09.06-17.35.38:707][  0]LogAudioMixer: Display: 	Callback Buffer Frame Size Requested: 1024
[2020.09.06-17.35.38:707][  0]LogAudioMixer: Display: 	Callback Buffer Frame Size To Use:	  1024
[2020.09.06-17.35.38:707][  0]LogAudioMixer: Display: 	Number of buffers to queue:			  2
[2020.09.06-17.35.38:707][  0]LogAudioMixer: Display: 	Max Channels (voices):				  32
[2020.09.06-17.35.38:707][  0]LogAudioMixer: Display: 	Number of Async Source Workers:		  0
[2020.09.06-17.35.38:707][  0]LogAudio: Display: AudioDevice MaxSources: 32
[2020.09.06-17.35.38:708][  0]LogAudio: Display: Using built-in audio occlusion.
[2020.09.06-17.35.38:708][  0]LogAudioMixer: Display: Initializing audio mixer.
[2020.09.06-17.35.38:755][  0]LogAudioMixer: Display: 0: FrontLeft
[2020.09.06-17.35.38:755][  0]LogAudioMixer: Display: 1: FrontRight
[2020.09.06-17.35.38:806][  0]LogAudioMixer: Display: Using Audio Device VoiceMeeter Input (VB-Audio VoiceMeeter VAIO)
[2020.09.06-17.35.38:806][  0]LogAudioMixer: Display: Initializing Sound Submixes...
[2020.09.06-17.35.38:807][  0]LogAudioMixer: Display: Creating Master Submix 'MasterSubmixDefault'
[2020.09.06-17.35.38:807][  0]LogAudioMixer: Display: Creating Master Submix 'MasterReverbSubmixDefault'
[2020.09.06-17.35.38:808][  0]LogAudioMixer: Display: Creating Master Submix 'MasterEQSubmixDefault'
[2020.09.06-17.35.38:809][  0]LogInit: FAudioDevice initialized.
[2020.09.06-17.35.38:809][  0]LogNetVersion: Set ProjectVersion to 1.0.0.0. Version Checksum will be recalculated on next use.
[2020.09.06-17.35.38:847][  0]LogDerivedDataCache: Saved boot cache 0.04s 80MB C:/Users/Nathanael/AppData/Local/UnrealEngine/4.25/DerivedDataCache/Boot.ddc.
[2020.09.06-17.35.38:853][  0]LogInit: Texture streaming: Enabled
[2020.09.06-17.35.38:871][  0]LogEngineSessionManager: EngineSessionManager initialized
[2020.09.06-17.35.38:871][  0]LogEngineSessionManager: EngineSessionManager sent abnormal shutdown report. Type=Crashed, SessionId={4850B6C3-4D05-B7E3-92FA-6993CD983D26}
[2020.09.06-17.35.38:871][  0]LogEditorSessionSummary: Verbose: Initializing EditorSessionSummaryWriter for editor session tracking
[2020.09.06-17.35.38:873][  0]LogEditorSessionSummary: EditorSessionSummaryWriter initialized
[2020.09.06-17.35.38:932][  0]LogInit: Transaction tracking system initialized
[2020.09.06-17.35.38:956][  0]BlueprintLog: New page: Editor Load
[2020.09.06-17.35.39:032][  0]LocalizationService: Localization service is disabled
[2020.09.06-17.35.39:185][  0]LogCook: Display: Max memory allowance for cook 16384mb min free memory 0mb
[2020.09.06-17.35.39:185][  0]LogCook: Display: Mobile HDR setting 1
[2020.09.06-17.35.39:346][  0]LogFileCache: Scanning file cache for directory 'C:/Users/Nathanael/Documents/08_UNREAL_PROJECT/1_JAM/New folder/Creative_jam_2020/creativejam/Content/' took 0.01s
[2020.09.06-17.35.39:507][  0]SourceControl: Source control is disabled
[2020.09.06-17.35.39:627][  0]LogSlate: Took 0.000090 seconds to synchronously load lazily loaded font '../../../Engine/Content/Slate/Fonts/Roboto-Regular.ttf' (155K)
[2020.09.06-17.35.43:795][  0]LogSlate: Window 'Restore Packages' being destroyed
[2020.09.06-17.35.43:795][  0]LogWindowsTextInputMethodSystem: Display: IME system now deactivated.
[2020.09.06-17.35.43:810][  0]LogWindowsTextInputMethodSystem: Display: IME system now deactivated.
[2020.09.06-17.35.43:811][  0]LogUnrealEdMisc: Loading editor; pre map load, took 10.138
[2020.09.06-17.35.43:811][  0]Cmd: MAP LOAD FILE="C:/Users/Nathanael/Documents/08_UNREAL_PROJECT/1_JAM/New folder/Creative_jam_2020/creativejam/Content/Maps/MASTER_Lv.umap" TEMPLATE=0 SHOWPROGRESS=1 FEATURELEVEL=3
[2020.09.06-17.35.43:811][  0]LightingResults: New page: Lighting Build
[2020.09.06-17.35.43:812][  0]LogWorld: UWorld::CleanupWorld for Untitled, bSessionEnded=true, bCleanupResources=true
[2020.09.06-17.35.43:812][  0]LogSlate: InvalidateAllWidgets triggered.  All widgets were invalidated
[2020.09.06-17.35.43:812][  0]MapCheck: New page: Map Check
[2020.09.06-17.35.43:812][  0]LightingResults: New page: Lighting Build
[2020.09.06-17.35.43:822][  0]LogAISub: UAISubsystem::~UAISubsystem EnvQueryManager (000001AD74183C00), frame # 0
[2020.09.06-17.35.43:822][  0]LogAISub: UAISubsystem::~UAISubsystem AIPerceptionSystem (000001AD741CA700), frame # 0
[2020.09.06-17.35.43:823][  0]LogUObjectHash: Compacting FUObjectHashTables data took   0.95ms
[2020.09.06-17.35.43:829][  0]LogAIModule: Creating AISystem for world MASTER_Lv
[2020.09.06-17.35.43:829][  0]LogAISub: UAISubsystem::UAISubsystem EnvQueryManager (000001AD02E98800), frame # 0
[2020.09.06-17.35.43:829][  0]LogAISub: UAISubsystem::UAISubsystem AIPerceptionSystem (000001AD023BD440), frame # 0
[2020.09.06-17.35.43:830][  0]LogStreaming: Display: ULevelStreaming::RequestLevel(/Game/Maps/Blocking2_Lv) is flushing async loading
[2020.09.06-17.35.43:830][  0]LogStreaming: Display: Flushing async loaders.
[2020.09.06-17.35.43:831][  0]LogLinker: Error: HOTRELOADED_DestructibleComponent_0 has an inappropriate outermost, it was probably saved with a deprecated outer (file: C:/Users/Nathanael/Documents/08_UNREAL_PROJECT/1_JAM/New folder/Creative_jam_2020/creativejam/Content/BP/WBP_DestructibleCard.uasset)
[2020.09.06-17.35.43:832][  0]LogLinker: Error: HOTRELOADED_DestructibleComponent_0 has an inappropriate outermost, it was probably saved with a deprecated outer (file: C:/Users/Nathanael/Documents/08_UNREAL_PROJECT/1_JAM/New folder/Creative_jam_2020/creativejam/Content/BP/WBP_DestructibleCard.uasset)
[2020.09.06-17.35.43:863][  0]LogStreaming: Display: ULevelStreaming::RequestLevel(/Game/Maps/Blocking_Lv) is flushing async loading
[2020.09.06-17.35.44:067][  0]LogStreaming: Display: ULevelStreaming::RequestLevel(/Game/Maps/Light_Lv) is flushing async loading
[2020.09.06-17.35.44:070][  0]LogEditorServer: Finished looking for orphan Actors (0.000 secs)
[2020.09.06-17.35.44:086][  0]LogUObjectHash: Compacting FUObjectHashTables data took   0.98ms
[2020.09.06-17.35.44:086][  0]Cmd: MAP CHECKDEP NOCLEARLOG
[2020.09.06-17.35.44:087][  0]MapCheck: Map check complete: 0 Error(s), 0 Warning(s), took 0,308ms to complete.
[2020.09.06-17.35.44:087][  0]LogFileHelpers: Loading map 'MASTER_Lv' took 0.276
[2020.09.06-17.35.44:089][  0]LogUnrealEdMisc: Total Editor Startup Time, took 10.417
[2020.09.06-17.35.44:168][  0]LogSlate: Updating window title bar state: overlay mode, drag disabled, window buttons hidden, title bar hidden
[2020.09.06-17.35.44:175][  0]LogSlate: Updating window title bar state: overlay mode, drag disabled, window buttons hidden, title bar hidden
[2020.09.06-17.35.44:180][  0]LogSlate: Updating window title bar state: overlay mode, drag disabled, window buttons hidden, title bar hidden
[2020.09.06-17.35.44:186][  0]LogSlate: Updating window title bar state: overlay mode, drag disabled, window buttons hidden, title bar hidden
[2020.09.06-17.35.44:193][  0]LogCollectionManager: Loaded 0 collections in 0.000614 seconds
[2020.09.06-17.35.44:204][  0]LogFileCache: Scanning file cache for directory 'C:/Users/Nathanael/Documents/08_UNREAL_PROJECT/1_JAM/New folder/Creative_jam_2020/creativejam/Saved/Collections/' took 0.00s
[2020.09.06-17.35.44:204][  0]LogFileCache: Scanning file cache for directory 'C:/Users/Nathanael/Documents/08_UNREAL_PROJECT/1_JAM/New folder/Creative_jam_2020/creativejam/Content/Developers/Nathanael/Collections/' took 0.00s
[2020.09.06-17.35.44:204][  0]LogFileCache: Scanning file cache for directory 'C:/Users/Nathanael/Documents/08_UNREAL_PROJECT/1_JAM/New folder/Creative_jam_2020/creativejam/Content/Collections/' took 0.00s
[2020.09.06-17.35.44:204][  0]LogContentBrowser: Native class hierarchy populated in 0.0074 seconds. Added 3433 classes and 823 folders.
[2020.09.06-17.35.44:208][  0]LogContentBrowser: Native class hierarchy updated for 'WidgetCarousel' in 0.0003 seconds. Added 0 classes and 0 folders.
[2020.09.06-17.35.44:243][  0]LogContentBrowser: Native class hierarchy updated for 'AddContentDialog' in 0.0003 seconds. Added 0 classes and 0 folders.
[2020.09.06-17.35.44:246][  0]LogContentBrowser: Native class hierarchy updated for 'SceneOutliner' in 0.0003 seconds. Added 2 classes and 0 folders.
[2020.09.06-17.35.44:316][  0]LogSlate: Took 0.000100 seconds to synchronously load lazily loaded font '../../../Engine/Content/Slate/Fonts/Roboto-Bold.ttf' (160K)
[2020.09.06-17.35.44:319][  0]LogSlate: Took 0.000085 seconds to synchronously load lazily loaded font '../../../Engine/Content/Editor/Slate/Fonts/FontAwesome.ttf' (139K)
[2020.09.06-17.35.44:355][  0]LogRenderer: Reallocating scene render targets to support 1016x608 Format 10 NumSamples 1 (Frame:1).
[2020.09.06-17.35.44:450][  0]LogContentBrowser: Native class hierarchy updated for 'HierarchicalLODOutliner' in 0.0003 seconds. Added 0 classes and 0 folders.
[2020.09.06-17.35.44:450][  0]LogLoad: (Engine Initialization) Total time: 10.78 seconds
[2020.09.06-17.35.44:450][  0]LogLoad: (Engine Initialization) Total Blueprint compile time: 0.00 seconds
[2020.09.06-17.35.44:483][  0]LogAssetRegistry: Asset discovery search completed in 7.6772 seconds
[2020.09.06-17.35.44:486][  0]LogCollectionManager: Fixed up redirectors for 0 collections in 0.000002 seconds (updated 0 objects)
[2020.09.06-17.35.44:488][  0]LogContentStreaming: Texture pool size now 1000 MB
[2020.09.06-17.35.44:521][  0]LogSlate: Took 0.000100 seconds to synchronously load lazily loaded font '../../../Engine/Content/Slate/Fonts/Roboto-Light.ttf' (167K)
[2020.09.06-17.35.44:526][  1]LogFileCache: Retrieving MD5 hashes for directory 'C:/Users/Nathanael/Documents/08_UNREAL_PROJECT/1_JAM/New folder/Creative_jam_2020/creativejam/Content/' took 0.07s
[2020.09.06-17.35.49:341][554]LogSlate: Took 0.000105 seconds to synchronously load lazily loaded font '../../../Engine/Content/Slate/Fonts/Roboto-Light.ttf' (167K)
[2020.09.06-17.35.49:494][554]LogAssetEditorSubsystem: Opening Asset editor for World /Game/FirstPersonCPP/Maps/FirstPersonExampleMap.FirstPersonExampleMap
[2020.09.06-17.35.49:510][554]LogUObjectHash: Compacting FUObjectHashTables data took   0.82ms
[2020.09.06-17.35.49:511][554]LightingResults: New page: Lighting Build
[2020.09.06-17.35.49:511][554]LoadErrors: New page: Loading map: FirstPersonExampleMap.umap
[2020.09.06-17.35.49:514][554]LogWorld: UWorld::CleanupWorld for MASTER_Lv, bSessionEnded=true, bCleanupResources=true
[2020.09.06-17.35.49:514][554]LogSlate: InvalidateAllWidgets triggered.  All widgets were invalidated
[2020.09.06-17.35.49:514][554]LogWorld: UWorld::CleanupWorld for Blocking2_Lv, bSessionEnded=true, bCleanupResources=true
[2020.09.06-17.35.49:514][554]LogSlate: InvalidateAllWidgets triggered.  All widgets were invalidated
[2020.09.06-17.35.49:514][554]LogWorld: UWorld::CleanupWorld for Blocking_Lv, bSessionEnded=true, bCleanupResources=true
[2020.09.06-17.35.49:514][554]LogSlate: InvalidateAllWidgets triggered.  All widgets were invalidated
[2020.09.06-17.35.49:514][554]LogWorld: UWorld::CleanupWorld for Light_Lv, bSessionEnded=true, bCleanupResources=true
[2020.09.06-17.35.49:514][554]LogSlate: InvalidateAllWidgets triggered.  All widgets were invalidated
[2020.09.06-17.35.49:514][554]MapCheck: New page: Map Check
[2020.09.06-17.35.49:514][554]LightingResults: New page: Lighting Build
[2020.09.06-17.35.49:525][554]LogAISub: UAISubsystem::~UAISubsystem AIPerceptionSystem (000001AD023BD440), frame # 554
[2020.09.06-17.35.49:525][554]LogAISub: UAISubsystem::~UAISubsystem EnvQueryManager (000001AD02E98800), frame # 554
[2020.09.06-17.35.49:527][554]LogUObjectHash: Compacting FUObjectHashTables data took   0.69ms
[2020.09.06-17.35.49:664][554]LogEditorServer: Finished looking for orphan Actors (0.000 secs)
[2020.09.06-17.35.49:664][554]LogAIModule: Creating AISystem for world FirstPersonExampleMap
[2020.09.06-17.35.49:664][554]LogAISub: UAISubsystem::UAISubsystem EnvQueryManager (000001AD2B3B7400), frame # 554
[2020.09.06-17.35.49:664][554]LogAISub: UAISubsystem::UAISubsystem AIPerceptionSystem (000001AD159EF240), frame # 554
[2020.09.06-17.35.49:677][554]LogUObjectHash: Compacting FUObjectHashTables data took   0.58ms
[2020.09.06-17.35.49:706][554]Cmd: MAP CHECKDEP NOCLEARLOG
[2020.09.06-17.35.49:706][554]MapCheck: Map check complete: 0 Error(s), 0 Warning(s), took 0,102ms to complete.
[2020.09.06-17.35.49:706][554]LogFileHelpers: Loading map 'FirstPersonExampleMap' took 0.195
[2020.09.06-17.35.49:755][554]LogUObjectHash: Compacting FUObjectHashTables data took   0.19ms
[2020.09.06-17.36.02:177][972]LogAssetEditorSubsystem: Opening Asset editor for AnimBlueprint /Game/RiggedBaby_Assets_-_Copy/NewAnimBlueprint.NewAnimBlueprint
[2020.09.06-17.36.02:184][972]LogContentBrowser: Native class hierarchy updated for 'SkeletonEditor' in 0.0003 seconds. Added 1 classes and 2 folders.
[2020.09.06-17.36.02:320][972]LogActorComponent: RegisterComponentWithWorld: (/Engine/Transient.World_3:PersistentLevel.AnimationEditorPreviewActor_0.DebugSkelMeshComponent_0) Already registered. Aborting.
[2020.09.06-17.36.02:321][972]LogContentBrowser: Native class hierarchy updated for 'PinnedCommandList' in 0.0003 seconds. Added 1 classes and 0 folders.
[2020.09.06-17.36.02:519][972]LogContentBrowser: Native class hierarchy updated for 'BlueprintGraph' in 0.0006 seconds. Added 125 classes and 0 folders.
[2020.09.06-17.36.03:211][972]LogSkeletalMesh: USkeletalMeshComponent::InitArticulated : Bodies already created (/Engine/Transient.World_3:PersistentLevel.AnimationEditorPreviewActor_0.DebugSkelMeshComponent_0) - call TermArticulated first.
[2020.09.06-17.36.03:460][972]LogSlate: Took 0.000116 seconds to synchronously load lazily loaded font '../../../Engine/Content/Slate/Fonts/Roboto-BoldCondensed.ttf' (158K)
[2020.09.06-17.36.03:527][972]LogContentBrowser: Verbose: The majority of assets in the view are of type: AnimSequence
[2020.09.06-17.36.03:543][973]LogSlate: Took 0.000144 seconds to synchronously load lazily loaded font '../../../Engine/Content/Slate/Fonts/Roboto-Italic.ttf' (157K)
[2020.09.06-17.36.51:327][432]BlueprintLog: New page: Compile NewAnimBlueprint
[2020.09.06-17.36.51:361][432]LogUObjectHash: Compacting FUObjectHashTables data took   1.54ms
[2020.09.06-17.36.51:940][487]LogSavePackage: Moving 'C:/Users/Nathanael/Documents/08_UNREAL_PROJECT/1_JAM/New folder/Creative_jam_2020/creativejam/Saved/NewAnimBlueprint128C7A4F42EDE1233BB021A9EC983368.tmp' to 'C:/Users/Nathanael/Documents/08_UNREAL_PROJECT/1_JAM/New folder/Creative_jam_2020/creativejam/Content/RiggedBaby_Assets_-_Copy/NewAnimBlueprint.uasset'
[2020.09.06-17.36.51:958][487]AssetCheck: New page: Asset Save: NewAnimBlueprint
[2020.09.06-17.36.51:958][487]LogContentValidation: Display: Validating AnimBlueprint /Game/RiggedBaby_Assets_-_Copy/NewAnimBlueprint.NewAnimBlueprint
[2020.09.06-17.36.52:561][547]LogSlate: Window 'NewAnimBlueprint' being destroyed
[2020.09.06-17.36.52:599][547]LogWorld: UWorld::CleanupWorld for World_3, bSessionEnded=true, bCleanupResources=true
[2020.09.06-17.36.52:599][547]LogSlate: InvalidateAllWidgets triggered.  All widgets were invalidated
[2020.09.06-17.36.52:603][547]LogWorld: UWorld::CleanupWorld for World_2, bSessionEnded=true, bCleanupResources=true
[2020.09.06-17.36.52:603][547]LogSlate: InvalidateAllWidgets triggered.  All widgets were invalidated
[2020.09.06-17.36.52:714][547]LogWorld: UWorld::CleanupWorld for World_4, bSessionEnded=true, bCleanupResources=true
[2020.09.06-17.36.52:714][547]LogSlate: InvalidateAllWidgets triggered.  All widgets were invalidated
[2020.09.06-17.36.53:844][668]Candidate modules for hot reload:
[2020.09.06-17.36.53:844][668]  creativejam
[2020.09.06-17.36.53:844][668]Launching UnrealBuildTool... [E:/EpicGames/UE_4.25/Engine/Binaries/DotNET/UnrealBuildTool.exe  -ModuleWithSuffix=creativejam,8548 creativejamEditor Win64 Development -Project="C:/Users/Nathanael/Documents/08_UNREAL_PROJECT/1_JAM/New folder/Creative_jam_2020/creativejam/creativejam.uproject" "C:/Users/Nathanael/Documents/08_UNREAL_PROJECT/1_JAM/New folder/Creative_jam_2020/creativejam/creativejam.uproject"  -IgnoreJunk]
[2020.09.06-17.36.53:852][668]Warning: Starting HotReload took  0.0s.
[2020.09.06-17.36.55:538][823]CompilerResultsLog: New page: Compilation - 6 sept. 2020 09 h 36 min 55 s
[2020.09.06-17.36.55:538][823]CompilerResultsLog: Using 'git status' to determine working set for adaptive non-unity build (C:\Users\Nathanael\Documents\08_UNREAL_PROJECT\1_JAM\New folder\Creative_jam_2020).
[2020.09.06-17.36.55:538][823]CompilerResultsLog: Building creativejamEditor...
[2020.09.06-17.36.55:538][823]CompilerResultsLog: Using Visual Studio 2019 14.27.29111 toolchain (C:\Program Files (x86)\Microsoft Visual Studio\2019\Community\VC\Tools\MSVC\14.27.29110) and Windows 10.0.18362.0 SDK (C:\Program Files (x86)\Windows Kits\10).
[2020.09.06-17.36.55:538][823]CompilerResultsLog: Building 3 actions with 12 processes...
[2020.09.06-17.36.55:538][823]CompilerResultsLog:   [1/3] UE4Editor-creativejam-8548.lib
[2020.09.06-17.36.55:538][823]CompilerResultsLog:      Cr?ation de la biblioth?que C:\Users\Nathanael\Documents\08_UNREAL_PROJECT\1_JAM\New folder\Creative_jam_2020\creativejam\Intermediate\Build\Win64\UE4Editor\Development\creativejam\UE4Editor-creativejam-8548.lib et de l'objet C:\Users\Nathanael\Documents\08_UNREAL_PROJECT\1_JAM\New folder\Creative_jam_2020\creativejam\Intermediate\Build\Win64\UE4Editor\Development\creativejam\UE4Editor-creativejam-8548.exp
[2020.09.06-17.36.55:538][823]CompilerResultsLog:   [2/3] UE4Editor-creativejam-8548.dll
[2020.09.06-17.36.55:538][823]CompilerResultsLog:      Cr?ation de la biblioth?que C:\Users\Nathanael\Documents\08_UNREAL_PROJECT\1_JAM\New folder\Creative_jam_2020\creativejam\Intermediate\Build\Win64\UE4Editor\Development\creativejam\UE4Editor-creativejam-8548.suppressed.lib et de l'objet C:\Users\Nathanael\Documents\08_UNREAL_PROJECT\1_JAM\New folder\Creative_jam_2020\creativejam\Intermediate\Build\Win64\UE4Editor\Development\creativejam\UE4Editor-creativejam-8548.suppressed.exp
[2020.09.06-17.36.55:538][823]CompilerResultsLog:   [3/3] creativejamEditor.target
[2020.09.06-17.36.55:538][823]CompilerResultsLog: Total time in Parallel executor: 0,95 seconds
[2020.09.06-17.36.55:538][823]CompilerResultsLog: Total execution time: 1,59 seconds
[2020.09.06-17.36.55:538][823]LogMainFrame: MainFrame: Module compiling took 1.697 seconds
[2020.09.06-17.36.55:601][823]LogClass: DestructibleData HotReload.
[2020.09.06-17.36.55:608][823]LogContentBrowser: Native class hierarchy updated for 'creativejam' in 0.0003 seconds. Added 6 classes and 2 folders.
[2020.09.06-17.36.55:610][823]Display: HotReload successful (6 functions remapped  1 scriptstructs remapped)
[2020.09.06-17.36.55:669][823]LogContentBrowser: Native class hierarchy populated in 0.0072 seconds. Added 3434 classes and 825 folders.
[2020.09.06-17.36.55:675][823]Display: HotReload took  1.8s.
[2020.09.06-17.36.59:103][146]LogAssetEditorSubsystem: Opening Asset editor for AnimBlueprint /Game/RiggedBaby_Assets_-_Copy/NewAnimBlueprint.NewAnimBlueprint
[2020.09.06-17.36.59:111][146]LogActorComponent: RegisterComponentWithWorld: (/Engine/Transient.World_8:PersistentLevel.AnimationEditorPreviewActor_0.DebugSkelMeshComponent_0) Already registered. Aborting.
[2020.09.06-17.36.59:594][146]LogSkeletalMesh: USkeletalMeshComponent::InitArticulated : Bodies already created (/Engine/Transient.World_8:PersistentLevel.AnimationEditorPreviewActor_0.DebugSkelMeshComponent_0) - call TermArticulated first.
[2020.09.06-17.36.59:884][146]LogContentBrowser: Verbose: The majority of assets in the view are of type: AnimSequence
[2020.09.06-17.39.19:924][301]BlueprintLog: New page: Compile NewAnimBlueprint
[2020.09.06-17.39.20:006][301]LogUObjectHash: Compacting FUObjectHashTables data took   3.04ms
[2020.09.06-17.39.20:491][339]LogSavePackage: Moving 'C:/Users/Nathanael/Documents/08_UNREAL_PROJECT/1_JAM/New folder/Creative_jam_2020/creativejam/Saved/NewAnimBlueprintF16960154868DA97D106CB837436A4F0.tmp' to 'C:/Users/Nathanael/Documents/08_UNREAL_PROJECT/1_JAM/New folder/Creative_jam_2020/creativejam/Content/RiggedBaby_Assets_-_Copy/NewAnimBlueprint.uasset'
[2020.09.06-17.39.20:504][339]AssetCheck: New page: Asset Save: NewAnimBlueprint
[2020.09.06-17.39.20:504][339]LogContentValidation: Display: Validating AnimBlueprint /Game/RiggedBaby_Assets_-_Copy/NewAnimBlueprint.NewAnimBlueprint
[2020.09.06-17.39.41:818][729]BlueprintLog: New page: Compile NewAnimBlueprint
[2020.09.06-17.39.41:872][729]LogUObjectHash: Compacting FUObjectHashTables data took   2.22ms
[2020.09.06-17.39.56:850][402]BlueprintLog: New page: Compile NewAnimBlueprint
[2020.09.06-17.39.56:886][402]LogUObjectHash: Compacting FUObjectHashTables data took   1.85ms
[2020.09.06-17.39.57:235][431]LogSavePackage: Moving 'C:/Users/Nathanael/Documents/08_UNREAL_PROJECT/1_JAM/New folder/Creative_jam_2020/creativejam/Saved/NewAnimBlueprintEE9502BB4D8A8599BFAEB3BDD81FA8E9.tmp' to 'C:/Users/Nathanael/Documents/08_UNREAL_PROJECT/1_JAM/New folder/Creative_jam_2020/creativejam/Content/RiggedBaby_Assets_-_Copy/NewAnimBlueprint.uasset'
[2020.09.06-17.39.57:246][431]AssetCheck: New page: Asset Save: NewAnimBlueprint
[2020.09.06-17.39.57:246][431]LogContentValidation: Display: Validating AnimBlueprint /Game/RiggedBaby_Assets_-_Copy/NewAnimBlueprint.NewAnimBlueprint
[2020.09.06-17.39.58:048][515]LogSlate: Window 'NewAnimBlueprint' being destroyed
[2020.09.06-17.39.58:081][515]LogWorld: UWorld::CleanupWorld for World_8, bSessionEnded=true, bCleanupResources=true
[2020.09.06-17.39.58:081][515]LogSlate: InvalidateAllWidgets triggered.  All widgets were invalidated
[2020.09.06-17.39.58:084][515]LogWorld: UWorld::CleanupWorld for World_7, bSessionEnded=true, bCleanupResources=true
[2020.09.06-17.39.58:084][515]LogSlate: InvalidateAllWidgets triggered.  All widgets were invalidated
[2020.09.06-17.39.58:187][515]LogWorld: UWorld::CleanupWorld for World_9, bSessionEnded=true, bCleanupResources=true
[2020.09.06-17.39.58:187][515]LogSlate: InvalidateAllWidgets triggered.  All widgets were invalidated
[2020.09.06-17.40.02:349][978]LogAssetEditorSubsystem: Opening Asset editor for AnimBlueprint /Game/RiggedBaby_Assets_-_Copy/NewAnimBlueprint.NewAnimBlueprint
[2020.09.06-17.40.02:355][978]LogActorComponent: RegisterComponentWithWorld: (/Engine/Transient.World_22:PersistentLevel.AnimationEditorPreviewActor_0.DebugSkelMeshComponent_0) Already registered. Aborting.
[2020.09.06-17.40.02:649][978]LogSkeletalMesh: USkeletalMeshComponent::InitArticulated : Bodies already created (/Engine/Transient.World_22:PersistentLevel.AnimationEditorPreviewActor_0.DebugSkelMeshComponent_0) - call TermArticulated first.
[2020.09.06-17.40.02:898][978]LogContentBrowser: Verbose: The majority of assets in the view are of type: AnimSequence
[2020.09.06-17.40.18:460][756]BlueprintLog: New page: Compile NewAnimBlueprint
[2020.09.06-17.40.18:496][756]LogUObjectHash: Compacting FUObjectHashTables data took   1.86ms
[2020.09.06-17.40.18:868][788]LogSavePackage: Moving 'C:/Users/Nathanael/Documents/08_UNREAL_PROJECT/1_JAM/New folder/Creative_jam_2020/creativejam/Saved/NewAnimBlueprint0F092A0241A7C7B80FE5BA8299B54411.tmp' to 'C:/Users/Nathanael/Documents/08_UNREAL_PROJECT/1_JAM/New folder/Creative_jam_2020/creativejam/Content/RiggedBaby_Assets_-_Copy/NewAnimBlueprint.uasset'
[2020.09.06-17.40.18:880][788]AssetCheck: New page: Asset Save: NewAnimBlueprint
[2020.09.06-17.40.18:880][788]LogContentValidation: Display: Validating AnimBlueprint /Game/RiggedBaby_Assets_-_Copy/NewAnimBlueprint.NewAnimBlueprint
[2020.09.06-17.40.28:897][889]BlueprintLog: New page: Compile NewAnimBlueprint
[2020.09.06-17.40.28:930][889]LogUObjectHash: Compacting FUObjectHashTables data took   1.88ms
[2020.09.06-17.40.29:533][946]LogSavePackage: Moving 'C:/Users/Nathanael/Documents/08_UNREAL_PROJECT/1_JAM/New folder/Creative_jam_2020/creativejam/Saved/NewAnimBlueprintAB849B2B4C3E4399BA44E7A55D1579CF.tmp' to 'C:/Users/Nathanael/Documents/08_UNREAL_PROJECT/1_JAM/New folder/Creative_jam_2020/creativejam/Content/RiggedBaby_Assets_-_Copy/NewAnimBlueprint.uasset'
[2020.09.06-17.40.29:545][946]AssetCheck: New page: Asset Save: NewAnimBlueprint
[2020.09.06-17.40.29:545][946]LogContentValidation: Display: Validating AnimBlueprint /Game/RiggedBaby_Assets_-_Copy/NewAnimBlueprint.NewAnimBlueprint
[2020.09.06-17.40.58:930][320]BlueprintLog: New page: Compile NewAnimBlueprint
[2020.09.06-17.40.58:933][320]LogBlueprint: Warning: [Compiler NewAnimBlueprint] punch to walk  will never be taken, please connect something to  Can Enter Transition
[2020.09.06-17.40.58:964][320]LogUObjectHash: Compacting FUObjectHashTables data took   1.83ms
[2020.09.06-17.40.58:989][320]LogSlate: Took 0.000095 seconds to synchronously load lazily loaded font '../../../Engine/Content/Slate/Fonts/DroidSansMono.ttf' (77K)
[2020.09.06-17.40.59:353][353]LogSavePackage: Moving 'C:/Users/Nathanael/Documents/08_UNREAL_PROJECT/1_JAM/New folder/Creative_jam_2020/creativejam/Saved/NewAnimBlueprintFB76B97E42F135ED0E627E8208BB15AF.tmp' to 'C:/Users/Nathanael/Documents/08_UNREAL_PROJECT/1_JAM/New folder/Creative_jam_2020/creativejam/Content/RiggedBaby_Assets_-_Copy/NewAnimBlueprint.uasset'
[2020.09.06-17.40.59:364][353]AssetCheck: New page: Asset Save: NewAnimBlueprint
[2020.09.06-17.40.59:364][353]LogContentValidation: Display: Validating AnimBlueprint /Game/RiggedBaby_Assets_-_Copy/NewAnimBlueprint.NewAnimBlueprint
[2020.09.06-17.41.21:127][820]BlueprintLog: New page: Compile NewAnimBlueprint
[2020.09.06-17.41.21:161][820]LogUObjectHash: Compacting FUObjectHashTables data took   2.27ms
[2020.09.06-17.41.21:667][865]LogSavePackage: Moving 'C:/Users/Nathanael/Documents/08_UNREAL_PROJECT/1_JAM/New folder/Creative_jam_2020/creativejam/Saved/NewAnimBlueprint007985D04782A362E1AC3E9882F88137.tmp' to 'C:/Users/Nathanael/Documents/08_UNREAL_PROJECT/1_JAM/New folder/Creative_jam_2020/creativejam/Content/RiggedBaby_Assets_-_Copy/NewAnimBlueprint.uasset'
[2020.09.06-17.41.21:677][865]AssetCheck: New page: Asset Save: NewAnimBlueprint
[2020.09.06-17.41.21:677][865]LogContentValidation: Display: Validating AnimBlueprint /Game/RiggedBaby_Assets_-_Copy/NewAnimBlueprint.NewAnimBlueprint
[2020.09.06-17.42.21:537][550]BlueprintLog: New page: Compile NewAnimBlueprint
[2020.09.06-17.42.21:577][550]LogUObjectHash: Compacting FUObjectHashTables data took   2.08ms
[2020.09.06-17.42.22:073][590]LogSavePackage: Moving 'C:/Users/Nathanael/Documents/08_UNREAL_PROJECT/1_JAM/New folder/Creative_jam_2020/creativejam/Saved/NewAnimBlueprint8E8031E84C2C20D959F931846885F4B9.tmp' to 'C:/Users/Nathanael/Documents/08_UNREAL_PROJECT/1_JAM/New folder/Creative_jam_2020/creativejam/Content/RiggedBaby_Assets_-_Copy/NewAnimBlueprint.uasset'
[2020.09.06-17.42.22:084][590]AssetCheck: New page: Asset Save: NewAnimBlueprint
[2020.09.06-17.42.22:084][590]LogContentValidation: Display: Validating AnimBlueprint /Game/RiggedBaby_Assets_-_Copy/NewAnimBlueprint.NewAnimBlueprint
[2020.09.06-17.42.35:590][129]BlueprintLog: New page: Compile NewAnimBlueprint
[2020.09.06-17.42.35:628][129]LogUObjectHash: Compacting FUObjectHashTables data took   2.13ms
[2020.09.06-17.42.36:188][177]LogSavePackage: Moving 'C:/Users/Nathanael/Documents/08_UNREAL_PROJECT/1_JAM/New folder/Creative_jam_2020/creativejam/Saved/NewAnimBlueprintABB47B124A96FF829234AD81913D7EF1.tmp' to 'C:/Users/Nathanael/Documents/08_UNREAL_PROJECT/1_JAM/New folder/Creative_jam_2020/creativejam/Content/RiggedBaby_Assets_-_Copy/NewAnimBlueprint.uasset'
[2020.09.06-17.42.36:199][177]AssetCheck: New page: Asset Save: NewAnimBlueprint
[2020.09.06-17.42.36:199][177]LogContentValidation: Display: Validating AnimBlueprint /Game/RiggedBaby_Assets_-_Copy/NewAnimBlueprint.NewAnimBlueprint
[2020.09.06-17.42.57:971][695]Candidate modules for hot reload:
[2020.09.06-17.42.57:971][695]  creativejam
[2020.09.06-17.42.57:972][695]Launching UnrealBuildTool... [E:/EpicGames/UE_4.25/Engine/Binaries/DotNET/UnrealBuildTool.exe  -ModuleWithSuffix=creativejam,2267 creativejamEditor Win64 Development -Project="C:/Users/Nathanael/Documents/08_UNREAL_PROJECT/1_JAM/New folder/Creative_jam_2020/creativejam/creativejam.uproject" "C:/Users/Nathanael/Documents/08_UNREAL_PROJECT/1_JAM/New folder/Creative_jam_2020/creativejam/creativejam.uproject"  -IgnoreJunk]
[2020.09.06-17.42.57:978][695]Warning: Starting HotReload took  0.0s.
[2020.09.06-17.42.59:571][841]CompilerResultsLog: New page: Compilation - 6 sept. 2020 09 h 42 min 59 s
[2020.09.06-17.42.59:571][841]CompilerResultsLog: Using 'git status' to determine working set for adaptive non-unity build (C:\Users\Nathanael\Documents\08_UNREAL_PROJECT\1_JAM\New folder\Creative_jam_2020).
[2020.09.06-17.42.59:571][841]CompilerResultsLog: Building creativejamEditor...
[2020.09.06-17.42.59:571][841]CompilerResultsLog: Using Visual Studio 2019 14.27.29111 toolchain (C:\Program Files (x86)\Microsoft Visual Studio\2019\Community\VC\Tools\MSVC\14.27.29110) and Windows 10.0.18362.0 SDK (C:\Program Files (x86)\Windows Kits\10).
[2020.09.06-17.42.59:571][841]CompilerResultsLog: Building 3 actions with 12 processes...
[2020.09.06-17.42.59:571][841]CompilerResultsLog:   [1/3] UE4Editor-creativejam-2267.lib
[2020.09.06-17.42.59:571][841]CompilerResultsLog:      Cr?ation de la biblioth?que C:\Users\Nathanael\Documents\08_UNREAL_PROJECT\1_JAM\New folder\Creative_jam_2020\creativejam\Intermediate\Build\Win64\UE4Editor\Development\creativejam\UE4Editor-creativejam-2267.lib et de l'objet C:\Users\Nathanael\Documents\08_UNREAL_PROJECT\1_JAM\New folder\Creative_jam_2020\creativejam\Intermediate\Build\Win64\UE4Editor\Development\creativejam\UE4Editor-creativejam-2267.exp
[2020.09.06-17.42.59:571][841]CompilerResultsLog:   [2/3] UE4Editor-creativejam-2267.dll
[2020.09.06-17.42.59:571][841]CompilerResultsLog:      Cr?ation de la biblioth?que C:\Users\Nathanael\Documents\08_UNREAL_PROJECT\1_JAM\New folder\Creative_jam_2020\creativejam\Intermediate\Build\Win64\UE4Editor\Development\creativejam\UE4Editor-creativejam-2267.suppressed.lib et de l'objet C:\Users\Nathanael\Documents\08_UNREAL_PROJECT\1_JAM\New folder\Creative_jam_2020\creativejam\Intermediate\Build\Win64\UE4Editor\Development\creativejam\UE4Editor-creativejam-2267.suppressed.exp
[2020.09.06-17.42.59:571][841]CompilerResultsLog:   [3/3] creativejamEditor.target
[2020.09.06-17.42.59:571][841]CompilerResultsLog: Total time in Parallel executor: 0,89 seconds
[2020.09.06-17.42.59:571][841]CompilerResultsLog: Total execution time: 1,50 seconds
[2020.09.06-17.42.59:571][841]LogMainFrame: MainFrame: Module compiling took 1.602 seconds
[2020.09.06-17.42.59:633][841]LogClass: DestructibleData HotReload.
[2020.09.06-17.42.59:641][841]LogContentBrowser: Native class hierarchy updated for 'creativejam' in 0.0004 seconds. Added 6 classes and 2 folders.
[2020.09.06-17.42.59:643][841]Display: HotReload successful (6 functions remapped  1 scriptstructs remapped)
[2020.09.06-17.42.59:701][841]LogContentBrowser: Native class hierarchy populated in 0.0073 seconds. Added 3434 classes and 825 folders.
[2020.09.06-17.42.59:707][841]Display: HotReload took  1.7s.
[2020.09.06-17.43.03:201][223]LogTemp: Repeating last play command: Selected Viewport
[2020.09.06-17.43.03:221][223]LogPlayLevel: PlayLevel: No blueprints needed recompiling
[2020.09.06-17.43.03:222][223]PIE: New page: PIE session: FirstPersonExampleMap (6 sept. 2020 09 h 43 min 03 s)
[2020.09.06-17.43.03:222][223]LogOnline: OSS: Creating online subsystem instance for: NULL
[2020.09.06-17.43.03:223][223]LogOnline: OSS: TryLoadSubsystemAndSetDefault: Loaded subsystem for module [NULL]
[2020.09.06-17.43.03:223][223]LogPlayLevel: Creating play world package: /Game/FirstPersonCPP/Maps/UEDPIE_0_FirstPersonExampleMap
[2020.09.06-17.43.03:243][223]LogPlayLevel: PIE: StaticDuplicateObject took: (0.020988s)
[2020.09.06-17.43.03:244][223]LogAIModule: Creating AISystem for world FirstPersonExampleMap
[2020.09.06-17.43.03:245][223]LogAISub: UAISubsystem::UAISubsystem EnvQueryManager (000001ADA3BD3E00), frame # 46223
[2020.09.06-17.43.03:245][223]LogAISub: UAISubsystem::UAISubsystem AIPerceptionSystem (000001ADA3C11D00), frame # 46223
[2020.09.06-17.43.03:245][223]LogPlayLevel: PIE: World Init took: (0.001335s)
[2020.09.06-17.43.03:245][223]LogPlayLevel: PIE: Created PIE world by copying editor world from /Game/FirstPersonCPP/Maps/FirstPersonExampleMap.FirstPersonExampleMap to /Game/FirstPersonCPP/Maps/UEDPIE_0_FirstPersonExampleMap.FirstPersonExampleMap (0.022490s)
[2020.09.06-17.43.03:286][223]LogUObjectHash: Compacting FUObjectHashTables data took   2.81ms
[2020.09.06-17.43.03:287][223]LogAudioMixer: Display: Audio Mixer Platform Settings:
[2020.09.06-17.43.03:287][223]LogAudioMixer: Display: 	Sample Rate:						  48000
[2020.09.06-17.43.03:287][223]LogAudioMixer: Display: 	Callback Buffer Frame Size Requested: 1024
[2020.09.06-17.43.03:287][223]LogAudioMixer: Display: 	Callback Buffer Frame Size To Use:	  1024
[2020.09.06-17.43.03:287][223]LogAudioMixer: Display: 	Number of buffers to queue:			  2
[2020.09.06-17.43.03:287][223]LogAudioMixer: Display: 	Max Channels (voices):				  32
[2020.09.06-17.43.03:287][223]LogAudioMixer: Display: 	Number of Async Source Workers:		  0
[2020.09.06-17.43.03:287][223]LogAudio: Display: AudioDevice MaxSources: 32
[2020.09.06-17.43.03:288][223]LogAudio: Display: Using built-in audio occlusion.
[2020.09.06-17.43.03:288][223]LogAudioMixer: Display: Initializing audio mixer.
[2020.09.06-17.43.03:304][223]LogAudioMixer: Display: 0: FrontLeft
[2020.09.06-17.43.03:304][223]LogAudioMixer: Display: 1: FrontRight
[2020.09.06-17.43.03:331][223]LogAudioMixer: Display: Using Audio Device VoiceMeeter Input (VB-Audio VoiceMeeter VAIO)
[2020.09.06-17.43.03:331][223]LogAudioMixer: Display: Initializing Sound Submixes...
[2020.09.06-17.43.03:331][223]LogAudioMixer: Display: Creating Master Submix 'MasterSubmixDefault'
[2020.09.06-17.43.03:331][223]LogAudioMixer: Display: Creating Master Submix 'MasterReverbSubmixDefault'
[2020.09.06-17.43.03:331][223]LogAudioMixer: Display: Creating Master Submix 'MasterEQSubmixDefault'
[2020.09.06-17.43.03:342][223]LogInit: FAudioDevice initialized.
[2020.09.06-17.43.03:353][223]LogLoad: Game class is 'creativejamGameMode'
[2020.09.06-17.43.03:357][223]LogWorld: Bringing World /Game/FirstPersonCPP/Maps/UEDPIE_0_FirstPersonExampleMap.FirstPersonExampleMap up for play (max tick rate 0) at 2020.09.06-13.43.03
[2020.09.06-17.43.03:357][223]LogWorld: Bringing up level for play took: 0.003679
[2020.09.06-17.43.03:358][223]LogOnline: OSS: Creating online subsystem instance for: :Context_25
[2020.09.06-17.43.03:381][223]LogContentBrowser: Native class hierarchy updated for 'MovieSceneCapture' in 0.0003 seconds. Added 20 classes and 0 folders.
[2020.09.06-17.43.03:392][223]PIE: Server logged in
[2020.09.06-17.43.03:393][223]PIE: Play in editor total start time 0,177 seconds.
[2020.09.06-17.43.04:997][377]LogSlate: Updating window title bar state: overlay mode, drag disabled, window buttons hidden, title bar hidden
[2020.09.06-17.43.04:997][377]LogWorld: BeginTearingDown for /Game/FirstPersonCPP/Maps/UEDPIE_0_FirstPersonExampleMap
[2020.09.06-17.43.04:997][377]LogWorld: UWorld::CleanupWorld for FirstPersonExampleMap, bSessionEnded=true, bCleanupResources=true
[2020.09.06-17.43.04:998][377]LogSlate: InvalidateAllWidgets triggered.  All widgets were invalidated
[2020.09.06-17.43.05:009][377]LogPlayLevel: Display: Shutting down PIE online subsystems
[2020.09.06-17.43.05:012][377]LogSlate: InvalidateAllWidgets triggered.  All widgets were invalidated
[2020.09.06-17.43.05:053][377]LogSlate: Updating window title bar state: overlay mode, drag disabled, window buttons hidden, title bar hidden
[2020.09.06-17.43.05:055][377]LogAISub: UAISubsystem::~UAISubsystem AIPerceptionSystem (000001ADA3C11D00), frame # 46377
[2020.09.06-17.43.05:055][377]LogAISub: UAISubsystem::~UAISubsystem EnvQueryManager (000001ADA3BD3E00), frame # 46377
[2020.09.06-17.43.05:083][377]LogUObjectHash: Compacting FUObjectHashTables data took   3.55ms
[2020.09.06-17.43.05:120][378]LogPlayLevel: Display: Destroying online subsystem :Context_25
[2020.09.06-17.43.12:747][233]LogAssetEditorSubsystem: Opening Asset editor for Blueprint /Game/FirstPersonCPP/Blueprints/FirstPersonCharacter.FirstPersonCharacter
[2020.09.06-17.43.15:322][429]LogRenderer: Reallocating scene render targets to support 1016x700 Format 10 NumSamples 1 (Frame:1).
[2020.09.06-17.43.28:955][958]BlueprintLog: New page: Compile FirstPersonCharacter
[2020.09.06-17.43.29:018][958]LogUObjectHash: Compacting FUObjectHashTables data took   2.48ms
[2020.09.06-17.43.31:769][264]LogSavePackage: Moving 'C:/Users/Nathanael/Documents/08_UNREAL_PROJECT/1_JAM/New folder/Creative_jam_2020/creativejam/Saved/FirstPersonCharacter648D7A1C40A845CBE856A8B99720C3F4.tmp' to 'C:/Users/Nathanael/Documents/08_UNREAL_PROJECT/1_JAM/New folder/Creative_jam_2020/creativejam/Content/FirstPersonCPP/Blueprints/FirstPersonCharacter.uasset'
[2020.09.06-17.43.31:785][264]AssetCheck: New page: Asset Save: FirstPersonCharacter
[2020.09.06-17.43.31:785][264]LogContentValidation: Display: Validating Blueprint /Game/FirstPersonCPP/Blueprints/FirstPersonCharacter.FirstPersonCharacter
[2020.09.06-17.43.35:674][713]LogTemp: Repeating last play command: Selected Viewport
[2020.09.06-17.43.35:690][713]LogPlayLevel: PlayLevel: No blueprints needed recompiling
[2020.09.06-17.43.35:690][713]PIE: New page: PIE session: FirstPersonExampleMap (6 sept. 2020 09 h 43 min 35 s)
[2020.09.06-17.43.35:726][713]LogPlayLevel: Creating play world package: /Game/FirstPersonCPP/Maps/UEDPIE_0_FirstPersonExampleMap
[2020.09.06-17.43.35:741][713]LogPlayLevel: PIE: StaticDuplicateObject took: (0.014601s)
[2020.09.06-17.43.35:742][713]LogAIModule: Creating AISystem for world FirstPersonExampleMap
[2020.09.06-17.43.35:742][713]LogAISub: UAISubsystem::UAISubsystem EnvQueryManager (000001ADF42F7E00), frame # 49713
[2020.09.06-17.43.35:742][713]LogAISub: UAISubsystem::UAISubsystem AIPerceptionSystem (000001AD8D1156C0), frame # 49713
[2020.09.06-17.43.35:742][713]LogPlayLevel: PIE: World Init took: (0.000855s)
[2020.09.06-17.43.35:742][713]LogPlayLevel: PIE: Created PIE world by copying editor world from /Game/FirstPersonCPP/Maps/FirstPersonExampleMap.FirstPersonExampleMap to /Game/FirstPersonCPP/Maps/UEDPIE_0_FirstPersonExampleMap.FirstPersonExampleMap (0.015594s)
[2020.09.06-17.43.35:770][713]LogUObjectHash: Compacting FUObjectHashTables data took   4.39ms
[2020.09.06-17.43.35:772][713]LogAudioMixer: Display: Audio Mixer Platform Settings:
[2020.09.06-17.43.35:772][713]LogAudioMixer: Display: 	Sample Rate:						  48000
[2020.09.06-17.43.35:772][713]LogAudioMixer: Display: 	Callback Buffer Frame Size Requested: 1024
[2020.09.06-17.43.35:772][713]LogAudioMixer: Display: 	Callback Buffer Frame Size To Use:	  1024
[2020.09.06-17.43.35:772][713]LogAudioMixer: Display: 	Number of buffers to queue:			  2
[2020.09.06-17.43.35:773][713]LogAudioMixer: Display: 	Max Channels (voices):				  32
[2020.09.06-17.43.35:773][713]LogAudioMixer: Display: 	Number of Async Source Workers:		  0
[2020.09.06-17.43.35:773][713]LogAudio: Display: AudioDevice MaxSources: 32
[2020.09.06-17.43.35:773][713]LogAudio: Display: Using built-in audio occlusion.
[2020.09.06-17.43.35:773][713]LogAudioMixer: Display: Initializing audio mixer.
[2020.09.06-17.43.35:791][713]LogAudioMixer: Display: 0: FrontLeft
[2020.09.06-17.43.35:791][713]LogAudioMixer: Display: 1: FrontRight
[2020.09.06-17.43.35:814][713]LogAudioMixer: Display: Using Audio Device VoiceMeeter Input (VB-Audio VoiceMeeter VAIO)
[2020.09.06-17.43.35:815][713]LogAudioMixer: Display: Initializing Sound Submixes...
[2020.09.06-17.43.35:815][713]LogAudioMixer: Display: Creating Master Submix 'MasterSubmixDefault'
[2020.09.06-17.43.35:815][713]LogAudioMixer: Display: Creating Master Submix 'MasterReverbSubmixDefault'
[2020.09.06-17.43.35:815][713]LogAudioMixer: Display: Creating Master Submix 'MasterEQSubmixDefault'
[2020.09.06-17.43.35:826][713]LogInit: FAudioDevice initialized.
[2020.09.06-17.43.35:836][713]LogLoad: Game class is 'creativejamGameMode'
[2020.09.06-17.43.35:840][713]LogWorld: Bringing World /Game/FirstPersonCPP/Maps/UEDPIE_0_FirstPersonExampleMap.FirstPersonExampleMap up for play (max tick rate 0) at 2020.09.06-13.43.35
[2020.09.06-17.43.35:840][713]LogWorld: Bringing up level for play took: 0.003351
[2020.09.06-17.43.35:840][713]LogOnline: OSS: Creating online subsystem instance for: :Context_28
[2020.09.06-17.43.35:853][713]PIE: Server logged in
[2020.09.06-17.43.35:853][713]PIE: Play in editor total start time 0,164 seconds.
[2020.09.06-17.44.02:188][865]LogSlate: Updating window title bar state: overlay mode, drag disabled, window buttons hidden, title bar hidden
[2020.09.06-17.44.02:188][865]LogWorld: BeginTearingDown for /Game/FirstPersonCPP/Maps/UEDPIE_0_FirstPersonExampleMap
[2020.09.06-17.44.02:188][865]LogWorld: UWorld::CleanupWorld for FirstPersonExampleMap, bSessionEnded=true, bCleanupResources=true
[2020.09.06-17.44.02:189][865]LogSlate: InvalidateAllWidgets triggered.  All widgets were invalidated
[2020.09.06-17.44.02:194][865]LogPlayLevel: Display: Shutting down PIE online subsystems
[2020.09.06-17.44.02:198][865]LogSlate: InvalidateAllWidgets triggered.  All widgets were invalidated
[2020.09.06-17.44.02:235][865]LogSlate: Updating window title bar state: overlay mode, drag disabled, window buttons hidden, title bar hidden
[2020.09.06-17.44.02:236][865]LogAISub: UAISubsystem::~UAISubsystem AIPerceptionSystem (000001AD8D1156C0), frame # 52865
[2020.09.06-17.44.02:236][865]LogAISub: UAISubsystem::~UAISubsystem EnvQueryManager (000001ADF42F7E00), frame # 52865
[2020.09.06-17.44.02:238][865]LogUObjectHash: Compacting FUObjectHashTables data took   1.92ms
[2020.09.06-17.44.02:270][866]LogPlayLevel: Display: Destroying online subsystem :Context_28
[2020.09.06-17.44.33:043][106]LogAssetEditorSubsystem: Opening Asset editor for Blueprint /Game/BP/BP_FlowerPot.BP_FlowerPot
[2020.09.06-18.01.53:911][990]LogHotReload: New module detected: UE4Editor-creativejam-0013.dll
[2020.09.06-18.01.54:605][993]LogHotReload: Starting Hot-Reload from IDE
[2020.09.06-18.01.54:695][993]LogClass: Could not find existing class creativejamCharacter in package /Script/creativejam for HotReload, assuming new class
[2020.09.06-18.01.54:696][993]LogClass: Function SetKickSpeed is new.
[2020.09.06-18.01.54:696][993]LogClass: Function SetPunchSpeed is new.
[2020.09.06-18.01.54:705][993]LogClass: DestructibleData HotReload.
[2020.09.06-18.01.54:705][993]LogOutputDevice: Warning: 

Script Stack (0 frames):

[2020.09.06-18.01.54:706][993]LogWindows: Windows GetLastError: The operation completed successfully. (0)
[2020.09.06-18.01.56:667][993]LogWindows: Error: === Critical error: ===
[2020.09.06-18.01.56:667][993]LogWindows: Error: 
[2020.09.06-18.01.56:667][993]LogWindows: Error: Fatal error: [File:D:/Build/++UE4+Licensee/Sync/Engine/Source/Runtime/CoreUObject/Private/UObject/UObjectGlobals.cpp] [Line: 3281] 
[2020.09.06-18.01.56:667][993]LogWindows: Error: Bad path name: AnimSequence'/Game/RiggedBaby_Assets_-_Copy/animations/punches1.punches1, missing ' or an incorrect format
[2020.09.06-18.01.56:667][993]LogWindows: Error: 
[2020.09.06-18.01.56:667][993]LogWindows: Error: 
[2020.09.06-18.01.56:667][993]LogWindows: Error: [Callstack] 0x00007ffed6fda719 KERNELBASE.dll!UnknownFunction []
[2020.09.06-18.01.56:667][993]LogWindows: Error: [Callstack] 0x00007ffe793ae9e6 UE4Editor-Core.dll!UnknownFunction []
[2020.09.06-18.01.56:667][993]LogWindows: Error: [Callstack] 0x00007ffe793b1dc8 UE4Editor-Core.dll!UnknownFunction []
[2020.09.06-18.01.56:667][993]LogWindows: Error: [Callstack] 0x00007ffe7913e53d UE4Editor-Core.dll!UnknownFunction []
[2020.09.06-18.01.56:667][993]LogWindows: Error: [Callstack] 0x00007ffeabf4500a UE4Editor-CoreUObject.dll!UnknownFunction []
[2020.09.06-18.01.56:667][993]LogWindows: Error: [Callstack] 0x00007ffe48783b33 UE4Editor-creativejam-0013.dll!AcreativejamCharacter::AcreativejamCharacter() [C:\Users\Nathanael\Documents\08_UNREAL_PROJECT\1_JAM\New folder\Creative_jam_2020\creativejam\Source\creativejam\creativejamCharacter.cpp:66]
[2020.09.06-18.01.56:667][993]LogWindows: Error: [Callstack] 0x00007ffeabc9c223 UE4Editor-CoreUObject.dll!UnknownFunction []
[2020.09.06-18.01.56:667][993]LogWindows: Error: [Callstack] 0x00007ffeabf48481 UE4Editor-CoreUObject.dll!UnknownFunction []
[2020.09.06-18.01.56:667][993]LogWindows: Error: [Callstack] 0x00007ffeabf25bef UE4Editor-CoreUObject.dll!UnknownFunction []
[2020.09.06-18.01.56:667][993]LogWindows: Error: [Callstack] 0x00007ffeabe443d5 UE4Editor-CoreUObject.dll!UnknownFunction []
[2020.09.06-18.01.56:667][993]LogWindows: Error: [Callstack] 0x00007ffe7917987a UE4Editor-Core.dll!UnknownFunction []
[2020.09.06-18.01.56:667][993]LogWindows: Error: [Callstack] 0x00007ffe79199a00 UE4Editor-Core.dll!UnknownFunction []
[2020.09.06-18.01.56:667][993]LogWindows: Error: [Callstack] 0x00007ffe79198b18 UE4Editor-Core.dll!UnknownFunction []
[2020.09.06-18.01.56:667][993]LogWindows: Error: [Callstack] 0x00007ffe5207b9b2 UE4Editor-HotReload.dll!UnknownFunction []
[2020.09.06-18.01.56:667][993]LogWindows: Error: [Callstack] 0x00007ffe5207b708 UE4Editor-HotReload.dll!UnknownFunction []
[2020.09.06-18.01.56:667][993]LogWindows: Error: [Callstack] 0x00007ffe5208c3e1 UE4Editor-HotReload.dll!UnknownFunction []
[2020.09.06-18.01.56:667][993]LogWindows: Error: [Callstack] 0x00007ffe78efd0a9 UE4Editor-Core.dll!UnknownFunction []
[2020.09.06-18.01.56:667][993]LogWindows: Error: [Callstack] 0x00007ff7bb83a213 UE4Editor.exe!UnknownFunction []
[2020.09.06-18.01.56:667][993]LogWindows: Error: [Callstack] 0x00007ff7bb84ba7c UE4Editor.exe!UnknownFunction []
[2020.09.06-18.01.56:667][993]LogWindows: Error: [Callstack] 0x00007ff7bb84bb5a UE4Editor.exe!UnknownFunction []
[2020.09.06-18.01.56:667][993]LogWindows: Error: [Callstack] 0x00007ff7bb85e31d UE4Editor.exe!UnknownFunction []
[2020.09.06-18.01.56:667][993]LogWindows: Error: [Callstack] 0x00007ff7bb86145a UE4Editor.exe!UnknownFunction []
[2020.09.06-18.01.56:667][993]LogWindows: Error: [Callstack] 0x00007ffed8467bd4 KERNEL32.DLL!UnknownFunction []
[2020.09.06-18.01.56:667][993]LogWindows: Error: [Callstack] 0x00007ffed9e0ce51 ntdll.dll!UnknownFunction []
[2020.09.06-18.01.56:667][993]LogWindows: Error: 
[2020.09.06-18.01.56:682][993]LogExit: Executing StaticShutdownAfterError
[2020.09.06-18.01.56:686][993]LogWindows: FPlatformMisc::RequestExit(1)
[2020.09.06-18.01.56:686][993]LogCore: Engine exit requested (reason: Win RequestExit)
[2020.09.06-18.01.56:698][993]Log file closed, 09/06/20 14:01:56
